ERROR - 2021-04-25 09:57:14 --> mysqli_sql_exception: You have an error in your SQL syntax; check the manual that corresponds to your MariaDB server version for the right syntax to use near 'SELECT YEAR(tanggal_mulai) AS tahun FROM tb_kontrak GROUP BY YEAR(tanggal_mul...' at line 1 in C:\xampp\htdocs\Web-Hr\system\Database\MySQLi\Connection.php:314
Stack trace:
#0 C:\xampp\htdocs\Web-Hr\system\Database\MySQLi\Connection.php(314): mysqli->query('SELECT SELECT Y...')
#1 C:\xampp\htdocs\Web-Hr\system\Database\BaseConnection.php(713): CodeIgniter\Database\MySQLi\Connection->execute('SELECT SELECT Y...')
#2 C:\xampp\htdocs\Web-Hr\system\Database\BaseConnection.php(641): CodeIgniter\Database\BaseConnection->simpleQuery('SELECT SELECT Y...')
#3 C:\xampp\htdocs\Web-Hr\system\Database\BaseBuilder.php(1866): CodeIgniter\Database\BaseConnection->query('SELECT SELECT Y...', Array, false)
#4 C:\xampp\htdocs\Web-Hr\app\Models\ModelKontrak.php(48): CodeIgniter\Database\BaseBuilder->get()
#5 C:\xampp\htdocs\Web-Hr\app\Controllers\Kontrak.php(21): App\Models\ModelKontrak->getTahun()
#6 C:\xampp\htdocs\Web-Hr\system\CodeIgniter.php(936): App\Controllers\Kontrak->index()
#7 C:\xampp\htdocs\Web-Hr\system\CodeIgniter.php(432): CodeIgniter\CodeIgniter->runController(Object(App\Controllers\Kontrak))
#8 C:\xampp\htdocs\Web-Hr\system\CodeIgniter.php(333): CodeIgniter\CodeIgniter->handleRequest(NULL, Object(Config\Cache), false)
#9 C:\xampp\htdocs\Web-Hr\public\index.php(44): CodeIgniter\CodeIgniter->run()
#10 C:\xampp\htdocs\Web-Hr\system\Commands\Server\rewrite.php(45): require_once('C:\\xampp\\htdocs...')
#11 {main}
CRITICAL - 2021-04-25 09:57:14 --> You have an error in your SQL syntax; check the manual that corresponds to your MariaDB server version for the right syntax to use near 'SELECT YEAR(tanggal_mulai) AS tahun FROM tb_kontrak GROUP BY YEAR(tanggal_mul...' at line 1
#0 C:\xampp\htdocs\Web-Hr\system\Database\MySQLi\Connection.php(314): mysqli->query('SELECT SELECT Y...')
#1 C:\xampp\htdocs\Web-Hr\system\Database\BaseConnection.php(713): CodeIgniter\Database\MySQLi\Connection->execute('SELECT SELECT Y...')
#2 C:\xampp\htdocs\Web-Hr\system\Database\BaseConnection.php(641): CodeIgniter\Database\BaseConnection->simpleQuery('SELECT SELECT Y...')
#3 C:\xampp\htdocs\Web-Hr\system\Database\BaseBuilder.php(1866): CodeIgniter\Database\BaseConnection->query('SELECT SELECT Y...', Array, false)
#4 C:\xampp\htdocs\Web-Hr\app\Models\ModelKontrak.php(48): CodeIgniter\Database\BaseBuilder->get()
#5 C:\xampp\htdocs\Web-Hr\app\Controllers\Kontrak.php(21): App\Models\ModelKontrak->getTahun()
#6 C:\xampp\htdocs\Web-Hr\system\CodeIgniter.php(936): App\Controllers\Kontrak->index()
#7 C:\xampp\htdocs\Web-Hr\system\CodeIgniter.php(432): CodeIgniter\CodeIgniter->runController(Object(App\Controllers\Kontrak))
#8 C:\xampp\htdocs\Web-Hr\system\CodeIgniter.php(333): CodeIgniter\CodeIgniter->handleRequest(NULL, Object(Config\Cache), false)
#9 C:\xampp\htdocs\Web-Hr\public\index.php(44): CodeIgniter\CodeIgniter->run()
#10 C:\xampp\htdocs\Web-Hr\system\Commands\Server\rewrite.php(45): require_once('C:\\xampp\\htdocs...')
#11 {main}
ERROR - 2021-04-25 09:57:15 --> mysqli_sql_exception: You have an error in your SQL syntax; check the manual that corresponds to your MariaDB server version for the right syntax to use near 'SELECT YEAR(tanggal_mulai) AS tahun FROM tb_kontrak GROUP BY YEAR(tanggal_mul...' at line 1 in C:\xampp\htdocs\Web-Hr\system\Database\MySQLi\Connection.php:314
Stack trace:
#0 C:\xampp\htdocs\Web-Hr\system\Database\MySQLi\Connection.php(314): mysqli->query('SELECT SELECT Y...')
#1 C:\xampp\htdocs\Web-Hr\system\Database\BaseConnection.php(713): CodeIgniter\Database\MySQLi\Connection->execute('SELECT SELECT Y...')
#2 C:\xampp\htdocs\Web-Hr\system\Database\BaseConnection.php(641): CodeIgniter\Database\BaseConnection->simpleQuery('SELECT SELECT Y...')
#3 C:\xampp\htdocs\Web-Hr\system\Database\BaseBuilder.php(1866): CodeIgniter\Database\BaseConnection->query('SELECT SELECT Y...', Array, false)
#4 C:\xampp\htdocs\Web-Hr\app\Models\ModelKontrak.php(48): CodeIgniter\Database\BaseBuilder->get()
#5 C:\xampp\htdocs\Web-Hr\app\Controllers\Kontrak.php(21): App\Models\ModelKontrak->getTahun()
#6 C:\xampp\htdocs\Web-Hr\system\CodeIgniter.php(936): App\Controllers\Kontrak->index()
#7 C:\xampp\htdocs\Web-Hr\system\CodeIgniter.php(432): CodeIgniter\CodeIgniter->runController(Object(App\Controllers\Kontrak))
#8 C:\xampp\htdocs\Web-Hr\system\CodeIgniter.php(333): CodeIgniter\CodeIgniter->handleRequest(NULL, Object(Config\Cache), false)
#9 C:\xampp\htdocs\Web-Hr\public\index.php(44): CodeIgniter\CodeIgniter->run()
#10 C:\xampp\htdocs\Web-Hr\system\Commands\Server\rewrite.php(45): require_once('C:\\xampp\\htdocs...')
#11 {main}
CRITICAL - 2021-04-25 09:57:15 --> You have an error in your SQL syntax; check the manual that corresponds to your MariaDB server version for the right syntax to use near 'SELECT YEAR(tanggal_mulai) AS tahun FROM tb_kontrak GROUP BY YEAR(tanggal_mul...' at line 1
#0 C:\xampp\htdocs\Web-Hr\system\Database\MySQLi\Connection.php(314): mysqli->query('SELECT SELECT Y...')
#1 C:\xampp\htdocs\Web-Hr\system\Database\BaseConnection.php(713): CodeIgniter\Database\MySQLi\Connection->execute('SELECT SELECT Y...')
#2 C:\xampp\htdocs\Web-Hr\system\Database\BaseConnection.php(641): CodeIgniter\Database\BaseConnection->simpleQuery('SELECT SELECT Y...')
#3 C:\xampp\htdocs\Web-Hr\system\Database\BaseBuilder.php(1866): CodeIgniter\Database\BaseConnection->query('SELECT SELECT Y...', Array, false)
#4 C:\xampp\htdocs\Web-Hr\app\Models\ModelKontrak.php(48): CodeIgniter\Database\BaseBuilder->get()
#5 C:\xampp\htdocs\Web-Hr\app\Controllers\Kontrak.php(21): App\Models\ModelKontrak->getTahun()
#6 C:\xampp\htdocs\Web-Hr\system\CodeIgniter.php(936): App\Controllers\Kontrak->index()
#7 C:\xampp\htdocs\Web-Hr\system\CodeIgniter.php(432): CodeIgniter\CodeIgniter->runController(Object(App\Controllers\Kontrak))
#8 C:\xampp\htdocs\Web-Hr\system\CodeIgniter.php(333): CodeIgniter\CodeIgniter->handleRequest(NULL, Object(Config\Cache), false)
#9 C:\xampp\htdocs\Web-Hr\public\index.php(44): CodeIgniter\CodeIgniter->run()
#10 C:\xampp\htdocs\Web-Hr\system\Commands\Server\rewrite.php(45): require_once('C:\\xampp\\htdocs...')
#11 {main}
ERROR - 2021-04-25 09:57:17 --> mysqli_sql_exception: You have an error in your SQL syntax; check the manual that corresponds to your MariaDB server version for the right syntax to use near 'SELECT YEAR(tanggal_mulai) AS tahun FROM tb_kontrak GROUP BY YEAR(tanggal_mul...' at line 1 in C:\xampp\htdocs\Web-Hr\system\Database\MySQLi\Connection.php:314
Stack trace:
#0 C:\xampp\htdocs\Web-Hr\system\Database\MySQLi\Connection.php(314): mysqli->query('SELECT SELECT Y...')
#1 C:\xampp\htdocs\Web-Hr\system\Database\BaseConnection.php(713): CodeIgniter\Database\MySQLi\Connection->execute('SELECT SELECT Y...')
#2 C:\xampp\htdocs\Web-Hr\system\Database\BaseConnection.php(641): CodeIgniter\Database\BaseConnection->simpleQuery('SELECT SELECT Y...')
#3 C:\xampp\htdocs\Web-Hr\system\Database\BaseBuilder.php(1866): CodeIgniter\Database\BaseConnection->query('SELECT SELECT Y...', Array, false)
#4 C:\xampp\htdocs\Web-Hr\app\Models\ModelKontrak.php(48): CodeIgniter\Database\BaseBuilder->get()
#5 C:\xampp\htdocs\Web-Hr\app\Controllers\Kontrak.php(21): App\Models\ModelKontrak->getTahun()
#6 C:\xampp\htdocs\Web-Hr\system\CodeIgniter.php(936): App\Controllers\Kontrak->index()
#7 C:\xampp\htdocs\Web-Hr\system\CodeIgniter.php(432): CodeIgniter\CodeIgniter->runController(Object(App\Controllers\Kontrak))
#8 C:\xampp\htdocs\Web-Hr\system\CodeIgniter.php(333): CodeIgniter\CodeIgniter->handleRequest(NULL, Object(Config\Cache), false)
#9 C:\xampp\htdocs\Web-Hr\public\index.php(44): CodeIgniter\CodeIgniter->run()
#10 C:\xampp\htdocs\Web-Hr\system\Commands\Server\rewrite.php(45): require_once('C:\\xampp\\htdocs...')
#11 {main}
CRITICAL - 2021-04-25 09:57:17 --> You have an error in your SQL syntax; check the manual that corresponds to your MariaDB server version for the right syntax to use near 'SELECT YEAR(tanggal_mulai) AS tahun FROM tb_kontrak GROUP BY YEAR(tanggal_mul...' at line 1
#0 C:\xampp\htdocs\Web-Hr\system\Database\MySQLi\Connection.php(314): mysqli->query('SELECT SELECT Y...')
#1 C:\xampp\htdocs\Web-Hr\system\Database\BaseConnection.php(713): CodeIgniter\Database\MySQLi\Connection->execute('SELECT SELECT Y...')
#2 C:\xampp\htdocs\Web-Hr\system\Database\BaseConnection.php(641): CodeIgniter\Database\BaseConnection->simpleQuery('SELECT SELECT Y...')
#3 C:\xampp\htdocs\Web-Hr\system\Database\BaseBuilder.php(1866): CodeIgniter\Database\BaseConnection->query('SELECT SELECT Y...', Array, false)
#4 C:\xampp\htdocs\Web-Hr\app\Models\ModelKontrak.php(48): CodeIgniter\Database\BaseBuilder->get()
#5 C:\xampp\htdocs\Web-Hr\app\Controllers\Kontrak.php(21): App\Models\ModelKontrak->getTahun()
#6 C:\xampp\htdocs\Web-Hr\system\CodeIgniter.php(936): App\Controllers\Kontrak->index()
#7 C:\xampp\htdocs\Web-Hr\system\CodeIgniter.php(432): CodeIgniter\CodeIgniter->runController(Object(App\Controllers\Kontrak))
#8 C:\xampp\htdocs\Web-Hr\system\CodeIgniter.php(333): CodeIgniter\CodeIgniter->handleRequest(NULL, Object(Config\Cache), false)
#9 C:\xampp\htdocs\Web-Hr\public\index.php(44): CodeIgniter\CodeIgniter->run()
#10 C:\xampp\htdocs\Web-Hr\system\Commands\Server\rewrite.php(45): require_once('C:\\xampp\\htdocs...')
#11 {main}
ERROR - 2021-04-25 09:57:18 --> mysqli_sql_exception: You have an error in your SQL syntax; check the manual that corresponds to your MariaDB server version for the right syntax to use near 'SELECT YEAR(tanggal_mulai) AS tahun FROM tb_kontrak GROUP BY YEAR(tanggal_mul...' at line 1 in C:\xampp\htdocs\Web-Hr\system\Database\MySQLi\Connection.php:314
Stack trace:
#0 C:\xampp\htdocs\Web-Hr\system\Database\MySQLi\Connection.php(314): mysqli->query('SELECT SELECT Y...')
#1 C:\xampp\htdocs\Web-Hr\system\Database\BaseConnection.php(713): CodeIgniter\Database\MySQLi\Connection->execute('SELECT SELECT Y...')
#2 C:\xampp\htdocs\Web-Hr\system\Database\BaseConnection.php(641): CodeIgniter\Database\BaseConnection->simpleQuery('SELECT SELECT Y...')
#3 C:\xampp\htdocs\Web-Hr\system\Database\BaseBuilder.php(1866): CodeIgniter\Database\BaseConnection->query('SELECT SELECT Y...', Array, false)
#4 C:\xampp\htdocs\Web-Hr\app\Models\ModelKontrak.php(48): CodeIgniter\Database\BaseBuilder->get()
#5 C:\xampp\htdocs\Web-Hr\app\Controllers\Kontrak.php(21): App\Models\ModelKontrak->getTahun()
#6 C:\xampp\htdocs\Web-Hr\system\CodeIgniter.php(936): App\Controllers\Kontrak->index()
#7 C:\xampp\htdocs\Web-Hr\system\CodeIgniter.php(432): CodeIgniter\CodeIgniter->runController(Object(App\Controllers\Kontrak))
#8 C:\xampp\htdocs\Web-Hr\system\CodeIgniter.php(333): CodeIgniter\CodeIgniter->handleRequest(NULL, Object(Config\Cache), false)
#9 C:\xampp\htdocs\Web-Hr\public\index.php(44): CodeIgniter\CodeIgniter->run()
#10 C:\xampp\htdocs\Web-Hr\system\Commands\Server\rewrite.php(45): require_once('C:\\xampp\\htdocs...')
#11 {main}
CRITICAL - 2021-04-25 09:57:18 --> You have an error in your SQL syntax; check the manual that corresponds to your MariaDB server version for the right syntax to use near 'SELECT YEAR(tanggal_mulai) AS tahun FROM tb_kontrak GROUP BY YEAR(tanggal_mul...' at line 1
#0 C:\xampp\htdocs\Web-Hr\system\Database\MySQLi\Connection.php(314): mysqli->query('SELECT SELECT Y...')
#1 C:\xampp\htdocs\Web-Hr\system\Database\BaseConnection.php(713): CodeIgniter\Database\MySQLi\Connection->execute('SELECT SELECT Y...')
#2 C:\xampp\htdocs\Web-Hr\system\Database\BaseConnection.php(641): CodeIgniter\Database\BaseConnection->simpleQuery('SELECT SELECT Y...')
#3 C:\xampp\htdocs\Web-Hr\system\Database\BaseBuilder.php(1866): CodeIgniter\Database\BaseConnection->query('SELECT SELECT Y...', Array, false)
#4 C:\xampp\htdocs\Web-Hr\app\Models\ModelKontrak.php(48): CodeIgniter\Database\BaseBuilder->get()
#5 C:\xampp\htdocs\Web-Hr\app\Controllers\Kontrak.php(21): App\Models\ModelKontrak->getTahun()
#6 C:\xampp\htdocs\Web-Hr\system\CodeIgniter.php(936): App\Controllers\Kontrak->index()
#7 C:\xampp\htdocs\Web-Hr\system\CodeIgniter.php(432): CodeIgniter\CodeIgniter->runController(Object(App\Controllers\Kontrak))
#8 C:\xampp\htdocs\Web-Hr\system\CodeIgniter.php(333): CodeIgniter\CodeIgniter->handleRequest(NULL, Object(Config\Cache), false)
#9 C:\xampp\htdocs\Web-Hr\public\index.php(44): CodeIgniter\CodeIgniter->run()
#10 C:\xampp\htdocs\Web-Hr\system\Commands\Server\rewrite.php(45): require_once('C:\\xampp\\htdocs...')
#11 {main}
ERROR - 2021-04-25 09:57:21 --> mysqli_sql_exception: You have an error in your SQL syntax; check the manual that corresponds to your MariaDB server version for the right syntax to use near 'SELECT YEAR(tanggal_mulai) AS tahun FROM tb_kontrak GROUP BY YEAR(tanggal_mul...' at line 1 in C:\xampp\htdocs\Web-Hr\system\Database\MySQLi\Connection.php:314
Stack trace:
#0 C:\xampp\htdocs\Web-Hr\system\Database\MySQLi\Connection.php(314): mysqli->query('SELECT SELECT Y...')
#1 C:\xampp\htdocs\Web-Hr\system\Database\BaseConnection.php(713): CodeIgniter\Database\MySQLi\Connection->execute('SELECT SELECT Y...')
#2 C:\xampp\htdocs\Web-Hr\system\Database\BaseConnection.php(641): CodeIgniter\Database\BaseConnection->simpleQuery('SELECT SELECT Y...')
#3 C:\xampp\htdocs\Web-Hr\system\Database\BaseBuilder.php(1866): CodeIgniter\Database\BaseConnection->query('SELECT SELECT Y...', Array, false)
#4 C:\xampp\htdocs\Web-Hr\app\Models\ModelKontrak.php(48): CodeIgniter\Database\BaseBuilder->get()
#5 C:\xampp\htdocs\Web-Hr\app\Controllers\Kontrak.php(21): App\Models\ModelKontrak->getTahun()
#6 C:\xampp\htdocs\Web-Hr\system\CodeIgniter.php(936): App\Controllers\Kontrak->index()
#7 C:\xampp\htdocs\Web-Hr\system\CodeIgniter.php(432): CodeIgniter\CodeIgniter->runController(Object(App\Controllers\Kontrak))
#8 C:\xampp\htdocs\Web-Hr\system\CodeIgniter.php(333): CodeIgniter\CodeIgniter->handleRequest(NULL, Object(Config\Cache), false)
#9 C:\xampp\htdocs\Web-Hr\public\index.php(44): CodeIgniter\CodeIgniter->run()
#10 C:\xampp\htdocs\Web-Hr\system\Commands\Server\rewrite.php(45): require_once('C:\\xampp\\htdocs...')
#11 {main}
CRITICAL - 2021-04-25 09:57:21 --> You have an error in your SQL syntax; check the manual that corresponds to your MariaDB server version for the right syntax to use near 'SELECT YEAR(tanggal_mulai) AS tahun FROM tb_kontrak GROUP BY YEAR(tanggal_mul...' at line 1
#0 C:\xampp\htdocs\Web-Hr\system\Database\MySQLi\Connection.php(314): mysqli->query('SELECT SELECT Y...')
#1 C:\xampp\htdocs\Web-Hr\system\Database\BaseConnection.php(713): CodeIgniter\Database\MySQLi\Connection->execute('SELECT SELECT Y...')
#2 C:\xampp\htdocs\Web-Hr\system\Database\BaseConnection.php(641): CodeIgniter\Database\BaseConnection->simpleQuery('SELECT SELECT Y...')
#3 C:\xampp\htdocs\Web-Hr\system\Database\BaseBuilder.php(1866): CodeIgniter\Database\BaseConnection->query('SELECT SELECT Y...', Array, false)
#4 C:\xampp\htdocs\Web-Hr\app\Models\ModelKontrak.php(48): CodeIgniter\Database\BaseBuilder->get()
#5 C:\xampp\htdocs\Web-Hr\app\Controllers\Kontrak.php(21): App\Models\ModelKontrak->getTahun()
#6 C:\xampp\htdocs\Web-Hr\system\CodeIgniter.php(936): App\Controllers\Kontrak->index()
#7 C:\xampp\htdocs\Web-Hr\system\CodeIgniter.php(432): CodeIgniter\CodeIgniter->runController(Object(App\Controllers\Kontrak))
#8 C:\xampp\htdocs\Web-Hr\system\CodeIgniter.php(333): CodeIgniter\CodeIgniter->handleRequest(NULL, Object(Config\Cache), false)
#9 C:\xampp\htdocs\Web-Hr\public\index.php(44): CodeIgniter\CodeIgniter->run()
#10 C:\xampp\htdocs\Web-Hr\system\Commands\Server\rewrite.php(45): require_once('C:\\xampp\\htdocs...')
#11 {main}
ERROR - 2021-04-25 09:57:22 --> mysqli_sql_exception: You have an error in your SQL syntax; check the manual that corresponds to your MariaDB server version for the right syntax to use near 'SELECT YEAR(tanggal_mulai) AS tahun FROM tb_kontrak GROUP BY YEAR(tanggal_mul...' at line 1 in C:\xampp\htdocs\Web-Hr\system\Database\MySQLi\Connection.php:314
Stack trace:
#0 C:\xampp\htdocs\Web-Hr\system\Database\MySQLi\Connection.php(314): mysqli->query('SELECT SELECT Y...')
#1 C:\xampp\htdocs\Web-Hr\system\Database\BaseConnection.php(713): CodeIgniter\Database\MySQLi\Connection->execute('SELECT SELECT Y...')
#2 C:\xampp\htdocs\Web-Hr\system\Database\BaseConnection.php(641): CodeIgniter\Database\BaseConnection->simpleQuery('SELECT SELECT Y...')
#3 C:\xampp\htdocs\Web-Hr\system\Database\BaseBuilder.php(1866): CodeIgniter\Database\BaseConnection->query('SELECT SELECT Y...', Array, false)
#4 C:\xampp\htdocs\Web-Hr\app\Models\ModelKontrak.php(48): CodeIgniter\Database\BaseBuilder->get()
#5 C:\xampp\htdocs\Web-Hr\app\Controllers\Kontrak.php(21): App\Models\ModelKontrak->getTahun()
#6 C:\xampp\htdocs\Web-Hr\system\CodeIgniter.php(936): App\Controllers\Kontrak->index()
#7 C:\xampp\htdocs\Web-Hr\system\CodeIgniter.php(432): CodeIgniter\CodeIgniter->runController(Object(App\Controllers\Kontrak))
#8 C:\xampp\htdocs\Web-Hr\system\CodeIgniter.php(333): CodeIgniter\CodeIgniter->handleRequest(NULL, Object(Config\Cache), false)
#9 C:\xampp\htdocs\Web-Hr\public\index.php(44): CodeIgniter\CodeIgniter->run()
#10 C:\xampp\htdocs\Web-Hr\system\Commands\Server\rewrite.php(45): require_once('C:\\xampp\\htdocs...')
#11 {main}
CRITICAL - 2021-04-25 09:57:22 --> You have an error in your SQL syntax; check the manual that corresponds to your MariaDB server version for the right syntax to use near 'SELECT YEAR(tanggal_mulai) AS tahun FROM tb_kontrak GROUP BY YEAR(tanggal_mul...' at line 1
#0 C:\xampp\htdocs\Web-Hr\system\Database\MySQLi\Connection.php(314): mysqli->query('SELECT SELECT Y...')
#1 C:\xampp\htdocs\Web-Hr\system\Database\BaseConnection.php(713): CodeIgniter\Database\MySQLi\Connection->execute('SELECT SELECT Y...')
#2 C:\xampp\htdocs\Web-Hr\system\Database\BaseConnection.php(641): CodeIgniter\Database\BaseConnection->simpleQuery('SELECT SELECT Y...')
#3 C:\xampp\htdocs\Web-Hr\system\Database\BaseBuilder.php(1866): CodeIgniter\Database\BaseConnection->query('SELECT SELECT Y...', Array, false)
#4 C:\xampp\htdocs\Web-Hr\app\Models\ModelKontrak.php(48): CodeIgniter\Database\BaseBuilder->get()
#5 C:\xampp\htdocs\Web-Hr\app\Controllers\Kontrak.php(21): App\Models\ModelKontrak->getTahun()
#6 C:\xampp\htdocs\Web-Hr\system\CodeIgniter.php(936): App\Controllers\Kontrak->index()
#7 C:\xampp\htdocs\Web-Hr\system\CodeIgniter.php(432): CodeIgniter\CodeIgniter->runController(Object(App\Controllers\Kontrak))
#8 C:\xampp\htdocs\Web-Hr\system\CodeIgniter.php(333): CodeIgniter\CodeIgniter->handleRequest(NULL, Object(Config\Cache), false)
#9 C:\xampp\htdocs\Web-Hr\public\index.php(44): CodeIgniter\CodeIgniter->run()
#10 C:\xampp\htdocs\Web-Hr\system\Commands\Server\rewrite.php(45): require_once('C:\\xampp\\htdocs...')
#11 {main}
ERROR - 2021-04-25 09:57:23 --> mysqli_sql_exception: You have an error in your SQL syntax; check the manual that corresponds to your MariaDB server version for the right syntax to use near 'SELECT YEAR(tanggal_mulai) AS tahun FROM tb_kontrak GROUP BY YEAR(tanggal_mul...' at line 1 in C:\xampp\htdocs\Web-Hr\system\Database\MySQLi\Connection.php:314
Stack trace:
#0 C:\xampp\htdocs\Web-Hr\system\Database\MySQLi\Connection.php(314): mysqli->query('SELECT SELECT Y...')
#1 C:\xampp\htdocs\Web-Hr\system\Database\BaseConnection.php(713): CodeIgniter\Database\MySQLi\Connection->execute('SELECT SELECT Y...')
#2 C:\xampp\htdocs\Web-Hr\system\Database\BaseConnection.php(641): CodeIgniter\Database\BaseConnection->simpleQuery('SELECT SELECT Y...')
#3 C:\xampp\htdocs\Web-Hr\system\Database\BaseBuilder.php(1866): CodeIgniter\Database\BaseConnection->query('SELECT SELECT Y...', Array, false)
#4 C:\xampp\htdocs\Web-Hr\app\Models\ModelKontrak.php(48): CodeIgniter\Database\BaseBuilder->get()
#5 C:\xampp\htdocs\Web-Hr\app\Controllers\Kontrak.php(21): App\Models\ModelKontrak->getTahun()
#6 C:\xampp\htdocs\Web-Hr\system\CodeIgniter.php(936): App\Controllers\Kontrak->index()
#7 C:\xampp\htdocs\Web-Hr\system\CodeIgniter.php(432): CodeIgniter\CodeIgniter->runController(Object(App\Controllers\Kontrak))
#8 C:\xampp\htdocs\Web-Hr\system\CodeIgniter.php(333): CodeIgniter\CodeIgniter->handleRequest(NULL, Object(Config\Cache), false)
#9 C:\xampp\htdocs\Web-Hr\public\index.php(44): CodeIgniter\CodeIgniter->run()
#10 C:\xampp\htdocs\Web-Hr\system\Commands\Server\rewrite.php(45): require_once('C:\\xampp\\htdocs...')
#11 {main}
CRITICAL - 2021-04-25 09:57:23 --> You have an error in your SQL syntax; check the manual that corresponds to your MariaDB server version for the right syntax to use near 'SELECT YEAR(tanggal_mulai) AS tahun FROM tb_kontrak GROUP BY YEAR(tanggal_mul...' at line 1
#0 C:\xampp\htdocs\Web-Hr\system\Database\MySQLi\Connection.php(314): mysqli->query('SELECT SELECT Y...')
#1 C:\xampp\htdocs\Web-Hr\system\Database\BaseConnection.php(713): CodeIgniter\Database\MySQLi\Connection->execute('SELECT SELECT Y...')
#2 C:\xampp\htdocs\Web-Hr\system\Database\BaseConnection.php(641): CodeIgniter\Database\BaseConnection->simpleQuery('SELECT SELECT Y...')
#3 C:\xampp\htdocs\Web-Hr\system\Database\BaseBuilder.php(1866): CodeIgniter\Database\BaseConnection->query('SELECT SELECT Y...', Array, false)
#4 C:\xampp\htdocs\Web-Hr\app\Models\ModelKontrak.php(48): CodeIgniter\Database\BaseBuilder->get()
#5 C:\xampp\htdocs\Web-Hr\app\Controllers\Kontrak.php(21): App\Models\ModelKontrak->getTahun()
#6 C:\xampp\htdocs\Web-Hr\system\CodeIgniter.php(936): App\Controllers\Kontrak->index()
#7 C:\xampp\htdocs\Web-Hr\system\CodeIgniter.php(432): CodeIgniter\CodeIgniter->runController(Object(App\Controllers\Kontrak))
#8 C:\xampp\htdocs\Web-Hr\system\CodeIgniter.php(333): CodeIgniter\CodeIgniter->handleRequest(NULL, Object(Config\Cache), false)
#9 C:\xampp\htdocs\Web-Hr\public\index.php(44): CodeIgniter\CodeIgniter->run()
#10 C:\xampp\htdocs\Web-Hr\system\Commands\Server\rewrite.php(45): require_once('C:\\xampp\\htdocs...')
#11 {main}
ERROR - 2021-04-25 09:58:30 --> mysqli_sql_exception: You have an error in your SQL syntax; check the manual that corresponds to your MariaDB server version for the right syntax to use near 'FROM `tb_kontrak`' at line 2 in C:\xampp\htdocs\Web-Hr\system\Database\MySQLi\Connection.php:314
Stack trace:
#0 C:\xampp\htdocs\Web-Hr\system\Database\MySQLi\Connection.php(314): mysqli->query('SELECT YEAR(tan...')
#1 C:\xampp\htdocs\Web-Hr\system\Database\BaseConnection.php(713): CodeIgniter\Database\MySQLi\Connection->execute('SELECT YEAR(tan...')
#2 C:\xampp\htdocs\Web-Hr\system\Database\BaseConnection.php(641): CodeIgniter\Database\BaseConnection->simpleQuery('SELECT YEAR(tan...')
#3 C:\xampp\htdocs\Web-Hr\system\Database\BaseBuilder.php(1866): CodeIgniter\Database\BaseConnection->query('SELECT YEAR(tan...', Array, false)
#4 C:\xampp\htdocs\Web-Hr\app\Models\ModelKontrak.php(48): CodeIgniter\Database\BaseBuilder->get()
#5 C:\xampp\htdocs\Web-Hr\app\Controllers\Kontrak.php(21): App\Models\ModelKontrak->getTahun()
#6 C:\xampp\htdocs\Web-Hr\system\CodeIgniter.php(936): App\Controllers\Kontrak->index()
#7 C:\xampp\htdocs\Web-Hr\system\CodeIgniter.php(432): CodeIgniter\CodeIgniter->runController(Object(App\Controllers\Kontrak))
#8 C:\xampp\htdocs\Web-Hr\system\CodeIgniter.php(333): CodeIgniter\CodeIgniter->handleRequest(NULL, Object(Config\Cache), false)
#9 C:\xampp\htdocs\Web-Hr\public\index.php(44): CodeIgniter\CodeIgniter->run()
#10 C:\xampp\htdocs\Web-Hr\system\Commands\Server\rewrite.php(45): require_once('C:\\xampp\\htdocs...')
#11 {main}
CRITICAL - 2021-04-25 09:58:30 --> You have an error in your SQL syntax; check the manual that corresponds to your MariaDB server version for the right syntax to use near 'FROM `tb_kontrak`' at line 2
#0 C:\xampp\htdocs\Web-Hr\system\Database\MySQLi\Connection.php(314): mysqli->query('SELECT YEAR(tan...')
#1 C:\xampp\htdocs\Web-Hr\system\Database\BaseConnection.php(713): CodeIgniter\Database\MySQLi\Connection->execute('SELECT YEAR(tan...')
#2 C:\xampp\htdocs\Web-Hr\system\Database\BaseConnection.php(641): CodeIgniter\Database\BaseConnection->simpleQuery('SELECT YEAR(tan...')
#3 C:\xampp\htdocs\Web-Hr\system\Database\BaseBuilder.php(1866): CodeIgniter\Database\BaseConnection->query('SELECT YEAR(tan...', Array, false)
#4 C:\xampp\htdocs\Web-Hr\app\Models\ModelKontrak.php(48): CodeIgniter\Database\BaseBuilder->get()
#5 C:\xampp\htdocs\Web-Hr\app\Controllers\Kontrak.php(21): App\Models\ModelKontrak->getTahun()
#6 C:\xampp\htdocs\Web-Hr\system\CodeIgniter.php(936): App\Controllers\Kontrak->index()
#7 C:\xampp\htdocs\Web-Hr\system\CodeIgniter.php(432): CodeIgniter\CodeIgniter->runController(Object(App\Controllers\Kontrak))
#8 C:\xampp\htdocs\Web-Hr\system\CodeIgniter.php(333): CodeIgniter\CodeIgniter->handleRequest(NULL, Object(Config\Cache), false)
#9 C:\xampp\htdocs\Web-Hr\public\index.php(44): CodeIgniter\CodeIgniter->run()
#10 C:\xampp\htdocs\Web-Hr\system\Commands\Server\rewrite.php(45): require_once('C:\\xampp\\htdocs...')
#11 {main}
ERROR - 2021-04-25 09:58:31 --> mysqli_sql_exception: You have an error in your SQL syntax; check the manual that corresponds to your MariaDB server version for the right syntax to use near 'FROM `tb_kontrak`' at line 2 in C:\xampp\htdocs\Web-Hr\system\Database\MySQLi\Connection.php:314
Stack trace:
#0 C:\xampp\htdocs\Web-Hr\system\Database\MySQLi\Connection.php(314): mysqli->query('SELECT YEAR(tan...')
#1 C:\xampp\htdocs\Web-Hr\system\Database\BaseConnection.php(713): CodeIgniter\Database\MySQLi\Connection->execute('SELECT YEAR(tan...')
#2 C:\xampp\htdocs\Web-Hr\system\Database\BaseConnection.php(641): CodeIgniter\Database\BaseConnection->simpleQuery('SELECT YEAR(tan...')
#3 C:\xampp\htdocs\Web-Hr\system\Database\BaseBuilder.php(1866): CodeIgniter\Database\BaseConnection->query('SELECT YEAR(tan...', Array, false)
#4 C:\xampp\htdocs\Web-Hr\app\Models\ModelKontrak.php(48): CodeIgniter\Database\BaseBuilder->get()
#5 C:\xampp\htdocs\Web-Hr\app\Controllers\Kontrak.php(21): App\Models\ModelKontrak->getTahun()
#6 C:\xampp\htdocs\Web-Hr\system\CodeIgniter.php(936): App\Controllers\Kontrak->index()
#7 C:\xampp\htdocs\Web-Hr\system\CodeIgniter.php(432): CodeIgniter\CodeIgniter->runController(Object(App\Controllers\Kontrak))
#8 C:\xampp\htdocs\Web-Hr\system\CodeIgniter.php(333): CodeIgniter\CodeIgniter->handleRequest(NULL, Object(Config\Cache), false)
#9 C:\xampp\htdocs\Web-Hr\public\index.php(44): CodeIgniter\CodeIgniter->run()
#10 C:\xampp\htdocs\Web-Hr\system\Commands\Server\rewrite.php(45): require_once('C:\\xampp\\htdocs...')
#11 {main}
CRITICAL - 2021-04-25 09:58:31 --> You have an error in your SQL syntax; check the manual that corresponds to your MariaDB server version for the right syntax to use near 'FROM `tb_kontrak`' at line 2
#0 C:\xampp\htdocs\Web-Hr\system\Database\MySQLi\Connection.php(314): mysqli->query('SELECT YEAR(tan...')
#1 C:\xampp\htdocs\Web-Hr\system\Database\BaseConnection.php(713): CodeIgniter\Database\MySQLi\Connection->execute('SELECT YEAR(tan...')
#2 C:\xampp\htdocs\Web-Hr\system\Database\BaseConnection.php(641): CodeIgniter\Database\BaseConnection->simpleQuery('SELECT YEAR(tan...')
#3 C:\xampp\htdocs\Web-Hr\system\Database\BaseBuilder.php(1866): CodeIgniter\Database\BaseConnection->query('SELECT YEAR(tan...', Array, false)
#4 C:\xampp\htdocs\Web-Hr\app\Models\ModelKontrak.php(48): CodeIgniter\Database\BaseBuilder->get()
#5 C:\xampp\htdocs\Web-Hr\app\Controllers\Kontrak.php(21): App\Models\ModelKontrak->getTahun()
#6 C:\xampp\htdocs\Web-Hr\system\CodeIgniter.php(936): App\Controllers\Kontrak->index()
#7 C:\xampp\htdocs\Web-Hr\system\CodeIgniter.php(432): CodeIgniter\CodeIgniter->runController(Object(App\Controllers\Kontrak))
#8 C:\xampp\htdocs\Web-Hr\system\CodeIgniter.php(333): CodeIgniter\CodeIgniter->handleRequest(NULL, Object(Config\Cache), false)
#9 C:\xampp\htdocs\Web-Hr\public\index.php(44): CodeIgniter\CodeIgniter->run()
#10 C:\xampp\htdocs\Web-Hr\system\Commands\Server\rewrite.php(45): require_once('C:\\xampp\\htdocs...')
#11 {main}
ERROR - 2021-04-25 10:16:27 --> mysqli_sql_exception: You have an error in your SQL syntax; check the manual that corresponds to your MariaDB server version for the right syntax to use near 'SELECT YEAR(tanggal_mulai) AS tahun FROM tb_kontrak GROUP BY YEAR(tanggal_mul...' at line 1 in C:\xampp\htdocs\Web-Hr\system\Database\MySQLi\Connection.php:314
Stack trace:
#0 C:\xampp\htdocs\Web-Hr\system\Database\MySQLi\Connection.php(314): mysqli->query('SELECT SELECT Y...')
#1 C:\xampp\htdocs\Web-Hr\system\Database\BaseConnection.php(713): CodeIgniter\Database\MySQLi\Connection->execute('SELECT SELECT Y...')
#2 C:\xampp\htdocs\Web-Hr\system\Database\BaseConnection.php(641): CodeIgniter\Database\BaseConnection->simpleQuery('SELECT SELECT Y...')
#3 C:\xampp\htdocs\Web-Hr\system\Database\BaseBuilder.php(1866): CodeIgniter\Database\BaseConnection->query('SELECT SELECT Y...', Array, false)
#4 C:\xampp\htdocs\Web-Hr\app\Models\ModelKontrak.php(48): CodeIgniter\Database\BaseBuilder->get()
#5 C:\xampp\htdocs\Web-Hr\app\Controllers\Kontrak.php(21): App\Models\ModelKontrak->getTahun()
#6 C:\xampp\htdocs\Web-Hr\system\CodeIgniter.php(936): App\Controllers\Kontrak->index()
#7 C:\xampp\htdocs\Web-Hr\system\CodeIgniter.php(432): CodeIgniter\CodeIgniter->runController(Object(App\Controllers\Kontrak))
#8 C:\xampp\htdocs\Web-Hr\system\CodeIgniter.php(333): CodeIgniter\CodeIgniter->handleRequest(NULL, Object(Config\Cache), false)
#9 C:\xampp\htdocs\Web-Hr\public\index.php(44): CodeIgniter\CodeIgniter->run()
#10 C:\xampp\htdocs\Web-Hr\system\Commands\Server\rewrite.php(45): require_once('C:\\xampp\\htdocs...')
#11 {main}
CRITICAL - 2021-04-25 10:16:27 --> You have an error in your SQL syntax; check the manual that corresponds to your MariaDB server version for the right syntax to use near 'SELECT YEAR(tanggal_mulai) AS tahun FROM tb_kontrak GROUP BY YEAR(tanggal_mul...' at line 1
#0 C:\xampp\htdocs\Web-Hr\system\Database\MySQLi\Connection.php(314): mysqli->query('SELECT SELECT Y...')
#1 C:\xampp\htdocs\Web-Hr\system\Database\BaseConnection.php(713): CodeIgniter\Database\MySQLi\Connection->execute('SELECT SELECT Y...')
#2 C:\xampp\htdocs\Web-Hr\system\Database\BaseConnection.php(641): CodeIgniter\Database\BaseConnection->simpleQuery('SELECT SELECT Y...')
#3 C:\xampp\htdocs\Web-Hr\system\Database\BaseBuilder.php(1866): CodeIgniter\Database\BaseConnection->query('SELECT SELECT Y...', Array, false)
#4 C:\xampp\htdocs\Web-Hr\app\Models\ModelKontrak.php(48): CodeIgniter\Database\BaseBuilder->get()
#5 C:\xampp\htdocs\Web-Hr\app\Controllers\Kontrak.php(21): App\Models\ModelKontrak->getTahun()
#6 C:\xampp\htdocs\Web-Hr\system\CodeIgniter.php(936): App\Controllers\Kontrak->index()
#7 C:\xampp\htdocs\Web-Hr\system\CodeIgniter.php(432): CodeIgniter\CodeIgniter->runController(Object(App\Controllers\Kontrak))
#8 C:\xampp\htdocs\Web-Hr\system\CodeIgniter.php(333): CodeIgniter\CodeIgniter->handleRequest(NULL, Object(Config\Cache), false)
#9 C:\xampp\htdocs\Web-Hr\public\index.php(44): CodeIgniter\CodeIgniter->run()
#10 C:\xampp\htdocs\Web-Hr\system\Commands\Server\rewrite.php(45): require_once('C:\\xampp\\htdocs...')
#11 {main}
ERROR - 2021-04-25 10:16:28 --> mysqli_sql_exception: You have an error in your SQL syntax; check the manual that corresponds to your MariaDB server version for the right syntax to use near 'SELECT YEAR(tanggal_mulai) AS tahun FROM tb_kontrak GROUP BY YEAR(tanggal_mul...' at line 1 in C:\xampp\htdocs\Web-Hr\system\Database\MySQLi\Connection.php:314
Stack trace:
#0 C:\xampp\htdocs\Web-Hr\system\Database\MySQLi\Connection.php(314): mysqli->query('SELECT SELECT Y...')
#1 C:\xampp\htdocs\Web-Hr\system\Database\BaseConnection.php(713): CodeIgniter\Database\MySQLi\Connection->execute('SELECT SELECT Y...')
#2 C:\xampp\htdocs\Web-Hr\system\Database\BaseConnection.php(641): CodeIgniter\Database\BaseConnection->simpleQuery('SELECT SELECT Y...')
#3 C:\xampp\htdocs\Web-Hr\system\Database\BaseBuilder.php(1866): CodeIgniter\Database\BaseConnection->query('SELECT SELECT Y...', Array, false)
#4 C:\xampp\htdocs\Web-Hr\app\Models\ModelKontrak.php(48): CodeIgniter\Database\BaseBuilder->get()
#5 C:\xampp\htdocs\Web-Hr\app\Controllers\Kontrak.php(21): App\Models\ModelKontrak->getTahun()
#6 C:\xampp\htdocs\Web-Hr\system\CodeIgniter.php(936): App\Controllers\Kontrak->index()
#7 C:\xampp\htdocs\Web-Hr\system\CodeIgniter.php(432): CodeIgniter\CodeIgniter->runController(Object(App\Controllers\Kontrak))
#8 C:\xampp\htdocs\Web-Hr\system\CodeIgniter.php(333): CodeIgniter\CodeIgniter->handleRequest(NULL, Object(Config\Cache), false)
#9 C:\xampp\htdocs\Web-Hr\public\index.php(44): CodeIgniter\CodeIgniter->run()
#10 C:\xampp\htdocs\Web-Hr\system\Commands\Server\rewrite.php(45): require_once('C:\\xampp\\htdocs...')
#11 {main}
CRITICAL - 2021-04-25 10:16:28 --> You have an error in your SQL syntax; check the manual that corresponds to your MariaDB server version for the right syntax to use near 'SELECT YEAR(tanggal_mulai) AS tahun FROM tb_kontrak GROUP BY YEAR(tanggal_mul...' at line 1
#0 C:\xampp\htdocs\Web-Hr\system\Database\MySQLi\Connection.php(314): mysqli->query('SELECT SELECT Y...')
#1 C:\xampp\htdocs\Web-Hr\system\Database\BaseConnection.php(713): CodeIgniter\Database\MySQLi\Connection->execute('SELECT SELECT Y...')
#2 C:\xampp\htdocs\Web-Hr\system\Database\BaseConnection.php(641): CodeIgniter\Database\BaseConnection->simpleQuery('SELECT SELECT Y...')
#3 C:\xampp\htdocs\Web-Hr\system\Database\BaseBuilder.php(1866): CodeIgniter\Database\BaseConnection->query('SELECT SELECT Y...', Array, false)
#4 C:\xampp\htdocs\Web-Hr\app\Models\ModelKontrak.php(48): CodeIgniter\Database\BaseBuilder->get()
#5 C:\xampp\htdocs\Web-Hr\app\Controllers\Kontrak.php(21): App\Models\ModelKontrak->getTahun()
#6 C:\xampp\htdocs\Web-Hr\system\CodeIgniter.php(936): App\Controllers\Kontrak->index()
#7 C:\xampp\htdocs\Web-Hr\system\CodeIgniter.php(432): CodeIgniter\CodeIgniter->runController(Object(App\Controllers\Kontrak))
#8 C:\xampp\htdocs\Web-Hr\system\CodeIgniter.php(333): CodeIgniter\CodeIgniter->handleRequest(NULL, Object(Config\Cache), false)
#9 C:\xampp\htdocs\Web-Hr\public\index.php(44): CodeIgniter\CodeIgniter->run()
#10 C:\xampp\htdocs\Web-Hr\system\Commands\Server\rewrite.php(45): require_once('C:\\xampp\\htdocs...')
#11 {main}
ERROR - 2021-04-25 10:16:29 --> mysqli_sql_exception: You have an error in your SQL syntax; check the manual that corresponds to your MariaDB server version for the right syntax to use near 'SELECT YEAR(tanggal_mulai) AS tahun FROM tb_kontrak GROUP BY YEAR(tanggal_mul...' at line 1 in C:\xampp\htdocs\Web-Hr\system\Database\MySQLi\Connection.php:314
Stack trace:
#0 C:\xampp\htdocs\Web-Hr\system\Database\MySQLi\Connection.php(314): mysqli->query('SELECT SELECT Y...')
#1 C:\xampp\htdocs\Web-Hr\system\Database\BaseConnection.php(713): CodeIgniter\Database\MySQLi\Connection->execute('SELECT SELECT Y...')
#2 C:\xampp\htdocs\Web-Hr\system\Database\BaseConnection.php(641): CodeIgniter\Database\BaseConnection->simpleQuery('SELECT SELECT Y...')
#3 C:\xampp\htdocs\Web-Hr\system\Database\BaseBuilder.php(1866): CodeIgniter\Database\BaseConnection->query('SELECT SELECT Y...', Array, false)
#4 C:\xampp\htdocs\Web-Hr\app\Models\ModelKontrak.php(48): CodeIgniter\Database\BaseBuilder->get()
#5 C:\xampp\htdocs\Web-Hr\app\Controllers\Kontrak.php(21): App\Models\ModelKontrak->getTahun()
#6 C:\xampp\htdocs\Web-Hr\system\CodeIgniter.php(936): App\Controllers\Kontrak->index()
#7 C:\xampp\htdocs\Web-Hr\system\CodeIgniter.php(432): CodeIgniter\CodeIgniter->runController(Object(App\Controllers\Kontrak))
#8 C:\xampp\htdocs\Web-Hr\system\CodeIgniter.php(333): CodeIgniter\CodeIgniter->handleRequest(NULL, Object(Config\Cache), false)
#9 C:\xampp\htdocs\Web-Hr\public\index.php(44): CodeIgniter\CodeIgniter->run()
#10 C:\xampp\htdocs\Web-Hr\system\Commands\Server\rewrite.php(45): require_once('C:\\xampp\\htdocs...')
#11 {main}
CRITICAL - 2021-04-25 10:16:29 --> You have an error in your SQL syntax; check the manual that corresponds to your MariaDB server version for the right syntax to use near 'SELECT YEAR(tanggal_mulai) AS tahun FROM tb_kontrak GROUP BY YEAR(tanggal_mul...' at line 1
#0 C:\xampp\htdocs\Web-Hr\system\Database\MySQLi\Connection.php(314): mysqli->query('SELECT SELECT Y...')
#1 C:\xampp\htdocs\Web-Hr\system\Database\BaseConnection.php(713): CodeIgniter\Database\MySQLi\Connection->execute('SELECT SELECT Y...')
#2 C:\xampp\htdocs\Web-Hr\system\Database\BaseConnection.php(641): CodeIgniter\Database\BaseConnection->simpleQuery('SELECT SELECT Y...')
#3 C:\xampp\htdocs\Web-Hr\system\Database\BaseBuilder.php(1866): CodeIgniter\Database\BaseConnection->query('SELECT SELECT Y...', Array, false)
#4 C:\xampp\htdocs\Web-Hr\app\Models\ModelKontrak.php(48): CodeIgniter\Database\BaseBuilder->get()
#5 C:\xampp\htdocs\Web-Hr\app\Controllers\Kontrak.php(21): App\Models\ModelKontrak->getTahun()
#6 C:\xampp\htdocs\Web-Hr\system\CodeIgniter.php(936): App\Controllers\Kontrak->index()
#7 C:\xampp\htdocs\Web-Hr\system\CodeIgniter.php(432): CodeIgniter\CodeIgniter->runController(Object(App\Controllers\Kontrak))
#8 C:\xampp\htdocs\Web-Hr\system\CodeIgniter.php(333): CodeIgniter\CodeIgniter->handleRequest(NULL, Object(Config\Cache), false)
#9 C:\xampp\htdocs\Web-Hr\public\index.php(44): CodeIgniter\CodeIgniter->run()
#10 C:\xampp\htdocs\Web-Hr\system\Commands\Server\rewrite.php(45): require_once('C:\\xampp\\htdocs...')
#11 {main}
CRITICAL - 2021-04-25 10:40:18 --> Allowed fields must be specified for model: App\Models\ModelDaftar
#0 C:\xampp\htdocs\Web-Hr\system\BaseModel.php(1202): CodeIgniter\Database\Exceptions\DataException::forInvalidAllowedFields('App\\Models\\Mode...')
#1 C:\xampp\htdocs\Web-Hr\system\BaseModel.php(729): CodeIgniter\BaseModel->doProtectFields(Array)
#2 C:\xampp\htdocs\Web-Hr\system\Model.php(705): CodeIgniter\BaseModel->insert(Array, false)
#3 C:\xampp\htdocs\Web-Hr\system\BaseModel.php(667): CodeIgniter\Model->insert(Object(App\Entities\Rating), false)
#4 C:\xampp\htdocs\Web-Hr\app\Controllers\Daftar.php(79): CodeIgniter\BaseModel->save(Object(App\Entities\Rating))
#5 C:\xampp\htdocs\Web-Hr\system\CodeIgniter.php(936): App\Controllers\Daftar->rate()
#6 C:\xampp\htdocs\Web-Hr\system\CodeIgniter.php(432): CodeIgniter\CodeIgniter->runController(Object(App\Controllers\Daftar))
#7 C:\xampp\htdocs\Web-Hr\system\CodeIgniter.php(333): CodeIgniter\CodeIgniter->handleRequest(NULL, Object(Config\Cache), false)
#8 C:\xampp\htdocs\Web-Hr\public\index.php(44): CodeIgniter\CodeIgniter->run()
#9 C:\xampp\htdocs\Web-Hr\system\Commands\Server\rewrite.php(45): require_once('C:\\xampp\\htdocs...')
#10 {main}
CRITICAL - 2021-04-25 22:25:49 --> Trying to access array offset on value of type null
#0 C:\xampp\htdocs\Web-Hr\app\Views\admin\daftar\v_detail.php(22): CodeIgniter\Debug\Exceptions->errorHandler(8, 'Trying to acces...', 'C:\\xampp\\htdocs...', 22, Array)
#1 C:\xampp\htdocs\Web-Hr\system\View\View.php(220): include('C:\\xampp\\htdocs...')
#2 C:\xampp\htdocs\Web-Hr\system\View\View.php(222): CodeIgniter\View\View->CodeIgniter\View\{closure}()
#3 C:\xampp\htdocs\Web-Hr\system\Common.php(1217): CodeIgniter\View\View->render('admin/daftar/v_...', Array, true)
#4 C:\xampp\htdocs\Web-Hr\app\Controllers\Daftar.php(124): view('admin/daftar/v_...', Array)
#5 C:\xampp\htdocs\Web-Hr\system\CodeIgniter.php(936): App\Controllers\Daftar->detailData('dist', 'img', 'user3-128x128.j...')
#6 C:\xampp\htdocs\Web-Hr\system\CodeIgniter.php(432): CodeIgniter\CodeIgniter->runController(Object(App\Controllers\Daftar))
#7 C:\xampp\htdocs\Web-Hr\system\CodeIgniter.php(333): CodeIgniter\CodeIgniter->handleRequest(NULL, Object(Config\Cache), false)
#8 C:\xampp\htdocs\Web-Hr\public\index.php(44): CodeIgniter\CodeIgniter->run()
#9 C:\xampp\htdocs\Web-Hr\system\Commands\Server\rewrite.php(45): require_once('C:\\xampp\\htdocs...')
#10 {main}
CRITICAL - 2021-04-25 22:25:50 --> Trying to access array offset on value of type null
#0 C:\xampp\htdocs\Web-Hr\app\Views\admin\daftar\v_detail.php(22): CodeIgniter\Debug\Exceptions->errorHandler(8, 'Trying to acces...', 'C:\\xampp\\htdocs...', 22, Array)
#1 C:\xampp\htdocs\Web-Hr\system\View\View.php(220): include('C:\\xampp\\htdocs...')
#2 C:\xampp\htdocs\Web-Hr\system\View\View.php(222): CodeIgniter\View\View->CodeIgniter\View\{closure}()
#3 C:\xampp\htdocs\Web-Hr\system\Common.php(1217): CodeIgniter\View\View->render('admin/daftar/v_...', Array, true)
#4 C:\xampp\htdocs\Web-Hr\app\Controllers\Daftar.php(124): view('admin/daftar/v_...', Array)
#5 C:\xampp\htdocs\Web-Hr\system\CodeIgniter.php(936): App\Controllers\Daftar->detailData('dist', 'img', 'user4-128x128.j...')
#6 C:\xampp\htdocs\Web-Hr\system\CodeIgniter.php(432): CodeIgniter\CodeIgniter->runController(Object(App\Controllers\Daftar))
#7 C:\xampp\htdocs\Web-Hr\system\CodeIgniter.php(333): CodeIgniter\CodeIgniter->handleRequest(NULL, Object(Config\Cache), false)
#8 C:\xampp\htdocs\Web-Hr\public\index.php(44): CodeIgniter\CodeIgniter->run()
#9 C:\xampp\htdocs\Web-Hr\system\Commands\Server\rewrite.php(45): require_once('C:\\xampp\\htdocs...')
#10 {main}
