CRITICAL - 2021-04-23 09:18:15 --> Too few arguments to function App\Models\ModelDaftar::sum_rating(), 0 passed in C:\xampp\htdocs\Web-Hr\app\Controllers\Daftar.php on line 26 and exactly 1 expected
#0 C:\xampp\htdocs\Web-Hr\app\Controllers\Daftar.php(26): App\Models\ModelDaftar->sum_rating()
#1 C:\xampp\htdocs\Web-Hr\system\CodeIgniter.php(936): App\Controllers\Daftar->index()
#2 C:\xampp\htdocs\Web-Hr\system\CodeIgniter.php(432): CodeIgniter\CodeIgniter->runController(Object(App\Controllers\Daftar))
#3 C:\xampp\htdocs\Web-Hr\system\CodeIgniter.php(333): CodeIgniter\CodeIgniter->handleRequest(NULL, Object(Config\Cache), false)
#4 C:\xampp\htdocs\Web-Hr\public\index.php(44): CodeIgniter\CodeIgniter->run()
#5 C:\xampp\htdocs\Web-Hr\system\Commands\Server\rewrite.php(45): require_once('C:\\xampp\\htdocs...')
#6 {main}
CRITICAL - 2021-04-23 09:19:23 --> Too few arguments to function App\Models\ModelRating::sum_rating(), 0 passed in C:\xampp\htdocs\Web-Hr\app\Controllers\Daftar.php on line 26 and exactly 1 expected
#0 C:\xampp\htdocs\Web-Hr\app\Controllers\Daftar.php(26): App\Models\ModelRating->sum_rating()
#1 C:\xampp\htdocs\Web-Hr\system\CodeIgniter.php(936): App\Controllers\Daftar->index()
#2 C:\xampp\htdocs\Web-Hr\system\CodeIgniter.php(432): CodeIgniter\CodeIgniter->runController(Object(App\Controllers\Daftar))
#3 C:\xampp\htdocs\Web-Hr\system\CodeIgniter.php(333): CodeIgniter\CodeIgniter->handleRequest(NULL, Object(Config\Cache), false)
#4 C:\xampp\htdocs\Web-Hr\public\index.php(44): CodeIgniter\CodeIgniter->run()
#5 C:\xampp\htdocs\Web-Hr\system\Commands\Server\rewrite.php(45): require_once('C:\\xampp\\htdocs...')
#6 {main}
CRITICAL - 2021-04-23 09:19:24 --> Too few arguments to function App\Models\ModelRating::sum_rating(), 0 passed in C:\xampp\htdocs\Web-Hr\app\Controllers\Daftar.php on line 26 and exactly 1 expected
#0 C:\xampp\htdocs\Web-Hr\app\Controllers\Daftar.php(26): App\Models\ModelRating->sum_rating()
#1 C:\xampp\htdocs\Web-Hr\system\CodeIgniter.php(936): App\Controllers\Daftar->index()
#2 C:\xampp\htdocs\Web-Hr\system\CodeIgniter.php(432): CodeIgniter\CodeIgniter->runController(Object(App\Controllers\Daftar))
#3 C:\xampp\htdocs\Web-Hr\system\CodeIgniter.php(333): CodeIgniter\CodeIgniter->handleRequest(NULL, Object(Config\Cache), false)
#4 C:\xampp\htdocs\Web-Hr\public\index.php(44): CodeIgniter\CodeIgniter->run()
#5 C:\xampp\htdocs\Web-Hr\system\Commands\Server\rewrite.php(45): require_once('C:\\xampp\\htdocs...')
#6 {main}
CRITICAL - 2021-04-23 09:19:25 --> Too few arguments to function App\Models\ModelRating::sum_rating(), 0 passed in C:\xampp\htdocs\Web-Hr\app\Controllers\Daftar.php on line 26 and exactly 1 expected
#0 C:\xampp\htdocs\Web-Hr\app\Controllers\Daftar.php(26): App\Models\ModelRating->sum_rating()
#1 C:\xampp\htdocs\Web-Hr\system\CodeIgniter.php(936): App\Controllers\Daftar->index()
#2 C:\xampp\htdocs\Web-Hr\system\CodeIgniter.php(432): CodeIgniter\CodeIgniter->runController(Object(App\Controllers\Daftar))
#3 C:\xampp\htdocs\Web-Hr\system\CodeIgniter.php(333): CodeIgniter\CodeIgniter->handleRequest(NULL, Object(Config\Cache), false)
#4 C:\xampp\htdocs\Web-Hr\public\index.php(44): CodeIgniter\CodeIgniter->run()
#5 C:\xampp\htdocs\Web-Hr\system\Commands\Server\rewrite.php(45): require_once('C:\\xampp\\htdocs...')
#6 {main}
CRITICAL - 2021-04-23 09:19:31 --> Too few arguments to function App\Models\ModelRating::sum_rating(), 0 passed in C:\xampp\htdocs\Web-Hr\app\Controllers\Daftar.php on line 26 and exactly 1 expected
#0 C:\xampp\htdocs\Web-Hr\app\Controllers\Daftar.php(26): App\Models\ModelRating->sum_rating()
#1 C:\xampp\htdocs\Web-Hr\system\CodeIgniter.php(936): App\Controllers\Daftar->index()
#2 C:\xampp\htdocs\Web-Hr\system\CodeIgniter.php(432): CodeIgniter\CodeIgniter->runController(Object(App\Controllers\Daftar))
#3 C:\xampp\htdocs\Web-Hr\system\CodeIgniter.php(333): CodeIgniter\CodeIgniter->handleRequest(NULL, Object(Config\Cache), false)
#4 C:\xampp\htdocs\Web-Hr\public\index.php(44): CodeIgniter\CodeIgniter->run()
#5 C:\xampp\htdocs\Web-Hr\system\Commands\Server\rewrite.php(45): require_once('C:\\xampp\\htdocs...')
#6 {main}
CRITICAL - 2021-04-23 09:19:58 --> Call to undefined method App\Models\ModelRating::sum_rating
#0 C:\xampp\htdocs\Web-Hr\app\Controllers\Daftar.php(26): CodeIgniter\Model->__call('sum_rating', Array)
#1 C:\xampp\htdocs\Web-Hr\system\CodeIgniter.php(936): App\Controllers\Daftar->index()
#2 C:\xampp\htdocs\Web-Hr\system\CodeIgniter.php(432): CodeIgniter\CodeIgniter->runController(Object(App\Controllers\Daftar))
#3 C:\xampp\htdocs\Web-Hr\system\CodeIgniter.php(333): CodeIgniter\CodeIgniter->handleRequest(NULL, Object(Config\Cache), false)
#4 C:\xampp\htdocs\Web-Hr\public\index.php(44): CodeIgniter\CodeIgniter->run()
#5 C:\xampp\htdocs\Web-Hr\system\Commands\Server\rewrite.php(45): require_once('C:\\xampp\\htdocs...')
#6 {main}
CRITICAL - 2021-04-23 09:20:10 --> Call to undefined method App\Models\ModelRating::sum_rating
#0 C:\xampp\htdocs\Web-Hr\app\Controllers\Daftar.php(26): CodeIgniter\Model->__call('sum_rating', Array)
#1 C:\xampp\htdocs\Web-Hr\system\CodeIgniter.php(936): App\Controllers\Daftar->index()
#2 C:\xampp\htdocs\Web-Hr\system\CodeIgniter.php(432): CodeIgniter\CodeIgniter->runController(Object(App\Controllers\Daftar))
#3 C:\xampp\htdocs\Web-Hr\system\CodeIgniter.php(333): CodeIgniter\CodeIgniter->handleRequest(NULL, Object(Config\Cache), false)
#4 C:\xampp\htdocs\Web-Hr\public\index.php(44): CodeIgniter\CodeIgniter->run()
#5 C:\xampp\htdocs\Web-Hr\system\Commands\Server\rewrite.php(45): require_once('C:\\xampp\\htdocs...')
#6 {main}
CRITICAL - 2021-04-23 09:20:11 --> Call to undefined method App\Models\ModelRating::sum_rating
#0 C:\xampp\htdocs\Web-Hr\app\Controllers\Daftar.php(26): CodeIgniter\Model->__call('sum_rating', Array)
#1 C:\xampp\htdocs\Web-Hr\system\CodeIgniter.php(936): App\Controllers\Daftar->index()
#2 C:\xampp\htdocs\Web-Hr\system\CodeIgniter.php(432): CodeIgniter\CodeIgniter->runController(Object(App\Controllers\Daftar))
#3 C:\xampp\htdocs\Web-Hr\system\CodeIgniter.php(333): CodeIgniter\CodeIgniter->handleRequest(NULL, Object(Config\Cache), false)
#4 C:\xampp\htdocs\Web-Hr\public\index.php(44): CodeIgniter\CodeIgniter->run()
#5 C:\xampp\htdocs\Web-Hr\system\Commands\Server\rewrite.php(45): require_once('C:\\xampp\\htdocs...')
#6 {main}
CRITICAL - 2021-04-23 09:20:21 --> Trying to get property 'id_calkar' of non-object
#0 C:\xampp\htdocs\Web-Hr\app\Views\admin\daftar\v_masuk.php(3): CodeIgniter\Debug\Exceptions->errorHandler(8, 'Trying to get p...', 'C:\\xampp\\htdocs...', 3, Array)
#1 C:\xampp\htdocs\Web-Hr\system\View\View.php(220): include('C:\\xampp\\htdocs...')
#2 C:\xampp\htdocs\Web-Hr\system\View\View.php(222): CodeIgniter\View\View->CodeIgniter\View\{closure}()
#3 C:\xampp\htdocs\Web-Hr\system\Common.php(1217): CodeIgniter\View\View->render('admin/daftar/v_...', Array, true)
#4 C:\xampp\htdocs\Web-Hr\app\Controllers\Daftar.php(28): view('admin/daftar/v_...', Array)
#5 C:\xampp\htdocs\Web-Hr\system\CodeIgniter.php(936): App\Controllers\Daftar->index()
#6 C:\xampp\htdocs\Web-Hr\system\CodeIgniter.php(432): CodeIgniter\CodeIgniter->runController(Object(App\Controllers\Daftar))
#7 C:\xampp\htdocs\Web-Hr\system\CodeIgniter.php(333): CodeIgniter\CodeIgniter->handleRequest(NULL, Object(Config\Cache), false)
#8 C:\xampp\htdocs\Web-Hr\public\index.php(44): CodeIgniter\CodeIgniter->run()
#9 C:\xampp\htdocs\Web-Hr\system\Commands\Server\rewrite.php(45): require_once('C:\\xampp\\htdocs...')
#10 {main}
CRITICAL - 2021-04-23 09:20:43 --> Undefined variable: rating_result
#0 C:\xampp\htdocs\Web-Hr\app\Views\admin\daftar\v_masuk.php(70): CodeIgniter\Debug\Exceptions->errorHandler(8, 'Undefined varia...', 'C:\\xampp\\htdocs...', 70, Array)
#1 C:\xampp\htdocs\Web-Hr\system\View\View.php(220): include('C:\\xampp\\htdocs...')
#2 C:\xampp\htdocs\Web-Hr\system\View\View.php(222): CodeIgniter\View\View->CodeIgniter\View\{closure}()
#3 C:\xampp\htdocs\Web-Hr\system\Common.php(1217): CodeIgniter\View\View->render('admin/daftar/v_...', Array, true)
#4 C:\xampp\htdocs\Web-Hr\app\Controllers\Daftar.php(28): view('admin/daftar/v_...', Array)
#5 C:\xampp\htdocs\Web-Hr\system\CodeIgniter.php(936): App\Controllers\Daftar->index()
#6 C:\xampp\htdocs\Web-Hr\system\CodeIgniter.php(432): CodeIgniter\CodeIgniter->runController(Object(App\Controllers\Daftar))
#7 C:\xampp\htdocs\Web-Hr\system\CodeIgniter.php(333): CodeIgniter\CodeIgniter->handleRequest(NULL, Object(Config\Cache), false)
#8 C:\xampp\htdocs\Web-Hr\public\index.php(44): CodeIgniter\CodeIgniter->run()
#9 C:\xampp\htdocs\Web-Hr\system\Commands\Server\rewrite.php(45): require_once('C:\\xampp\\htdocs...')
#10 {main}
CRITICAL - 2021-04-23 09:23:48 --> Undefined variable: rating_result
#0 C:\xampp\htdocs\Web-Hr\app\Views\admin\daftar\v_masuk.php(70): CodeIgniter\Debug\Exceptions->errorHandler(8, 'Undefined varia...', 'C:\\xampp\\htdocs...', 70, Array)
#1 C:\xampp\htdocs\Web-Hr\system\View\View.php(220): include('C:\\xampp\\htdocs...')
#2 C:\xampp\htdocs\Web-Hr\system\View\View.php(222): CodeIgniter\View\View->CodeIgniter\View\{closure}()
#3 C:\xampp\htdocs\Web-Hr\system\Common.php(1217): CodeIgniter\View\View->render('admin/daftar/v_...', Array, true)
#4 C:\xampp\htdocs\Web-Hr\app\Controllers\Daftar.php(28): view('admin/daftar/v_...', Array)
#5 C:\xampp\htdocs\Web-Hr\system\CodeIgniter.php(936): App\Controllers\Daftar->index()
#6 C:\xampp\htdocs\Web-Hr\system\CodeIgniter.php(432): CodeIgniter\CodeIgniter->runController(Object(App\Controllers\Daftar))
#7 C:\xampp\htdocs\Web-Hr\system\CodeIgniter.php(333): CodeIgniter\CodeIgniter->handleRequest(NULL, Object(Config\Cache), false)
#8 C:\xampp\htdocs\Web-Hr\public\index.php(44): CodeIgniter\CodeIgniter->run()
#9 C:\xampp\htdocs\Web-Hr\system\Commands\Server\rewrite.php(45): require_once('C:\\xampp\\htdocs...')
#10 {main}
ERROR - 2021-04-23 09:51:22 --> mysqli_sql_exception: Unknown column 'star' in 'field list' in C:\xampp\htdocs\Web-Hr\system\Database\MySQLi\Connection.php:314
Stack trace:
#0 C:\xampp\htdocs\Web-Hr\system\Database\MySQLi\Connection.php(314): mysqli->query('INSERT INTO `tb...')
#1 C:\xampp\htdocs\Web-Hr\system\Database\BaseConnection.php(713): CodeIgniter\Database\MySQLi\Connection->execute('INSERT INTO `tb...')
#2 C:\xampp\htdocs\Web-Hr\system\Database\BaseConnection.php(641): CodeIgniter\Database\BaseConnection->simpleQuery('INSERT INTO `tb...')
#3 C:\xampp\htdocs\Web-Hr\system\Database\BaseBuilder.php(2263): CodeIgniter\Database\BaseConnection->query('INSERT INTO `tb...', Array, false)
#4 C:\xampp\htdocs\Web-Hr\system\Model.php(278): CodeIgniter\Database\BaseBuilder->insert()
#5 C:\xampp\htdocs\Web-Hr\system\BaseModel.php(758): CodeIgniter\Model->doInsert(Array)
#6 C:\xampp\htdocs\Web-Hr\system\Model.php(705): CodeIgniter\BaseModel->insert(Array, false)
#7 C:\xampp\htdocs\Web-Hr\system\BaseModel.php(667): CodeIgniter\Model->insert(Object(App\Entities\Rating), false)
#8 C:\xampp\htdocs\Web-Hr\app\Controllers\Daftar.php(79): CodeIgniter\BaseModel->save(Object(App\Entities\Rating))
#9 C:\xampp\htdocs\Web-Hr\system\CodeIgniter.php(936): App\Controllers\Daftar->rate()
#10 C:\xampp\htdocs\Web-Hr\system\CodeIgniter.php(432): CodeIgniter\CodeIgniter->runController(Object(App\Controllers\Daftar))
#11 C:\xampp\htdocs\Web-Hr\system\CodeIgniter.php(333): CodeIgniter\CodeIgniter->handleRequest(NULL, Object(Config\Cache), false)
#12 C:\xampp\htdocs\Web-Hr\public\index.php(44): CodeIgniter\CodeIgniter->run()
#13 C:\xampp\htdocs\Web-Hr\system\Commands\Server\rewrite.php(45): require_once('C:\\xampp\\htdocs...')
#14 {main}
CRITICAL - 2021-04-23 09:51:22 --> Unknown column 'star' in 'field list'
#0 C:\xampp\htdocs\Web-Hr\system\Database\MySQLi\Connection.php(314): mysqli->query('INSERT INTO `tb...')
#1 C:\xampp\htdocs\Web-Hr\system\Database\BaseConnection.php(713): CodeIgniter\Database\MySQLi\Connection->execute('INSERT INTO `tb...')
#2 C:\xampp\htdocs\Web-Hr\system\Database\BaseConnection.php(641): CodeIgniter\Database\BaseConnection->simpleQuery('INSERT INTO `tb...')
#3 C:\xampp\htdocs\Web-Hr\system\Database\BaseBuilder.php(2263): CodeIgniter\Database\BaseConnection->query('INSERT INTO `tb...', Array, false)
#4 C:\xampp\htdocs\Web-Hr\system\Model.php(278): CodeIgniter\Database\BaseBuilder->insert()
#5 C:\xampp\htdocs\Web-Hr\system\BaseModel.php(758): CodeIgniter\Model->doInsert(Array)
#6 C:\xampp\htdocs\Web-Hr\system\Model.php(705): CodeIgniter\BaseModel->insert(Array, false)
#7 C:\xampp\htdocs\Web-Hr\system\BaseModel.php(667): CodeIgniter\Model->insert(Object(App\Entities\Rating), false)
#8 C:\xampp\htdocs\Web-Hr\app\Controllers\Daftar.php(79): CodeIgniter\BaseModel->save(Object(App\Entities\Rating))
#9 C:\xampp\htdocs\Web-Hr\system\CodeIgniter.php(936): App\Controllers\Daftar->rate()
#10 C:\xampp\htdocs\Web-Hr\system\CodeIgniter.php(432): CodeIgniter\CodeIgniter->runController(Object(App\Controllers\Daftar))
#11 C:\xampp\htdocs\Web-Hr\system\CodeIgniter.php(333): CodeIgniter\CodeIgniter->handleRequest(NULL, Object(Config\Cache), false)
#12 C:\xampp\htdocs\Web-Hr\public\index.php(44): CodeIgniter\CodeIgniter->run()
#13 C:\xampp\htdocs\Web-Hr\system\Commands\Server\rewrite.php(45): require_once('C:\\xampp\\htdocs...')
#14 {main}
CRITICAL - 2021-04-23 09:51:46 --> There is no data to insert.
#0 C:\xampp\htdocs\Web-Hr\system\BaseModel.php(735): CodeIgniter\Database\Exceptions\DataException::forEmptyDataset('insert')
#1 C:\xampp\htdocs\Web-Hr\system\Model.php(705): CodeIgniter\BaseModel->insert(Array, false)
#2 C:\xampp\htdocs\Web-Hr\system\BaseModel.php(667): CodeIgniter\Model->insert(Object(App\Entities\Rating), false)
#3 C:\xampp\htdocs\Web-Hr\app\Controllers\Daftar.php(79): CodeIgniter\BaseModel->save(Object(App\Entities\Rating))
#4 C:\xampp\htdocs\Web-Hr\system\CodeIgniter.php(936): App\Controllers\Daftar->rate()
#5 C:\xampp\htdocs\Web-Hr\system\CodeIgniter.php(432): CodeIgniter\CodeIgniter->runController(Object(App\Controllers\Daftar))
#6 C:\xampp\htdocs\Web-Hr\system\CodeIgniter.php(333): CodeIgniter\CodeIgniter->handleRequest(NULL, Object(Config\Cache), false)
#7 C:\xampp\htdocs\Web-Hr\public\index.php(44): CodeIgniter\CodeIgniter->run()
#8 C:\xampp\htdocs\Web-Hr\system\Commands\Server\rewrite.php(45): require_once('C:\\xampp\\htdocs...')
#9 {main}
CRITICAL - 2021-04-23 09:58:35 --> Allowed fields must be specified for model: App\Models\ModelDaftar
#0 C:\xampp\htdocs\Web-Hr\system\BaseModel.php(1202): CodeIgniter\Database\Exceptions\DataException::forInvalidAllowedFields('App\\Models\\Mode...')
#1 C:\xampp\htdocs\Web-Hr\system\BaseModel.php(729): CodeIgniter\BaseModel->doProtectFields(Array)
#2 C:\xampp\htdocs\Web-Hr\system\Model.php(705): CodeIgniter\BaseModel->insert(Array, false)
#3 C:\xampp\htdocs\Web-Hr\system\BaseModel.php(667): CodeIgniter\Model->insert(Object(App\Entities\Rating), false)
#4 C:\xampp\htdocs\Web-Hr\app\Controllers\Daftar.php(79): CodeIgniter\BaseModel->save(Object(App\Entities\Rating))
#5 C:\xampp\htdocs\Web-Hr\system\CodeIgniter.php(936): App\Controllers\Daftar->rate()
#6 C:\xampp\htdocs\Web-Hr\system\CodeIgniter.php(432): CodeIgniter\CodeIgniter->runController(Object(App\Controllers\Daftar))
#7 C:\xampp\htdocs\Web-Hr\system\CodeIgniter.php(333): CodeIgniter\CodeIgniter->handleRequest(NULL, Object(Config\Cache), false)
#8 C:\xampp\htdocs\Web-Hr\public\index.php(44): CodeIgniter\CodeIgniter->run()
#9 C:\xampp\htdocs\Web-Hr\system\Commands\Server\rewrite.php(45): require_once('C:\\xampp\\htdocs...')
#10 {main}
CRITICAL - 2021-04-23 10:00:01 --> Call to a member function getRandomName() on null
#0 C:\xampp\htdocs\Web-Hr\system\CodeIgniter.php(936): App\Controllers\Contract->add()
#1 C:\xampp\htdocs\Web-Hr\system\CodeIgniter.php(432): CodeIgniter\CodeIgniter->runController(Object(App\Controllers\Contract))
#2 C:\xampp\htdocs\Web-Hr\system\CodeIgniter.php(333): CodeIgniter\CodeIgniter->handleRequest(NULL, Object(Config\Cache), false)
#3 C:\xampp\htdocs\Web-Hr\public\index.php(44): CodeIgniter\CodeIgniter->run()
#4 C:\xampp\htdocs\Web-Hr\system\Commands\Server\rewrite.php(45): require_once('C:\\xampp\\htdocs...')
#5 {main}
CRITICAL - 2021-04-23 10:01:34 --> Call to a member function getError() on null
#0 C:\xampp\htdocs\Web-Hr\system\CodeIgniter.php(936): App\Controllers\Contract->edit('1')
#1 C:\xampp\htdocs\Web-Hr\system\CodeIgniter.php(432): CodeIgniter\CodeIgniter->runController(Object(App\Controllers\Contract))
#2 C:\xampp\htdocs\Web-Hr\system\CodeIgniter.php(333): CodeIgniter\CodeIgniter->handleRequest(NULL, Object(Config\Cache), false)
#3 C:\xampp\htdocs\Web-Hr\public\index.php(44): CodeIgniter\CodeIgniter->run()
#4 C:\xampp\htdocs\Web-Hr\system\Commands\Server\rewrite.php(45): require_once('C:\\xampp\\htdocs...')
#5 {main}
CRITICAL - 2021-04-23 10:09:16 --> Undefined property: App\Controllers\Contract::$ModelKaryawan
#0 C:\xampp\htdocs\Web-Hr\app\Controllers\Contract.php(20): CodeIgniter\Debug\Exceptions->errorHandler(8, 'Undefined prope...', 'C:\\xampp\\htdocs...', 20, Array)
#1 C:\xampp\htdocs\Web-Hr\system\CodeIgniter.php(936): App\Controllers\Contract->index()
#2 C:\xampp\htdocs\Web-Hr\system\CodeIgniter.php(432): CodeIgniter\CodeIgniter->runController(Object(App\Controllers\Contract))
#3 C:\xampp\htdocs\Web-Hr\system\CodeIgniter.php(333): CodeIgniter\CodeIgniter->handleRequest(NULL, Object(Config\Cache), false)
#4 C:\xampp\htdocs\Web-Hr\public\index.php(44): CodeIgniter\CodeIgniter->run()
#5 C:\xampp\htdocs\Web-Hr\system\Commands\Server\rewrite.php(45): require_once('C:\\xampp\\htdocs...')
#6 {main}
CRITICAL - 2021-04-23 10:14:33 --> Undefined index: id_karyawan
#0 C:\xampp\htdocs\Web-Hr\app\Views\karyawan\v_karyawan.php(63): CodeIgniter\Debug\Exceptions->errorHandler(8, 'Undefined index...', 'C:\\xampp\\htdocs...', 63, Array)
#1 C:\xampp\htdocs\Web-Hr\system\View\View.php(220): include('C:\\xampp\\htdocs...')
#2 C:\xampp\htdocs\Web-Hr\system\View\View.php(222): CodeIgniter\View\View->CodeIgniter\View\{closure}()
#3 C:\xampp\htdocs\Web-Hr\system\Common.php(1217): CodeIgniter\View\View->render('karyawan/v_kary...', Array, true)
#4 C:\xampp\htdocs\Web-Hr\app\Controllers\Karyawan.php(23): view('karyawan/v_kary...', Array)
#5 C:\xampp\htdocs\Web-Hr\system\CodeIgniter.php(936): App\Controllers\Karyawan->index()
#6 C:\xampp\htdocs\Web-Hr\system\CodeIgniter.php(432): CodeIgniter\CodeIgniter->runController(Object(App\Controllers\Karyawan))
#7 C:\xampp\htdocs\Web-Hr\system\CodeIgniter.php(333): CodeIgniter\CodeIgniter->handleRequest(NULL, Object(Config\Cache), false)
#8 C:\xampp\htdocs\Web-Hr\public\index.php(44): CodeIgniter\CodeIgniter->run()
#9 C:\xampp\htdocs\Web-Hr\system\Commands\Server\rewrite.php(45): require_once('C:\\xampp\\htdocs...')
#10 {main}
CRITICAL - 2021-04-23 10:14:55 --> Undefined index: id_karyawan
#0 C:\xampp\htdocs\Web-Hr\app\Views\karyawan\v_karyawan.php(63): CodeIgniter\Debug\Exceptions->errorHandler(8, 'Undefined index...', 'C:\\xampp\\htdocs...', 63, Array)
#1 C:\xampp\htdocs\Web-Hr\system\View\View.php(220): include('C:\\xampp\\htdocs...')
#2 C:\xampp\htdocs\Web-Hr\system\View\View.php(222): CodeIgniter\View\View->CodeIgniter\View\{closure}()
#3 C:\xampp\htdocs\Web-Hr\system\Common.php(1217): CodeIgniter\View\View->render('karyawan/v_kary...', Array, true)
#4 C:\xampp\htdocs\Web-Hr\app\Controllers\Karyawan.php(23): view('karyawan/v_kary...', Array)
#5 C:\xampp\htdocs\Web-Hr\system\CodeIgniter.php(936): App\Controllers\Karyawan->index()
#6 C:\xampp\htdocs\Web-Hr\system\CodeIgniter.php(432): CodeIgniter\CodeIgniter->runController(Object(App\Controllers\Karyawan))
#7 C:\xampp\htdocs\Web-Hr\system\CodeIgniter.php(333): CodeIgniter\CodeIgniter->handleRequest(NULL, Object(Config\Cache), false)
#8 C:\xampp\htdocs\Web-Hr\public\index.php(44): CodeIgniter\CodeIgniter->run()
#9 C:\xampp\htdocs\Web-Hr\system\Commands\Server\rewrite.php(45): require_once('C:\\xampp\\htdocs...')
#10 {main}
CRITICAL - 2021-04-23 10:14:56 --> Undefined index: id_karyawan
#0 C:\xampp\htdocs\Web-Hr\app\Views\karyawan\v_karyawan.php(63): CodeIgniter\Debug\Exceptions->errorHandler(8, 'Undefined index...', 'C:\\xampp\\htdocs...', 63, Array)
#1 C:\xampp\htdocs\Web-Hr\system\View\View.php(220): include('C:\\xampp\\htdocs...')
#2 C:\xampp\htdocs\Web-Hr\system\View\View.php(222): CodeIgniter\View\View->CodeIgniter\View\{closure}()
#3 C:\xampp\htdocs\Web-Hr\system\Common.php(1217): CodeIgniter\View\View->render('karyawan/v_kary...', Array, true)
#4 C:\xampp\htdocs\Web-Hr\app\Controllers\Karyawan.php(23): view('karyawan/v_kary...', Array)
#5 C:\xampp\htdocs\Web-Hr\system\CodeIgniter.php(936): App\Controllers\Karyawan->index()
#6 C:\xampp\htdocs\Web-Hr\system\CodeIgniter.php(432): CodeIgniter\CodeIgniter->runController(Object(App\Controllers\Karyawan))
#7 C:\xampp\htdocs\Web-Hr\system\CodeIgniter.php(333): CodeIgniter\CodeIgniter->handleRequest(NULL, Object(Config\Cache), false)
#8 C:\xampp\htdocs\Web-Hr\public\index.php(44): CodeIgniter\CodeIgniter->run()
#9 C:\xampp\htdocs\Web-Hr\system\Commands\Server\rewrite.php(45): require_once('C:\\xampp\\htdocs...')
#10 {main}
CRITICAL - 2021-04-23 10:15:10 --> Undefined index: nm_karyawan
#0 C:\xampp\htdocs\Web-Hr\app\Views\karyawan\v_karyawan.php(160): CodeIgniter\Debug\Exceptions->errorHandler(8, 'Undefined index...', 'C:\\xampp\\htdocs...', 160, Array)
#1 C:\xampp\htdocs\Web-Hr\system\View\View.php(220): include('C:\\xampp\\htdocs...')
#2 C:\xampp\htdocs\Web-Hr\system\View\View.php(222): CodeIgniter\View\View->CodeIgniter\View\{closure}()
#3 C:\xampp\htdocs\Web-Hr\system\Common.php(1217): CodeIgniter\View\View->render('karyawan/v_kary...', Array, true)
#4 C:\xampp\htdocs\Web-Hr\app\Controllers\Karyawan.php(23): view('karyawan/v_kary...', Array)
#5 C:\xampp\htdocs\Web-Hr\system\CodeIgniter.php(936): App\Controllers\Karyawan->index()
#6 C:\xampp\htdocs\Web-Hr\system\CodeIgniter.php(432): CodeIgniter\CodeIgniter->runController(Object(App\Controllers\Karyawan))
#7 C:\xampp\htdocs\Web-Hr\system\CodeIgniter.php(333): CodeIgniter\CodeIgniter->handleRequest(NULL, Object(Config\Cache), false)
#8 C:\xampp\htdocs\Web-Hr\public\index.php(44): CodeIgniter\CodeIgniter->run()
#9 C:\xampp\htdocs\Web-Hr\system\Commands\Server\rewrite.php(45): require_once('C:\\xampp\\htdocs...')
#10 {main}
CRITICAL - 2021-04-23 10:17:55 --> Undefined index: nm_karyawan
#0 C:\xampp\htdocs\Web-Hr\app\Views\karyawan\v_karyawan.php(207): CodeIgniter\Debug\Exceptions->errorHandler(8, 'Undefined index...', 'C:\\xampp\\htdocs...', 207, Array)
#1 C:\xampp\htdocs\Web-Hr\system\View\View.php(220): include('C:\\xampp\\htdocs...')
#2 C:\xampp\htdocs\Web-Hr\system\View\View.php(222): CodeIgniter\View\View->CodeIgniter\View\{closure}()
#3 C:\xampp\htdocs\Web-Hr\system\Common.php(1217): CodeIgniter\View\View->render('karyawan/v_kary...', Array, true)
#4 C:\xampp\htdocs\Web-Hr\app\Controllers\Karyawan.php(23): view('karyawan/v_kary...', Array)
#5 C:\xampp\htdocs\Web-Hr\system\CodeIgniter.php(936): App\Controllers\Karyawan->index()
#6 C:\xampp\htdocs\Web-Hr\system\CodeIgniter.php(432): CodeIgniter\CodeIgniter->runController(Object(App\Controllers\Karyawan))
#7 C:\xampp\htdocs\Web-Hr\system\CodeIgniter.php(333): CodeIgniter\CodeIgniter->handleRequest(NULL, Object(Config\Cache), false)
#8 C:\xampp\htdocs\Web-Hr\public\index.php(44): CodeIgniter\CodeIgniter->run()
#9 C:\xampp\htdocs\Web-Hr\system\Commands\Server\rewrite.php(45): require_once('C:\\xampp\\htdocs...')
#10 {main}
ERROR - 2021-04-23 10:20:25 --> mysqli_sql_exception: Unknown column 'surat_kontrak' in 'field list' in C:\xampp\htdocs\Web-Hr\system\Database\MySQLi\Connection.php:314
Stack trace:
#0 C:\xampp\htdocs\Web-Hr\system\Database\MySQLi\Connection.php(314): mysqli->query('UPDATE `tb_kont...')
#1 C:\xampp\htdocs\Web-Hr\system\Database\BaseConnection.php(713): CodeIgniter\Database\MySQLi\Connection->execute('UPDATE `tb_kont...')
#2 C:\xampp\htdocs\Web-Hr\system\Database\BaseConnection.php(641): CodeIgniter\Database\BaseConnection->simpleQuery('UPDATE `tb_kont...')
#3 C:\xampp\htdocs\Web-Hr\system\Database\BaseBuilder.php(2468): CodeIgniter\Database\BaseConnection->query('UPDATE `tb_kont...', Array, false)
#4 C:\xampp\htdocs\Web-Hr\app\Models\ModelKaryawan.php(26): CodeIgniter\Database\BaseBuilder->update(Array)
#5 C:\xampp\htdocs\Web-Hr\app\Controllers\Karyawan.php(82): App\Models\ModelKaryawan->edit(Array)
#6 C:\xampp\htdocs\Web-Hr\system\CodeIgniter.php(936): App\Controllers\Karyawan->edit('1')
#7 C:\xampp\htdocs\Web-Hr\system\CodeIgniter.php(432): CodeIgniter\CodeIgniter->runController(Object(App\Controllers\Karyawan))
#8 C:\xampp\htdocs\Web-Hr\system\CodeIgniter.php(333): CodeIgniter\CodeIgniter->handleRequest(NULL, Object(Config\Cache), false)
#9 C:\xampp\htdocs\Web-Hr\public\index.php(44): CodeIgniter\CodeIgniter->run()
#10 C:\xampp\htdocs\Web-Hr\system\Commands\Server\rewrite.php(45): require_once('C:\\xampp\\htdocs...')
#11 {main}
CRITICAL - 2021-04-23 10:20:25 --> Unknown column 'surat_kontrak' in 'field list'
#0 C:\xampp\htdocs\Web-Hr\system\Database\MySQLi\Connection.php(314): mysqli->query('UPDATE `tb_kont...')
#1 C:\xampp\htdocs\Web-Hr\system\Database\BaseConnection.php(713): CodeIgniter\Database\MySQLi\Connection->execute('UPDATE `tb_kont...')
#2 C:\xampp\htdocs\Web-Hr\system\Database\BaseConnection.php(641): CodeIgniter\Database\BaseConnection->simpleQuery('UPDATE `tb_kont...')
#3 C:\xampp\htdocs\Web-Hr\system\Database\BaseBuilder.php(2468): CodeIgniter\Database\BaseConnection->query('UPDATE `tb_kont...', Array, false)
#4 C:\xampp\htdocs\Web-Hr\app\Models\ModelKaryawan.php(26): CodeIgniter\Database\BaseBuilder->update(Array)
#5 C:\xampp\htdocs\Web-Hr\app\Controllers\Karyawan.php(82): App\Models\ModelKaryawan->edit(Array)
#6 C:\xampp\htdocs\Web-Hr\system\CodeIgniter.php(936): App\Controllers\Karyawan->edit('1')
#7 C:\xampp\htdocs\Web-Hr\system\CodeIgniter.php(432): CodeIgniter\CodeIgniter->runController(Object(App\Controllers\Karyawan))
#8 C:\xampp\htdocs\Web-Hr\system\CodeIgniter.php(333): CodeIgniter\CodeIgniter->handleRequest(NULL, Object(Config\Cache), false)
#9 C:\xampp\htdocs\Web-Hr\public\index.php(44): CodeIgniter\CodeIgniter->run()
#10 C:\xampp\htdocs\Web-Hr\system\Commands\Server\rewrite.php(45): require_once('C:\\xampp\\htdocs...')
#11 {main}
CRITICAL - 2021-04-23 10:21:05 --> unlink(./surat/surat1.pdf): No such file or directory
#0 [internal function]: CodeIgniter\Debug\Exceptions->errorHandler(2, 'unlink(./surat/...', 'C:\\xampp\\htdocs...', 65, Array)
#1 C:\xampp\htdocs\Web-Hr\app\Controllers\Karyawan.php(65): unlink('./surat/surat1....')
#2 C:\xampp\htdocs\Web-Hr\system\CodeIgniter.php(936): App\Controllers\Karyawan->edit('1')
#3 C:\xampp\htdocs\Web-Hr\system\CodeIgniter.php(432): CodeIgniter\CodeIgniter->runController(Object(App\Controllers\Karyawan))
#4 C:\xampp\htdocs\Web-Hr\system\CodeIgniter.php(333): CodeIgniter\CodeIgniter->handleRequest(NULL, Object(Config\Cache), false)
#5 C:\xampp\htdocs\Web-Hr\public\index.php(44): CodeIgniter\CodeIgniter->run()
#6 C:\xampp\htdocs\Web-Hr\system\Commands\Server\rewrite.php(45): require_once('C:\\xampp\\htdocs...')
#7 {main}
CRITICAL - 2021-04-23 10:26:13 --> Undefined index: foto
#0 C:\xampp\htdocs\Web-Hr\app\Controllers\Karyawan.php(92): CodeIgniter\Debug\Exceptions->errorHandler(8, 'Undefined index...', 'C:\\xampp\\htdocs...', 92, Array)
#1 C:\xampp\htdocs\Web-Hr\system\CodeIgniter.php(936): App\Controllers\Karyawan->delete_karyawan('2')
#2 C:\xampp\htdocs\Web-Hr\system\CodeIgniter.php(432): CodeIgniter\CodeIgniter->runController(Object(App\Controllers\Karyawan))
#3 C:\xampp\htdocs\Web-Hr\system\CodeIgniter.php(333): CodeIgniter\CodeIgniter->handleRequest(NULL, Object(Config\Cache), false)
#4 C:\xampp\htdocs\Web-Hr\public\index.php(44): CodeIgniter\CodeIgniter->run()
#5 C:\xampp\htdocs\Web-Hr\system\Commands\Server\rewrite.php(45): require_once('C:\\xampp\\htdocs...')
#6 {main}
CRITICAL - 2021-04-23 10:26:33 --> Undefined index: id_kontrak
#0 C:\xampp\htdocs\Web-Hr\app\Models\ModelKaryawan.php(32): CodeIgniter\Debug\Exceptions->errorHandler(8, 'Undefined index...', 'C:\\xampp\\htdocs...', 32, Array)
#1 C:\xampp\htdocs\Web-Hr\app\Controllers\Karyawan.php(98): App\Models\ModelKaryawan->delete_karyawan(Array)
#2 C:\xampp\htdocs\Web-Hr\system\CodeIgniter.php(936): App\Controllers\Karyawan->delete_karyawan('2')
#3 C:\xampp\htdocs\Web-Hr\system\CodeIgniter.php(432): CodeIgniter\CodeIgniter->runController(Object(App\Controllers\Karyawan))
#4 C:\xampp\htdocs\Web-Hr\system\CodeIgniter.php(333): CodeIgniter\CodeIgniter->handleRequest(NULL, Object(Config\Cache), false)
#5 C:\xampp\htdocs\Web-Hr\public\index.php(44): CodeIgniter\CodeIgniter->run()
#6 C:\xampp\htdocs\Web-Hr\system\Commands\Server\rewrite.php(45): require_once('C:\\xampp\\htdocs...')
#7 {main}
CRITICAL - 2021-04-23 10:26:58 --> unlink(./surat/1619191345_ec3981165a855290b3a2.pdf): No such file or directory
#0 [internal function]: CodeIgniter\Debug\Exceptions->errorHandler(2, 'unlink(./surat/...', 'C:\\xampp\\htdocs...', 93, Array)
#1 C:\xampp\htdocs\Web-Hr\app\Controllers\Karyawan.php(93): unlink('./surat/1619191...')
#2 C:\xampp\htdocs\Web-Hr\system\CodeIgniter.php(936): App\Controllers\Karyawan->delete_karyawan('2')
#3 C:\xampp\htdocs\Web-Hr\system\CodeIgniter.php(432): CodeIgniter\CodeIgniter->runController(Object(App\Controllers\Karyawan))
#4 C:\xampp\htdocs\Web-Hr\system\CodeIgniter.php(333): CodeIgniter\CodeIgniter->handleRequest(NULL, Object(Config\Cache), false)
#5 C:\xampp\htdocs\Web-Hr\public\index.php(44): CodeIgniter\CodeIgniter->run()
#6 C:\xampp\htdocs\Web-Hr\system\Commands\Server\rewrite.php(45): require_once('C:\\xampp\\htdocs...')
#7 {main}
CRITICAL - 2021-04-23 10:27:08 --> unlink(./surat/1619191345_ec3981165a855290b3a2.pdf): No such file or directory
#0 [internal function]: CodeIgniter\Debug\Exceptions->errorHandler(2, 'unlink(./surat/...', 'C:\\xampp\\htdocs...', 93, Array)
#1 C:\xampp\htdocs\Web-Hr\app\Controllers\Karyawan.php(93): unlink('./surat/1619191...')
#2 C:\xampp\htdocs\Web-Hr\system\CodeIgniter.php(936): App\Controllers\Karyawan->delete_karyawan('2')
#3 C:\xampp\htdocs\Web-Hr\system\CodeIgniter.php(432): CodeIgniter\CodeIgniter->runController(Object(App\Controllers\Karyawan))
#4 C:\xampp\htdocs\Web-Hr\system\CodeIgniter.php(333): CodeIgniter\CodeIgniter->handleRequest(NULL, Object(Config\Cache), false)
#5 C:\xampp\htdocs\Web-Hr\public\index.php(44): CodeIgniter\CodeIgniter->run()
#6 C:\xampp\htdocs\Web-Hr\system\Commands\Server\rewrite.php(45): require_once('C:\\xampp\\htdocs...')
#7 {main}
CRITICAL - 2021-04-23 10:28:11 --> Undefined index: id_kontrak
#0 C:\xampp\htdocs\Web-Hr\app\Models\ModelKaryawan.php(32): CodeIgniter\Debug\Exceptions->errorHandler(8, 'Undefined index...', 'C:\\xampp\\htdocs...', 32, Array)
#1 C:\xampp\htdocs\Web-Hr\app\Controllers\Karyawan.php(98): App\Models\ModelKaryawan->delete_karyawan(Array)
#2 C:\xampp\htdocs\Web-Hr\system\CodeIgniter.php(936): App\Controllers\Karyawan->delete_karyawan('3')
#3 C:\xampp\htdocs\Web-Hr\system\CodeIgniter.php(432): CodeIgniter\CodeIgniter->runController(Object(App\Controllers\Karyawan))
#4 C:\xampp\htdocs\Web-Hr\system\CodeIgniter.php(333): CodeIgniter\CodeIgniter->handleRequest(NULL, Object(Config\Cache), false)
#5 C:\xampp\htdocs\Web-Hr\public\index.php(44): CodeIgniter\CodeIgniter->run()
#6 C:\xampp\htdocs\Web-Hr\system\Commands\Server\rewrite.php(45): require_once('C:\\xampp\\htdocs...')
#7 {main}
CRITICAL - 2021-04-23 10:29:17 --> unlink(./surat/1619191687_3ed2df764032c201f2db.pdf): No such file or directory
#0 [internal function]: CodeIgniter\Debug\Exceptions->errorHandler(2, 'unlink(./surat/...', 'C:\\xampp\\htdocs...', 93, Array)
#1 C:\xampp\htdocs\Web-Hr\app\Controllers\Karyawan.php(93): unlink('./surat/1619191...')
#2 C:\xampp\htdocs\Web-Hr\system\CodeIgniter.php(936): App\Controllers\Karyawan->delete_karyawan('3')
#3 C:\xampp\htdocs\Web-Hr\system\CodeIgniter.php(432): CodeIgniter\CodeIgniter->runController(Object(App\Controllers\Karyawan))
#4 C:\xampp\htdocs\Web-Hr\system\CodeIgniter.php(333): CodeIgniter\CodeIgniter->handleRequest(NULL, Object(Config\Cache), false)
#5 C:\xampp\htdocs\Web-Hr\public\index.php(44): CodeIgniter\CodeIgniter->run()
#6 C:\xampp\htdocs\Web-Hr\system\Commands\Server\rewrite.php(45): require_once('C:\\xampp\\htdocs...')
#7 {main}
CRITICAL - 2021-04-23 10:32:30 --> Undefined index: id_kontrak
#0 C:\xampp\htdocs\Web-Hr\app\Models\ModelKaryawan.php(32): CodeIgniter\Debug\Exceptions->errorHandler(8, 'Undefined index...', 'C:\\xampp\\htdocs...', 32, Array)
#1 C:\xampp\htdocs\Web-Hr\app\Controllers\Karyawan.php(98): App\Models\ModelKaryawan->delete_karyawan(Array)
#2 C:\xampp\htdocs\Web-Hr\system\CodeIgniter.php(936): App\Controllers\Karyawan->delete_karyawan('4')
#3 C:\xampp\htdocs\Web-Hr\system\CodeIgniter.php(432): CodeIgniter\CodeIgniter->runController(Object(App\Controllers\Karyawan))
#4 C:\xampp\htdocs\Web-Hr\system\CodeIgniter.php(333): CodeIgniter\CodeIgniter->handleRequest(NULL, Object(Config\Cache), false)
#5 C:\xampp\htdocs\Web-Hr\public\index.php(44): CodeIgniter\CodeIgniter->run()
#6 C:\xampp\htdocs\Web-Hr\system\Commands\Server\rewrite.php(45): require_once('C:\\xampp\\htdocs...')
#7 {main}
CRITICAL - 2021-04-23 10:49:45 --> Undefined variable: karyawan
#0 C:\xampp\htdocs\Web-Hr\app\Views\admin\v_kontrak.php(50): CodeIgniter\Debug\Exceptions->errorHandler(8, 'Undefined varia...', 'C:\\xampp\\htdocs...', 50, Array)
#1 C:\xampp\htdocs\Web-Hr\system\View\View.php(220): include('C:\\xampp\\htdocs...')
#2 C:\xampp\htdocs\Web-Hr\system\View\View.php(222): CodeIgniter\View\View->CodeIgniter\View\{closure}()
#3 C:\xampp\htdocs\Web-Hr\system\Common.php(1217): CodeIgniter\View\View->render('admin/v_kontrak', Array, true)
#4 C:\xampp\htdocs\Web-Hr\app\Controllers\Kontrak.php(23): view('admin/v_kontrak', Array)
#5 C:\xampp\htdocs\Web-Hr\system\CodeIgniter.php(936): App\Controllers\Kontrak->index()
#6 C:\xampp\htdocs\Web-Hr\system\CodeIgniter.php(432): CodeIgniter\CodeIgniter->runController(Object(App\Controllers\Kontrak))
#7 C:\xampp\htdocs\Web-Hr\system\CodeIgniter.php(333): CodeIgniter\CodeIgniter->handleRequest(NULL, Object(Config\Cache), false)
#8 C:\xampp\htdocs\Web-Hr\public\index.php(44): CodeIgniter\CodeIgniter->run()
#9 C:\xampp\htdocs\Web-Hr\system\Commands\Server\rewrite.php(45): require_once('C:\\xampp\\htdocs...')
#10 {main}
CRITICAL - 2021-04-23 10:49:58 --> Undefined variable: karyawan
#0 C:\xampp\htdocs\Web-Hr\app\Views\admin\v_kontrak.php(50): CodeIgniter\Debug\Exceptions->errorHandler(8, 'Undefined varia...', 'C:\\xampp\\htdocs...', 50, Array)
#1 C:\xampp\htdocs\Web-Hr\system\View\View.php(220): include('C:\\xampp\\htdocs...')
#2 C:\xampp\htdocs\Web-Hr\system\View\View.php(222): CodeIgniter\View\View->CodeIgniter\View\{closure}()
#3 C:\xampp\htdocs\Web-Hr\system\Common.php(1217): CodeIgniter\View\View->render('admin/v_kontrak', Array, true)
#4 C:\xampp\htdocs\Web-Hr\app\Controllers\Kontrak.php(23): view('admin/v_kontrak', Array)
#5 C:\xampp\htdocs\Web-Hr\system\CodeIgniter.php(936): App\Controllers\Kontrak->index()
#6 C:\xampp\htdocs\Web-Hr\system\CodeIgniter.php(432): CodeIgniter\CodeIgniter->runController(Object(App\Controllers\Kontrak))
#7 C:\xampp\htdocs\Web-Hr\system\CodeIgniter.php(333): CodeIgniter\CodeIgniter->handleRequest(NULL, Object(Config\Cache), false)
#8 C:\xampp\htdocs\Web-Hr\public\index.php(44): CodeIgniter\CodeIgniter->run()
#9 C:\xampp\htdocs\Web-Hr\system\Commands\Server\rewrite.php(45): require_once('C:\\xampp\\htdocs...')
#10 {main}
CRITICAL - 2021-04-23 10:50:05 --> Undefined variable: karyawan
#0 C:\xampp\htdocs\Web-Hr\app\Views\admin\v_kontrak.php(50): CodeIgniter\Debug\Exceptions->errorHandler(8, 'Undefined varia...', 'C:\\xampp\\htdocs...', 50, Array)
#1 C:\xampp\htdocs\Web-Hr\system\View\View.php(220): include('C:\\xampp\\htdocs...')
#2 C:\xampp\htdocs\Web-Hr\system\View\View.php(222): CodeIgniter\View\View->CodeIgniter\View\{closure}()
#3 C:\xampp\htdocs\Web-Hr\system\Common.php(1217): CodeIgniter\View\View->render('admin/v_kontrak', Array, true)
#4 C:\xampp\htdocs\Web-Hr\app\Controllers\Kontrak.php(23): view('admin/v_kontrak', Array)
#5 C:\xampp\htdocs\Web-Hr\system\CodeIgniter.php(936): App\Controllers\Kontrak->index()
#6 C:\xampp\htdocs\Web-Hr\system\CodeIgniter.php(432): CodeIgniter\CodeIgniter->runController(Object(App\Controllers\Kontrak))
#7 C:\xampp\htdocs\Web-Hr\system\CodeIgniter.php(333): CodeIgniter\CodeIgniter->handleRequest(NULL, Object(Config\Cache), false)
#8 C:\xampp\htdocs\Web-Hr\public\index.php(44): CodeIgniter\CodeIgniter->run()
#9 C:\xampp\htdocs\Web-Hr\system\Commands\Server\rewrite.php(45): require_once('C:\\xampp\\htdocs...')
#10 {main}
CRITICAL - 2021-04-23 10:50:12 --> Undefined index: nama_kontrak
#0 C:\xampp\htdocs\Web-Hr\app\Views\admin\v_kontrak.php(53): CodeIgniter\Debug\Exceptions->errorHandler(8, 'Undefined index...', 'C:\\xampp\\htdocs...', 53, Array)
#1 C:\xampp\htdocs\Web-Hr\system\View\View.php(220): include('C:\\xampp\\htdocs...')
#2 C:\xampp\htdocs\Web-Hr\system\View\View.php(222): CodeIgniter\View\View->CodeIgniter\View\{closure}()
#3 C:\xampp\htdocs\Web-Hr\system\Common.php(1217): CodeIgniter\View\View->render('admin/v_kontrak', Array, true)
#4 C:\xampp\htdocs\Web-Hr\app\Controllers\Kontrak.php(23): view('admin/v_kontrak', Array)
#5 C:\xampp\htdocs\Web-Hr\system\CodeIgniter.php(936): App\Controllers\Kontrak->index()
#6 C:\xampp\htdocs\Web-Hr\system\CodeIgniter.php(432): CodeIgniter\CodeIgniter->runController(Object(App\Controllers\Kontrak))
#7 C:\xampp\htdocs\Web-Hr\system\CodeIgniter.php(333): CodeIgniter\CodeIgniter->handleRequest(NULL, Object(Config\Cache), false)
#8 C:\xampp\htdocs\Web-Hr\public\index.php(44): CodeIgniter\CodeIgniter->run()
#9 C:\xampp\htdocs\Web-Hr\system\Commands\Server\rewrite.php(45): require_once('C:\\xampp\\htdocs...')
#10 {main}
CRITICAL - 2021-04-23 10:50:34 --> Undefined index: nama_kontrak
#0 C:\xampp\htdocs\Web-Hr\app\Views\admin\v_kontrak.php(153): CodeIgniter\Debug\Exceptions->errorHandler(8, 'Undefined index...', 'C:\\xampp\\htdocs...', 153, Array)
#1 C:\xampp\htdocs\Web-Hr\system\View\View.php(220): include('C:\\xampp\\htdocs...')
#2 C:\xampp\htdocs\Web-Hr\system\View\View.php(222): CodeIgniter\View\View->CodeIgniter\View\{closure}()
#3 C:\xampp\htdocs\Web-Hr\system\Common.php(1217): CodeIgniter\View\View->render('admin/v_kontrak', Array, true)
#4 C:\xampp\htdocs\Web-Hr\app\Controllers\Kontrak.php(23): view('admin/v_kontrak', Array)
#5 C:\xampp\htdocs\Web-Hr\system\CodeIgniter.php(936): App\Controllers\Kontrak->index()
#6 C:\xampp\htdocs\Web-Hr\system\CodeIgniter.php(432): CodeIgniter\CodeIgniter->runController(Object(App\Controllers\Kontrak))
#7 C:\xampp\htdocs\Web-Hr\system\CodeIgniter.php(333): CodeIgniter\CodeIgniter->handleRequest(NULL, Object(Config\Cache), false)
#8 C:\xampp\htdocs\Web-Hr\public\index.php(44): CodeIgniter\CodeIgniter->run()
#9 C:\xampp\htdocs\Web-Hr\system\Commands\Server\rewrite.php(45): require_once('C:\\xampp\\htdocs...')
#10 {main}
ERROR - 2021-04-23 10:51:36 --> mysqli_sql_exception: Unknown column 'nama_kontrak' in 'field list' in C:\xampp\htdocs\Web-Hr\system\Database\MySQLi\Connection.php:314
Stack trace:
#0 C:\xampp\htdocs\Web-Hr\system\Database\MySQLi\Connection.php(314): mysqli->query('INSERT INTO `tb...')
#1 C:\xampp\htdocs\Web-Hr\system\Database\BaseConnection.php(713): CodeIgniter\Database\MySQLi\Connection->execute('INSERT INTO `tb...')
#2 C:\xampp\htdocs\Web-Hr\system\Database\BaseConnection.php(641): CodeIgniter\Database\BaseConnection->simpleQuery('INSERT INTO `tb...')
#3 C:\xampp\htdocs\Web-Hr\system\Database\BaseBuilder.php(2263): CodeIgniter\Database\BaseConnection->query('INSERT INTO `tb...', Array, false)
#4 C:\xampp\htdocs\Web-Hr\app\Models\ModelKontrak.php(19): CodeIgniter\Database\BaseBuilder->insert(Array)
#5 C:\xampp\htdocs\Web-Hr\app\Controllers\Kontrak.php(43): App\Models\ModelKontrak->add(Array)
#6 C:\xampp\htdocs\Web-Hr\system\CodeIgniter.php(936): App\Controllers\Kontrak->add()
#7 C:\xampp\htdocs\Web-Hr\system\CodeIgniter.php(432): CodeIgniter\CodeIgniter->runController(Object(App\Controllers\Kontrak))
#8 C:\xampp\htdocs\Web-Hr\system\CodeIgniter.php(333): CodeIgniter\CodeIgniter->handleRequest(NULL, Object(Config\Cache), false)
#9 C:\xampp\htdocs\Web-Hr\public\index.php(44): CodeIgniter\CodeIgniter->run()
#10 C:\xampp\htdocs\Web-Hr\system\Commands\Server\rewrite.php(45): require_once('C:\\xampp\\htdocs...')
#11 {main}
CRITICAL - 2021-04-23 10:51:36 --> Unknown column 'nama_kontrak' in 'field list'
#0 C:\xampp\htdocs\Web-Hr\system\Database\MySQLi\Connection.php(314): mysqli->query('INSERT INTO `tb...')
#1 C:\xampp\htdocs\Web-Hr\system\Database\BaseConnection.php(713): CodeIgniter\Database\MySQLi\Connection->execute('INSERT INTO `tb...')
#2 C:\xampp\htdocs\Web-Hr\system\Database\BaseConnection.php(641): CodeIgniter\Database\BaseConnection->simpleQuery('INSERT INTO `tb...')
#3 C:\xampp\htdocs\Web-Hr\system\Database\BaseBuilder.php(2263): CodeIgniter\Database\BaseConnection->query('INSERT INTO `tb...', Array, false)
#4 C:\xampp\htdocs\Web-Hr\app\Models\ModelKontrak.php(19): CodeIgniter\Database\BaseBuilder->insert(Array)
#5 C:\xampp\htdocs\Web-Hr\app\Controllers\Kontrak.php(43): App\Models\ModelKontrak->add(Array)
#6 C:\xampp\htdocs\Web-Hr\system\CodeIgniter.php(936): App\Controllers\Kontrak->add()
#7 C:\xampp\htdocs\Web-Hr\system\CodeIgniter.php(432): CodeIgniter\CodeIgniter->runController(Object(App\Controllers\Kontrak))
#8 C:\xampp\htdocs\Web-Hr\system\CodeIgniter.php(333): CodeIgniter\CodeIgniter->handleRequest(NULL, Object(Config\Cache), false)
#9 C:\xampp\htdocs\Web-Hr\public\index.php(44): CodeIgniter\CodeIgniter->run()
#10 C:\xampp\htdocs\Web-Hr\system\Commands\Server\rewrite.php(45): require_once('C:\\xampp\\htdocs...')
#11 {main}
CRITICAL - 2021-04-23 10:53:06 --> unlink(./surat/surat1.pdf): No such file or directory
#0 [internal function]: CodeIgniter\Debug\Exceptions->errorHandler(2, 'unlink(./surat/...', 'C:\\xampp\\htdocs...', 93, Array)
#1 C:\xampp\htdocs\Web-Hr\app\Controllers\Kontrak.php(93): unlink('./surat/surat1....')
#2 C:\xampp\htdocs\Web-Hr\system\CodeIgniter.php(936): App\Controllers\Kontrak->delete_kontrak('1')
#3 C:\xampp\htdocs\Web-Hr\system\CodeIgniter.php(432): CodeIgniter\CodeIgniter->runController(Object(App\Controllers\Kontrak))
#4 C:\xampp\htdocs\Web-Hr\system\CodeIgniter.php(333): CodeIgniter\CodeIgniter->handleRequest(NULL, Object(Config\Cache), false)
#5 C:\xampp\htdocs\Web-Hr\public\index.php(44): CodeIgniter\CodeIgniter->run()
#6 C:\xampp\htdocs\Web-Hr\system\Commands\Server\rewrite.php(45): require_once('C:\\xampp\\htdocs...')
#7 {main}
