CRITICAL - 2021-03-23 04:01:54 --> Call to undefined method CodeIgniter\View\View::extends()
#0 C:\xampp\htdocs\Web-Hr\system\View\View.php(220): include()
#1 C:\xampp\htdocs\Web-Hr\system\View\View.php(222): CodeIgniter\View\View->CodeIgniter\View\{closure}()
#2 C:\xampp\htdocs\Web-Hr\system\Common.php(1217): CodeIgniter\View\View->render('v_home', Array, true)
#3 C:\xampp\htdocs\Web-Hr\app\Controllers\Home.php(9): view('v_home')
#4 C:\xampp\htdocs\Web-Hr\system\CodeIgniter.php(936): App\Controllers\Home->index()
#5 C:\xampp\htdocs\Web-Hr\system\CodeIgniter.php(432): CodeIgniter\CodeIgniter->runController(Object(App\Controllers\Home))
#6 C:\xampp\htdocs\Web-Hr\system\CodeIgniter.php(333): CodeIgniter\CodeIgniter->handleRequest(NULL, Object(Config\Cache), false)
#7 C:\xampp\htdocs\Web-Hr\public\index.php(44): CodeIgniter\CodeIgniter->run()
#8 C:\xampp\htdocs\Web-Hr\system\Commands\Server\rewrite.php(45): require_once('C:\\xampp\\htdocs...')
#9 {main}
CRITICAL - 2021-03-23 04:02:01 --> Call to undefined method CodeIgniter\View\View::extends()
#0 C:\xampp\htdocs\Web-Hr\system\View\View.php(220): include()
#1 C:\xampp\htdocs\Web-Hr\system\View\View.php(222): CodeIgniter\View\View->CodeIgniter\View\{closure}()
#2 C:\xampp\htdocs\Web-Hr\system\Common.php(1217): CodeIgniter\View\View->render('v_home', Array, true)
#3 C:\xampp\htdocs\Web-Hr\app\Controllers\Home.php(9): view('v_home')
#4 C:\xampp\htdocs\Web-Hr\system\CodeIgniter.php(936): App\Controllers\Home->index()
#5 C:\xampp\htdocs\Web-Hr\system\CodeIgniter.php(432): CodeIgniter\CodeIgniter->runController(Object(App\Controllers\Home))
#6 C:\xampp\htdocs\Web-Hr\system\CodeIgniter.php(333): CodeIgniter\CodeIgniter->handleRequest(NULL, Object(Config\Cache), false)
#7 C:\xampp\htdocs\Web-Hr\public\index.php(44): CodeIgniter\CodeIgniter->run()
#8 C:\xampp\htdocs\Web-Hr\system\Commands\Server\rewrite.php(45): require_once('C:\\xampp\\htdocs...')
#9 {main}
CRITICAL - 2021-03-23 04:02:16 --> Call to undefined method CodeIgniter\View\View::extends()
#0 C:\xampp\htdocs\Web-Hr\system\View\View.php(220): include()
#1 C:\xampp\htdocs\Web-Hr\system\View\View.php(222): CodeIgniter\View\View->CodeIgniter\View\{closure}()
#2 C:\xampp\htdocs\Web-Hr\system\Common.php(1217): CodeIgniter\View\View->render('v_home', Array, true)
#3 C:\xampp\htdocs\Web-Hr\app\Controllers\Home.php(9): view('v_home')
#4 C:\xampp\htdocs\Web-Hr\system\CodeIgniter.php(936): App\Controllers\Home->index()
#5 C:\xampp\htdocs\Web-Hr\system\CodeIgniter.php(432): CodeIgniter\CodeIgniter->runController(Object(App\Controllers\Home))
#6 C:\xampp\htdocs\Web-Hr\system\CodeIgniter.php(333): CodeIgniter\CodeIgniter->handleRequest(NULL, Object(Config\Cache), false)
#7 C:\xampp\htdocs\Web-Hr\public\index.php(44): CodeIgniter\CodeIgniter->run()
#8 C:\xampp\htdocs\Web-Hr\system\Commands\Server\rewrite.php(45): require_once('C:\\xampp\\htdocs...')
#9 {main}
CRITICAL - 2021-03-23 04:02:37 --> Call to undefined method CodeIgniter\View\View::extends()
#0 C:\xampp\htdocs\Web-Hr\system\View\View.php(220): include()
#1 C:\xampp\htdocs\Web-Hr\system\View\View.php(222): CodeIgniter\View\View->CodeIgniter\View\{closure}()
#2 C:\xampp\htdocs\Web-Hr\system\Common.php(1217): CodeIgniter\View\View->render('v_home', Array, true)
#3 C:\xampp\htdocs\Web-Hr\app\Controllers\Home.php(9): view('v_home')
#4 C:\xampp\htdocs\Web-Hr\system\CodeIgniter.php(936): App\Controllers\Home->index()
#5 C:\xampp\htdocs\Web-Hr\system\CodeIgniter.php(432): CodeIgniter\CodeIgniter->runController(Object(App\Controllers\Home))
#6 C:\xampp\htdocs\Web-Hr\system\CodeIgniter.php(333): CodeIgniter\CodeIgniter->handleRequest(NULL, Object(Config\Cache), false)
#7 C:\xampp\htdocs\Web-Hr\public\index.php(44): CodeIgniter\CodeIgniter->run()
#8 C:\xampp\htdocs\Web-Hr\system\Commands\Server\rewrite.php(45): require_once('C:\\xampp\\htdocs...')
#9 {main}
CRITICAL - 2021-03-23 04:02:39 --> Call to undefined method CodeIgniter\View\View::extends()
#0 C:\xampp\htdocs\Web-Hr\system\View\View.php(220): include()
#1 C:\xampp\htdocs\Web-Hr\system\View\View.php(222): CodeIgniter\View\View->CodeIgniter\View\{closure}()
#2 C:\xampp\htdocs\Web-Hr\system\Common.php(1217): CodeIgniter\View\View->render('v_home', Array, true)
#3 C:\xampp\htdocs\Web-Hr\app\Controllers\Home.php(9): view('v_home')
#4 C:\xampp\htdocs\Web-Hr\system\CodeIgniter.php(936): App\Controllers\Home->index()
#5 C:\xampp\htdocs\Web-Hr\system\CodeIgniter.php(432): CodeIgniter\CodeIgniter->runController(Object(App\Controllers\Home))
#6 C:\xampp\htdocs\Web-Hr\system\CodeIgniter.php(333): CodeIgniter\CodeIgniter->handleRequest(NULL, Object(Config\Cache), false)
#7 C:\xampp\htdocs\Web-Hr\public\index.php(44): CodeIgniter\CodeIgniter->run()
#8 C:\xampp\htdocs\Web-Hr\system\Commands\Server\rewrite.php(45): require_once('C:\\xampp\\htdocs...')
#9 {main}
CRITICAL - 2021-03-23 04:03:33 --> Call to undefined method CodeIgniter\View\View::extends()
#0 C:\xampp\htdocs\Web-Hr\system\View\View.php(220): include()
#1 C:\xampp\htdocs\Web-Hr\system\View\View.php(222): CodeIgniter\View\View->CodeIgniter\View\{closure}()
#2 C:\xampp\htdocs\Web-Hr\system\Common.php(1217): CodeIgniter\View\View->render('v_home', Array, true)
#3 C:\xampp\htdocs\Web-Hr\app\Controllers\Home.php(9): view('v_home')
#4 C:\xampp\htdocs\Web-Hr\system\CodeIgniter.php(936): App\Controllers\Home->index()
#5 C:\xampp\htdocs\Web-Hr\system\CodeIgniter.php(432): CodeIgniter\CodeIgniter->runController(Object(App\Controllers\Home))
#6 C:\xampp\htdocs\Web-Hr\system\CodeIgniter.php(333): CodeIgniter\CodeIgniter->handleRequest(NULL, Object(Config\Cache), false)
#7 C:\xampp\htdocs\Web-Hr\public\index.php(44): CodeIgniter\CodeIgniter->run()
#8 C:\xampp\htdocs\Web-Hr\system\Commands\Server\rewrite.php(45): require_once('C:\\xampp\\htdocs...')
#9 {main}
CRITICAL - 2021-03-23 04:03:34 --> Call to undefined method CodeIgniter\View\View::extends()
#0 C:\xampp\htdocs\Web-Hr\system\View\View.php(220): include()
#1 C:\xampp\htdocs\Web-Hr\system\View\View.php(222): CodeIgniter\View\View->CodeIgniter\View\{closure}()
#2 C:\xampp\htdocs\Web-Hr\system\Common.php(1217): CodeIgniter\View\View->render('v_home', Array, true)
#3 C:\xampp\htdocs\Web-Hr\app\Controllers\Home.php(9): view('v_home')
#4 C:\xampp\htdocs\Web-Hr\system\CodeIgniter.php(936): App\Controllers\Home->index()
#5 C:\xampp\htdocs\Web-Hr\system\CodeIgniter.php(432): CodeIgniter\CodeIgniter->runController(Object(App\Controllers\Home))
#6 C:\xampp\htdocs\Web-Hr\system\CodeIgniter.php(333): CodeIgniter\CodeIgniter->handleRequest(NULL, Object(Config\Cache), false)
#7 C:\xampp\htdocs\Web-Hr\public\index.php(44): CodeIgniter\CodeIgniter->run()
#8 C:\xampp\htdocs\Web-Hr\system\Commands\Server\rewrite.php(45): require_once('C:\\xampp\\htdocs...')
#9 {main}
CRITICAL - 2021-03-23 04:03:35 --> Call to undefined method CodeIgniter\View\View::extends()
#0 C:\xampp\htdocs\Web-Hr\system\View\View.php(220): include()
#1 C:\xampp\htdocs\Web-Hr\system\View\View.php(222): CodeIgniter\View\View->CodeIgniter\View\{closure}()
#2 C:\xampp\htdocs\Web-Hr\system\Common.php(1217): CodeIgniter\View\View->render('v_home', Array, true)
#3 C:\xampp\htdocs\Web-Hr\app\Controllers\Home.php(9): view('v_home')
#4 C:\xampp\htdocs\Web-Hr\system\CodeIgniter.php(936): App\Controllers\Home->index()
#5 C:\xampp\htdocs\Web-Hr\system\CodeIgniter.php(432): CodeIgniter\CodeIgniter->runController(Object(App\Controllers\Home))
#6 C:\xampp\htdocs\Web-Hr\system\CodeIgniter.php(333): CodeIgniter\CodeIgniter->handleRequest(NULL, Object(Config\Cache), false)
#7 C:\xampp\htdocs\Web-Hr\public\index.php(44): CodeIgniter\CodeIgniter->run()
#8 C:\xampp\htdocs\Web-Hr\system\Commands\Server\rewrite.php(45): require_once('C:\\xampp\\htdocs...')
#9 {main}
CRITICAL - 2021-03-23 04:03:35 --> Call to undefined method CodeIgniter\View\View::extends()
#0 C:\xampp\htdocs\Web-Hr\system\View\View.php(220): include()
#1 C:\xampp\htdocs\Web-Hr\system\View\View.php(222): CodeIgniter\View\View->CodeIgniter\View\{closure}()
#2 C:\xampp\htdocs\Web-Hr\system\Common.php(1217): CodeIgniter\View\View->render('v_home', Array, true)
#3 C:\xampp\htdocs\Web-Hr\app\Controllers\Home.php(9): view('v_home')
#4 C:\xampp\htdocs\Web-Hr\system\CodeIgniter.php(936): App\Controllers\Home->index()
#5 C:\xampp\htdocs\Web-Hr\system\CodeIgniter.php(432): CodeIgniter\CodeIgniter->runController(Object(App\Controllers\Home))
#6 C:\xampp\htdocs\Web-Hr\system\CodeIgniter.php(333): CodeIgniter\CodeIgniter->handleRequest(NULL, Object(Config\Cache), false)
#7 C:\xampp\htdocs\Web-Hr\public\index.php(44): CodeIgniter\CodeIgniter->run()
#8 C:\xampp\htdocs\Web-Hr\system\Commands\Server\rewrite.php(45): require_once('C:\\xampp\\htdocs...')
#9 {main}
CRITICAL - 2021-03-23 04:03:36 --> Call to undefined method CodeIgniter\View\View::extends()
#0 C:\xampp\htdocs\Web-Hr\system\View\View.php(220): include()
#1 C:\xampp\htdocs\Web-Hr\system\View\View.php(222): CodeIgniter\View\View->CodeIgniter\View\{closure}()
#2 C:\xampp\htdocs\Web-Hr\system\Common.php(1217): CodeIgniter\View\View->render('v_home', Array, true)
#3 C:\xampp\htdocs\Web-Hr\app\Controllers\Home.php(9): view('v_home')
#4 C:\xampp\htdocs\Web-Hr\system\CodeIgniter.php(936): App\Controllers\Home->index()
#5 C:\xampp\htdocs\Web-Hr\system\CodeIgniter.php(432): CodeIgniter\CodeIgniter->runController(Object(App\Controllers\Home))
#6 C:\xampp\htdocs\Web-Hr\system\CodeIgniter.php(333): CodeIgniter\CodeIgniter->handleRequest(NULL, Object(Config\Cache), false)
#7 C:\xampp\htdocs\Web-Hr\public\index.php(44): CodeIgniter\CodeIgniter->run()
#8 C:\xampp\htdocs\Web-Hr\system\Commands\Server\rewrite.php(45): require_once('C:\\xampp\\htdocs...')
#9 {main}
CRITICAL - 2021-03-23 04:03:36 --> Call to undefined method CodeIgniter\View\View::extends()
#0 C:\xampp\htdocs\Web-Hr\system\View\View.php(220): include()
#1 C:\xampp\htdocs\Web-Hr\system\View\View.php(222): CodeIgniter\View\View->CodeIgniter\View\{closure}()
#2 C:\xampp\htdocs\Web-Hr\system\Common.php(1217): CodeIgniter\View\View->render('v_home', Array, true)
#3 C:\xampp\htdocs\Web-Hr\app\Controllers\Home.php(9): view('v_home')
#4 C:\xampp\htdocs\Web-Hr\system\CodeIgniter.php(936): App\Controllers\Home->index()
#5 C:\xampp\htdocs\Web-Hr\system\CodeIgniter.php(432): CodeIgniter\CodeIgniter->runController(Object(App\Controllers\Home))
#6 C:\xampp\htdocs\Web-Hr\system\CodeIgniter.php(333): CodeIgniter\CodeIgniter->handleRequest(NULL, Object(Config\Cache), false)
#7 C:\xampp\htdocs\Web-Hr\public\index.php(44): CodeIgniter\CodeIgniter->run()
#8 C:\xampp\htdocs\Web-Hr\system\Commands\Server\rewrite.php(45): require_once('C:\\xampp\\htdocs...')
#9 {main}
CRITICAL - 2021-03-23 04:03:37 --> Call to undefined method CodeIgniter\View\View::extends()
#0 C:\xampp\htdocs\Web-Hr\system\View\View.php(220): include()
#1 C:\xampp\htdocs\Web-Hr\system\View\View.php(222): CodeIgniter\View\View->CodeIgniter\View\{closure}()
#2 C:\xampp\htdocs\Web-Hr\system\Common.php(1217): CodeIgniter\View\View->render('v_home', Array, true)
#3 C:\xampp\htdocs\Web-Hr\app\Controllers\Home.php(9): view('v_home')
#4 C:\xampp\htdocs\Web-Hr\system\CodeIgniter.php(936): App\Controllers\Home->index()
#5 C:\xampp\htdocs\Web-Hr\system\CodeIgniter.php(432): CodeIgniter\CodeIgniter->runController(Object(App\Controllers\Home))
#6 C:\xampp\htdocs\Web-Hr\system\CodeIgniter.php(333): CodeIgniter\CodeIgniter->handleRequest(NULL, Object(Config\Cache), false)
#7 C:\xampp\htdocs\Web-Hr\public\index.php(44): CodeIgniter\CodeIgniter->run()
#8 C:\xampp\htdocs\Web-Hr\system\Commands\Server\rewrite.php(45): require_once('C:\\xampp\\htdocs...')
#9 {main}
CRITICAL - 2021-03-23 04:03:37 --> Call to undefined method CodeIgniter\View\View::extends()
#0 C:\xampp\htdocs\Web-Hr\system\View\View.php(220): include()
#1 C:\xampp\htdocs\Web-Hr\system\View\View.php(222): CodeIgniter\View\View->CodeIgniter\View\{closure}()
#2 C:\xampp\htdocs\Web-Hr\system\Common.php(1217): CodeIgniter\View\View->render('v_home', Array, true)
#3 C:\xampp\htdocs\Web-Hr\app\Controllers\Home.php(9): view('v_home')
#4 C:\xampp\htdocs\Web-Hr\system\CodeIgniter.php(936): App\Controllers\Home->index()
#5 C:\xampp\htdocs\Web-Hr\system\CodeIgniter.php(432): CodeIgniter\CodeIgniter->runController(Object(App\Controllers\Home))
#6 C:\xampp\htdocs\Web-Hr\system\CodeIgniter.php(333): CodeIgniter\CodeIgniter->handleRequest(NULL, Object(Config\Cache), false)
#7 C:\xampp\htdocs\Web-Hr\public\index.php(44): CodeIgniter\CodeIgniter->run()
#8 C:\xampp\htdocs\Web-Hr\system\Commands\Server\rewrite.php(45): require_once('C:\\xampp\\htdocs...')
#9 {main}
CRITICAL - 2021-03-23 04:03:37 --> Call to undefined method CodeIgniter\View\View::extends()
#0 C:\xampp\htdocs\Web-Hr\system\View\View.php(220): include()
#1 C:\xampp\htdocs\Web-Hr\system\View\View.php(222): CodeIgniter\View\View->CodeIgniter\View\{closure}()
#2 C:\xampp\htdocs\Web-Hr\system\Common.php(1217): CodeIgniter\View\View->render('v_home', Array, true)
#3 C:\xampp\htdocs\Web-Hr\app\Controllers\Home.php(9): view('v_home')
#4 C:\xampp\htdocs\Web-Hr\system\CodeIgniter.php(936): App\Controllers\Home->index()
#5 C:\xampp\htdocs\Web-Hr\system\CodeIgniter.php(432): CodeIgniter\CodeIgniter->runController(Object(App\Controllers\Home))
#6 C:\xampp\htdocs\Web-Hr\system\CodeIgniter.php(333): CodeIgniter\CodeIgniter->handleRequest(NULL, Object(Config\Cache), false)
#7 C:\xampp\htdocs\Web-Hr\public\index.php(44): CodeIgniter\CodeIgniter->run()
#8 C:\xampp\htdocs\Web-Hr\system\Commands\Server\rewrite.php(45): require_once('C:\\xampp\\htdocs...')
#9 {main}
CRITICAL - 2021-03-23 04:03:52 --> Call to undefined method CodeIgniter\View\View::extends()
#0 C:\xampp\htdocs\Web-Hr\system\View\View.php(220): include()
#1 C:\xampp\htdocs\Web-Hr\system\View\View.php(222): CodeIgniter\View\View->CodeIgniter\View\{closure}()
#2 C:\xampp\htdocs\Web-Hr\system\Common.php(1217): CodeIgniter\View\View->render('v_home', Array, true)
#3 C:\xampp\htdocs\Web-Hr\app\Controllers\Home.php(9): view('v_home')
#4 C:\xampp\htdocs\Web-Hr\system\CodeIgniter.php(936): App\Controllers\Home->index()
#5 C:\xampp\htdocs\Web-Hr\system\CodeIgniter.php(432): CodeIgniter\CodeIgniter->runController(Object(App\Controllers\Home))
#6 C:\xampp\htdocs\Web-Hr\system\CodeIgniter.php(333): CodeIgniter\CodeIgniter->handleRequest(NULL, Object(Config\Cache), false)
#7 C:\xampp\htdocs\Web-Hr\public\index.php(44): CodeIgniter\CodeIgniter->run()
#8 C:\xampp\htdocs\Web-Hr\system\Commands\Server\rewrite.php(45): require_once('C:\\xampp\\htdocs...')
#9 {main}
CRITICAL - 2021-03-23 04:04:22 --> Call to undefined method CodeIgniter\View\View::extends()
#0 C:\xampp\htdocs\Web-Hr\system\View\View.php(220): include()
#1 C:\xampp\htdocs\Web-Hr\system\View\View.php(222): CodeIgniter\View\View->CodeIgniter\View\{closure}()
#2 C:\xampp\htdocs\Web-Hr\system\Common.php(1217): CodeIgniter\View\View->render('v_home', Array, true)
#3 C:\xampp\htdocs\Web-Hr\app\Controllers\Home.php(9): view('v_home')
#4 C:\xampp\htdocs\Web-Hr\system\CodeIgniter.php(936): App\Controllers\Home->index()
#5 C:\xampp\htdocs\Web-Hr\system\CodeIgniter.php(432): CodeIgniter\CodeIgniter->runController(Object(App\Controllers\Home))
#6 C:\xampp\htdocs\Web-Hr\system\CodeIgniter.php(333): CodeIgniter\CodeIgniter->handleRequest(NULL, Object(Config\Cache), false)
#7 C:\xampp\htdocs\Web-Hr\public\index.php(44): CodeIgniter\CodeIgniter->run()
#8 C:\xampp\htdocs\Web-Hr\system\Commands\Server\rewrite.php(45): require_once('C:\\xampp\\htdocs...')
#9 {main}
CRITICAL - 2021-03-23 04:04:23 --> Call to undefined method CodeIgniter\View\View::extends()
#0 C:\xampp\htdocs\Web-Hr\system\View\View.php(220): include()
#1 C:\xampp\htdocs\Web-Hr\system\View\View.php(222): CodeIgniter\View\View->CodeIgniter\View\{closure}()
#2 C:\xampp\htdocs\Web-Hr\system\Common.php(1217): CodeIgniter\View\View->render('v_home', Array, true)
#3 C:\xampp\htdocs\Web-Hr\app\Controllers\Home.php(9): view('v_home')
#4 C:\xampp\htdocs\Web-Hr\system\CodeIgniter.php(936): App\Controllers\Home->index()
#5 C:\xampp\htdocs\Web-Hr\system\CodeIgniter.php(432): CodeIgniter\CodeIgniter->runController(Object(App\Controllers\Home))
#6 C:\xampp\htdocs\Web-Hr\system\CodeIgniter.php(333): CodeIgniter\CodeIgniter->handleRequest(NULL, Object(Config\Cache), false)
#7 C:\xampp\htdocs\Web-Hr\public\index.php(44): CodeIgniter\CodeIgniter->run()
#8 C:\xampp\htdocs\Web-Hr\system\Commands\Server\rewrite.php(45): require_once('C:\\xampp\\htdocs...')
#9 {main}
CRITICAL - 2021-03-23 04:04:24 --> Call to undefined method CodeIgniter\View\View::extends()
#0 C:\xampp\htdocs\Web-Hr\system\View\View.php(220): include()
#1 C:\xampp\htdocs\Web-Hr\system\View\View.php(222): CodeIgniter\View\View->CodeIgniter\View\{closure}()
#2 C:\xampp\htdocs\Web-Hr\system\Common.php(1217): CodeIgniter\View\View->render('v_home', Array, true)
#3 C:\xampp\htdocs\Web-Hr\app\Controllers\Home.php(9): view('v_home')
#4 C:\xampp\htdocs\Web-Hr\system\CodeIgniter.php(936): App\Controllers\Home->index()
#5 C:\xampp\htdocs\Web-Hr\system\CodeIgniter.php(432): CodeIgniter\CodeIgniter->runController(Object(App\Controllers\Home))
#6 C:\xampp\htdocs\Web-Hr\system\CodeIgniter.php(333): CodeIgniter\CodeIgniter->handleRequest(NULL, Object(Config\Cache), false)
#7 C:\xampp\htdocs\Web-Hr\public\index.php(44): CodeIgniter\CodeIgniter->run()
#8 C:\xampp\htdocs\Web-Hr\system\Commands\Server\rewrite.php(45): require_once('C:\\xampp\\htdocs...')
#9 {main}
CRITICAL - 2021-03-23 04:04:24 --> Call to undefined method CodeIgniter\View\View::extends()
#0 C:\xampp\htdocs\Web-Hr\system\View\View.php(220): include()
#1 C:\xampp\htdocs\Web-Hr\system\View\View.php(222): CodeIgniter\View\View->CodeIgniter\View\{closure}()
#2 C:\xampp\htdocs\Web-Hr\system\Common.php(1217): CodeIgniter\View\View->render('v_home', Array, true)
#3 C:\xampp\htdocs\Web-Hr\app\Controllers\Home.php(9): view('v_home')
#4 C:\xampp\htdocs\Web-Hr\system\CodeIgniter.php(936): App\Controllers\Home->index()
#5 C:\xampp\htdocs\Web-Hr\system\CodeIgniter.php(432): CodeIgniter\CodeIgniter->runController(Object(App\Controllers\Home))
#6 C:\xampp\htdocs\Web-Hr\system\CodeIgniter.php(333): CodeIgniter\CodeIgniter->handleRequest(NULL, Object(Config\Cache), false)
#7 C:\xampp\htdocs\Web-Hr\public\index.php(44): CodeIgniter\CodeIgniter->run()
#8 C:\xampp\htdocs\Web-Hr\system\Commands\Server\rewrite.php(45): require_once('C:\\xampp\\htdocs...')
#9 {main}
CRITICAL - 2021-03-23 04:04:25 --> Call to undefined method CodeIgniter\View\View::extends()
#0 C:\xampp\htdocs\Web-Hr\system\View\View.php(220): include()
#1 C:\xampp\htdocs\Web-Hr\system\View\View.php(222): CodeIgniter\View\View->CodeIgniter\View\{closure}()
#2 C:\xampp\htdocs\Web-Hr\system\Common.php(1217): CodeIgniter\View\View->render('v_home', Array, true)
#3 C:\xampp\htdocs\Web-Hr\app\Controllers\Home.php(9): view('v_home')
#4 C:\xampp\htdocs\Web-Hr\system\CodeIgniter.php(936): App\Controllers\Home->index()
#5 C:\xampp\htdocs\Web-Hr\system\CodeIgniter.php(432): CodeIgniter\CodeIgniter->runController(Object(App\Controllers\Home))
#6 C:\xampp\htdocs\Web-Hr\system\CodeIgniter.php(333): CodeIgniter\CodeIgniter->handleRequest(NULL, Object(Config\Cache), false)
#7 C:\xampp\htdocs\Web-Hr\public\index.php(44): CodeIgniter\CodeIgniter->run()
#8 C:\xampp\htdocs\Web-Hr\system\Commands\Server\rewrite.php(45): require_once('C:\\xampp\\htdocs...')
#9 {main}
CRITICAL - 2021-03-23 04:04:25 --> Call to undefined method CodeIgniter\View\View::extends()
#0 C:\xampp\htdocs\Web-Hr\system\View\View.php(220): include()
#1 C:\xampp\htdocs\Web-Hr\system\View\View.php(222): CodeIgniter\View\View->CodeIgniter\View\{closure}()
#2 C:\xampp\htdocs\Web-Hr\system\Common.php(1217): CodeIgniter\View\View->render('v_home', Array, true)
#3 C:\xampp\htdocs\Web-Hr\app\Controllers\Home.php(9): view('v_home')
#4 C:\xampp\htdocs\Web-Hr\system\CodeIgniter.php(936): App\Controllers\Home->index()
#5 C:\xampp\htdocs\Web-Hr\system\CodeIgniter.php(432): CodeIgniter\CodeIgniter->runController(Object(App\Controllers\Home))
#6 C:\xampp\htdocs\Web-Hr\system\CodeIgniter.php(333): CodeIgniter\CodeIgniter->handleRequest(NULL, Object(Config\Cache), false)
#7 C:\xampp\htdocs\Web-Hr\public\index.php(44): CodeIgniter\CodeIgniter->run()
#8 C:\xampp\htdocs\Web-Hr\system\Commands\Server\rewrite.php(45): require_once('C:\\xampp\\htdocs...')
#9 {main}
CRITICAL - 2021-03-23 04:05:46 --> Call to undefined method CodeIgniter\View\View::extends()
#0 C:\xampp\htdocs\Web-Hr\system\View\View.php(220): include()
#1 C:\xampp\htdocs\Web-Hr\system\View\View.php(222): CodeIgniter\View\View->CodeIgniter\View\{closure}()
#2 C:\xampp\htdocs\Web-Hr\system\Common.php(1217): CodeIgniter\View\View->render('v_home', Array, true)
#3 C:\xampp\htdocs\Web-Hr\app\Controllers\Home.php(9): view('v_home')
#4 C:\xampp\htdocs\Web-Hr\system\CodeIgniter.php(936): App\Controllers\Home->index()
#5 C:\xampp\htdocs\Web-Hr\system\CodeIgniter.php(432): CodeIgniter\CodeIgniter->runController(Object(App\Controllers\Home))
#6 C:\xampp\htdocs\Web-Hr\system\CodeIgniter.php(333): CodeIgniter\CodeIgniter->handleRequest(NULL, Object(Config\Cache), false)
#7 C:\xampp\htdocs\Web-Hr\public\index.php(44): CodeIgniter\CodeIgniter->run()
#8 C:\xampp\htdocs\Web-Hr\system\Commands\Server\rewrite.php(45): require_once('C:\\xampp\\htdocs...')
#9 {main}
CRITICAL - 2021-03-23 04:10:30 --> Call to undefined method CodeIgniter\View\View::extends()
#0 C:\xampp\htdocs\Web-Hr\system\View\View.php(220): include()
#1 C:\xampp\htdocs\Web-Hr\system\View\View.php(222): CodeIgniter\View\View->CodeIgniter\View\{closure}()
#2 C:\xampp\htdocs\Web-Hr\system\Common.php(1217): CodeIgniter\View\View->render('v_home', Array, true)
#3 C:\xampp\htdocs\Web-Hr\app\Controllers\Home.php(9): view('v_home')
#4 C:\xampp\htdocs\Web-Hr\system\CodeIgniter.php(936): App\Controllers\Home->index()
#5 C:\xampp\htdocs\Web-Hr\system\CodeIgniter.php(432): CodeIgniter\CodeIgniter->runController(Object(App\Controllers\Home))
#6 C:\xampp\htdocs\Web-Hr\system\CodeIgniter.php(333): CodeIgniter\CodeIgniter->handleRequest(NULL, Object(Config\Cache), false)
#7 C:\xampp\htdocs\Web-Hr\public\index.php(44): CodeIgniter\CodeIgniter->run()
#8 C:\xampp\htdocs\Web-Hr\system\Commands\Server\rewrite.php(45): require_once('C:\\xampp\\htdocs...')
#9 {main}
CRITICAL - 2021-03-23 04:11:55 --> Call to undefined method CodeIgniter\View\View::extends()
#0 C:\xampp\htdocs\Web-Hr\system\View\View.php(220): include()
#1 C:\xampp\htdocs\Web-Hr\system\View\View.php(222): CodeIgniter\View\View->CodeIgniter\View\{closure}()
#2 C:\xampp\htdocs\Web-Hr\system\Common.php(1217): CodeIgniter\View\View->render('v_home', Array, true)
#3 C:\xampp\htdocs\Web-Hr\app\Controllers\Home.php(9): view('v_home')
#4 C:\xampp\htdocs\Web-Hr\system\CodeIgniter.php(936): App\Controllers\Home->index()
#5 C:\xampp\htdocs\Web-Hr\system\CodeIgniter.php(432): CodeIgniter\CodeIgniter->runController(Object(App\Controllers\Home))
#6 C:\xampp\htdocs\Web-Hr\system\CodeIgniter.php(333): CodeIgniter\CodeIgniter->handleRequest(NULL, Object(Config\Cache), false)
#7 C:\xampp\htdocs\Web-Hr\public\index.php(44): CodeIgniter\CodeIgniter->run()
#8 C:\xampp\htdocs\Web-Hr\system\Commands\Server\rewrite.php(45): require_once('C:\\xampp\\htdocs...')
#9 {main}
CRITICAL - 2021-03-23 04:11:55 --> Call to undefined method CodeIgniter\View\View::extends()
#0 C:\xampp\htdocs\Web-Hr\system\View\View.php(220): include()
#1 C:\xampp\htdocs\Web-Hr\system\View\View.php(222): CodeIgniter\View\View->CodeIgniter\View\{closure}()
#2 C:\xampp\htdocs\Web-Hr\system\Common.php(1217): CodeIgniter\View\View->render('v_home', Array, true)
#3 C:\xampp\htdocs\Web-Hr\app\Controllers\Home.php(9): view('v_home')
#4 C:\xampp\htdocs\Web-Hr\system\CodeIgniter.php(936): App\Controllers\Home->index()
#5 C:\xampp\htdocs\Web-Hr\system\CodeIgniter.php(432): CodeIgniter\CodeIgniter->runController(Object(App\Controllers\Home))
#6 C:\xampp\htdocs\Web-Hr\system\CodeIgniter.php(333): CodeIgniter\CodeIgniter->handleRequest(NULL, Object(Config\Cache), false)
#7 C:\xampp\htdocs\Web-Hr\public\index.php(44): CodeIgniter\CodeIgniter->run()
#8 C:\xampp\htdocs\Web-Hr\system\Commands\Server\rewrite.php(45): require_once('C:\\xampp\\htdocs...')
#9 {main}
CRITICAL - 2021-03-23 04:11:56 --> Call to undefined method CodeIgniter\View\View::extends()
#0 C:\xampp\htdocs\Web-Hr\system\View\View.php(220): include()
#1 C:\xampp\htdocs\Web-Hr\system\View\View.php(222): CodeIgniter\View\View->CodeIgniter\View\{closure}()
#2 C:\xampp\htdocs\Web-Hr\system\Common.php(1217): CodeIgniter\View\View->render('v_home', Array, true)
#3 C:\xampp\htdocs\Web-Hr\app\Controllers\Home.php(9): view('v_home')
#4 C:\xampp\htdocs\Web-Hr\system\CodeIgniter.php(936): App\Controllers\Home->index()
#5 C:\xampp\htdocs\Web-Hr\system\CodeIgniter.php(432): CodeIgniter\CodeIgniter->runController(Object(App\Controllers\Home))
#6 C:\xampp\htdocs\Web-Hr\system\CodeIgniter.php(333): CodeIgniter\CodeIgniter->handleRequest(NULL, Object(Config\Cache), false)
#7 C:\xampp\htdocs\Web-Hr\public\index.php(44): CodeIgniter\CodeIgniter->run()
#8 C:\xampp\htdocs\Web-Hr\system\Commands\Server\rewrite.php(45): require_once('C:\\xampp\\htdocs...')
#9 {main}
CRITICAL - 2021-03-23 04:11:56 --> Call to undefined method CodeIgniter\View\View::extends()
#0 C:\xampp\htdocs\Web-Hr\system\View\View.php(220): include()
#1 C:\xampp\htdocs\Web-Hr\system\View\View.php(222): CodeIgniter\View\View->CodeIgniter\View\{closure}()
#2 C:\xampp\htdocs\Web-Hr\system\Common.php(1217): CodeIgniter\View\View->render('v_home', Array, true)
#3 C:\xampp\htdocs\Web-Hr\app\Controllers\Home.php(9): view('v_home')
#4 C:\xampp\htdocs\Web-Hr\system\CodeIgniter.php(936): App\Controllers\Home->index()
#5 C:\xampp\htdocs\Web-Hr\system\CodeIgniter.php(432): CodeIgniter\CodeIgniter->runController(Object(App\Controllers\Home))
#6 C:\xampp\htdocs\Web-Hr\system\CodeIgniter.php(333): CodeIgniter\CodeIgniter->handleRequest(NULL, Object(Config\Cache), false)
#7 C:\xampp\htdocs\Web-Hr\public\index.php(44): CodeIgniter\CodeIgniter->run()
#8 C:\xampp\htdocs\Web-Hr\system\Commands\Server\rewrite.php(45): require_once('C:\\xampp\\htdocs...')
#9 {main}
CRITICAL - 2021-03-23 04:11:56 --> Call to undefined method CodeIgniter\View\View::extends()
#0 C:\xampp\htdocs\Web-Hr\system\View\View.php(220): include()
#1 C:\xampp\htdocs\Web-Hr\system\View\View.php(222): CodeIgniter\View\View->CodeIgniter\View\{closure}()
#2 C:\xampp\htdocs\Web-Hr\system\Common.php(1217): CodeIgniter\View\View->render('v_home', Array, true)
#3 C:\xampp\htdocs\Web-Hr\app\Controllers\Home.php(9): view('v_home')
#4 C:\xampp\htdocs\Web-Hr\system\CodeIgniter.php(936): App\Controllers\Home->index()
#5 C:\xampp\htdocs\Web-Hr\system\CodeIgniter.php(432): CodeIgniter\CodeIgniter->runController(Object(App\Controllers\Home))
#6 C:\xampp\htdocs\Web-Hr\system\CodeIgniter.php(333): CodeIgniter\CodeIgniter->handleRequest(NULL, Object(Config\Cache), false)
#7 C:\xampp\htdocs\Web-Hr\public\index.php(44): CodeIgniter\CodeIgniter->run()
#8 C:\xampp\htdocs\Web-Hr\system\Commands\Server\rewrite.php(45): require_once('C:\\xampp\\htdocs...')
#9 {main}
CRITICAL - 2021-03-23 04:11:56 --> Call to undefined method CodeIgniter\View\View::extends()
#0 C:\xampp\htdocs\Web-Hr\system\View\View.php(220): include()
#1 C:\xampp\htdocs\Web-Hr\system\View\View.php(222): CodeIgniter\View\View->CodeIgniter\View\{closure}()
#2 C:\xampp\htdocs\Web-Hr\system\Common.php(1217): CodeIgniter\View\View->render('v_home', Array, true)
#3 C:\xampp\htdocs\Web-Hr\app\Controllers\Home.php(9): view('v_home')
#4 C:\xampp\htdocs\Web-Hr\system\CodeIgniter.php(936): App\Controllers\Home->index()
#5 C:\xampp\htdocs\Web-Hr\system\CodeIgniter.php(432): CodeIgniter\CodeIgniter->runController(Object(App\Controllers\Home))
#6 C:\xampp\htdocs\Web-Hr\system\CodeIgniter.php(333): CodeIgniter\CodeIgniter->handleRequest(NULL, Object(Config\Cache), false)
#7 C:\xampp\htdocs\Web-Hr\public\index.php(44): CodeIgniter\CodeIgniter->run()
#8 C:\xampp\htdocs\Web-Hr\system\Commands\Server\rewrite.php(45): require_once('C:\\xampp\\htdocs...')
#9 {main}
CRITICAL - 2021-03-23 04:11:56 --> Call to undefined method CodeIgniter\View\View::extends()
#0 C:\xampp\htdocs\Web-Hr\system\View\View.php(220): include()
#1 C:\xampp\htdocs\Web-Hr\system\View\View.php(222): CodeIgniter\View\View->CodeIgniter\View\{closure}()
#2 C:\xampp\htdocs\Web-Hr\system\Common.php(1217): CodeIgniter\View\View->render('v_home', Array, true)
#3 C:\xampp\htdocs\Web-Hr\app\Controllers\Home.php(9): view('v_home')
#4 C:\xampp\htdocs\Web-Hr\system\CodeIgniter.php(936): App\Controllers\Home->index()
#5 C:\xampp\htdocs\Web-Hr\system\CodeIgniter.php(432): CodeIgniter\CodeIgniter->runController(Object(App\Controllers\Home))
#6 C:\xampp\htdocs\Web-Hr\system\CodeIgniter.php(333): CodeIgniter\CodeIgniter->handleRequest(NULL, Object(Config\Cache), false)
#7 C:\xampp\htdocs\Web-Hr\public\index.php(44): CodeIgniter\CodeIgniter->run()
#8 C:\xampp\htdocs\Web-Hr\system\Commands\Server\rewrite.php(45): require_once('C:\\xampp\\htdocs...')
#9 {main}
CRITICAL - 2021-03-23 04:11:56 --> Call to undefined method CodeIgniter\View\View::extends()
#0 C:\xampp\htdocs\Web-Hr\system\View\View.php(220): include()
#1 C:\xampp\htdocs\Web-Hr\system\View\View.php(222): CodeIgniter\View\View->CodeIgniter\View\{closure}()
#2 C:\xampp\htdocs\Web-Hr\system\Common.php(1217): CodeIgniter\View\View->render('v_home', Array, true)
#3 C:\xampp\htdocs\Web-Hr\app\Controllers\Home.php(9): view('v_home')
#4 C:\xampp\htdocs\Web-Hr\system\CodeIgniter.php(936): App\Controllers\Home->index()
#5 C:\xampp\htdocs\Web-Hr\system\CodeIgniter.php(432): CodeIgniter\CodeIgniter->runController(Object(App\Controllers\Home))
#6 C:\xampp\htdocs\Web-Hr\system\CodeIgniter.php(333): CodeIgniter\CodeIgniter->handleRequest(NULL, Object(Config\Cache), false)
#7 C:\xampp\htdocs\Web-Hr\public\index.php(44): CodeIgniter\CodeIgniter->run()
#8 C:\xampp\htdocs\Web-Hr\system\Commands\Server\rewrite.php(45): require_once('C:\\xampp\\htdocs...')
#9 {main}
CRITICAL - 2021-03-23 04:11:57 --> Call to undefined method CodeIgniter\View\View::extends()
#0 C:\xampp\htdocs\Web-Hr\system\View\View.php(220): include()
#1 C:\xampp\htdocs\Web-Hr\system\View\View.php(222): CodeIgniter\View\View->CodeIgniter\View\{closure}()
#2 C:\xampp\htdocs\Web-Hr\system\Common.php(1217): CodeIgniter\View\View->render('v_home', Array, true)
#3 C:\xampp\htdocs\Web-Hr\app\Controllers\Home.php(9): view('v_home')
#4 C:\xampp\htdocs\Web-Hr\system\CodeIgniter.php(936): App\Controllers\Home->index()
#5 C:\xampp\htdocs\Web-Hr\system\CodeIgniter.php(432): CodeIgniter\CodeIgniter->runController(Object(App\Controllers\Home))
#6 C:\xampp\htdocs\Web-Hr\system\CodeIgniter.php(333): CodeIgniter\CodeIgniter->handleRequest(NULL, Object(Config\Cache), false)
#7 C:\xampp\htdocs\Web-Hr\public\index.php(44): CodeIgniter\CodeIgniter->run()
#8 C:\xampp\htdocs\Web-Hr\system\Commands\Server\rewrite.php(45): require_once('C:\\xampp\\htdocs...')
#9 {main}
CRITICAL - 2021-03-23 06:47:25 --> Invalid file: layout/v_head.php
#0 C:\xampp\htdocs\Web-Hr\system\View\View.php(203): CodeIgniter\Exceptions\FrameworkException::forInvalidFile('layout/v_head.p...')
#1 C:\xampp\htdocs\Web-Hr\system\Common.php(1217): CodeIgniter\View\View->render('layout/v_head', Array, true)
#2 C:\xampp\htdocs\Web-Hr\app\Views\admin\v_wrapper.php(2): view('layout/v_head')
#3 C:\xampp\htdocs\Web-Hr\system\View\View.php(220): include('C:\\xampp\\htdocs...')
#4 C:\xampp\htdocs\Web-Hr\system\View\View.php(222): CodeIgniter\View\View->CodeIgniter\View\{closure}()
#5 C:\xampp\htdocs\Web-Hr\system\Common.php(1217): CodeIgniter\View\View->render('admin/v_wrapper', Array, true)
#6 C:\xampp\htdocs\Web-Hr\app\Controllers\Admin.php(11): view('admin/v_wrapper')
#7 C:\xampp\htdocs\Web-Hr\system\CodeIgniter.php(936): App\Controllers\Admin->index()
#8 C:\xampp\htdocs\Web-Hr\system\CodeIgniter.php(432): CodeIgniter\CodeIgniter->runController(Object(App\Controllers\Admin))
#9 C:\xampp\htdocs\Web-Hr\system\CodeIgniter.php(333): CodeIgniter\CodeIgniter->handleRequest(NULL, Object(Config\Cache), false)
#10 C:\xampp\htdocs\Web-Hr\public\index.php(44): CodeIgniter\CodeIgniter->run()
#11 C:\xampp\htdocs\Web-Hr\system\Commands\Server\rewrite.php(45): require_once('C:\\xampp\\htdocs...')
#12 {main}
CRITICAL - 2021-03-23 06:48:17 --> Invalid file: layout/v_head.php
#0 C:\xampp\htdocs\Web-Hr\system\View\View.php(203): CodeIgniter\Exceptions\FrameworkException::forInvalidFile('layout/v_head.p...')
#1 C:\xampp\htdocs\Web-Hr\system\Common.php(1217): CodeIgniter\View\View->render('layout/v_head', Array, true)
#2 C:\xampp\htdocs\Web-Hr\app\Views\admin\v_wrapper.php(2): view('layout/v_head')
#3 C:\xampp\htdocs\Web-Hr\system\View\View.php(220): include('C:\\xampp\\htdocs...')
#4 C:\xampp\htdocs\Web-Hr\system\View\View.php(222): CodeIgniter\View\View->CodeIgniter\View\{closure}()
#5 C:\xampp\htdocs\Web-Hr\system\Common.php(1217): CodeIgniter\View\View->render('admin/v_wrapper', Array, true)
#6 C:\xampp\htdocs\Web-Hr\app\Controllers\Admin.php(11): view('admin/v_wrapper')
#7 C:\xampp\htdocs\Web-Hr\system\CodeIgniter.php(936): App\Controllers\Admin->index()
#8 C:\xampp\htdocs\Web-Hr\system\CodeIgniter.php(432): CodeIgniter\CodeIgniter->runController(Object(App\Controllers\Admin))
#9 C:\xampp\htdocs\Web-Hr\system\CodeIgniter.php(333): CodeIgniter\CodeIgniter->handleRequest(NULL, Object(Config\Cache), false)
#10 C:\xampp\htdocs\Web-Hr\public\index.php(44): CodeIgniter\CodeIgniter->run()
#11 C:\xampp\htdocs\Web-Hr\system\Commands\Server\rewrite.php(45): require_once('C:\\xampp\\htdocs...')
#12 {main}
CRITICAL - 2021-03-23 06:48:31 --> Invalid file: layout/v_head.php
#0 C:\xampp\htdocs\Web-Hr\system\View\View.php(203): CodeIgniter\Exceptions\FrameworkException::forInvalidFile('layout/v_head.p...')
#1 C:\xampp\htdocs\Web-Hr\system\Common.php(1217): CodeIgniter\View\View->render('layout/v_head', Array, true)
#2 C:\xampp\htdocs\Web-Hr\app\Views\admin\v_dashboard.php(2): view('layout/v_head')
#3 C:\xampp\htdocs\Web-Hr\system\View\View.php(220): include('C:\\xampp\\htdocs...')
#4 C:\xampp\htdocs\Web-Hr\system\View\View.php(222): CodeIgniter\View\View->CodeIgniter\View\{closure}()
#5 C:\xampp\htdocs\Web-Hr\system\Common.php(1217): CodeIgniter\View\View->render('admin/v_dashboa...', Array, true)
#6 C:\xampp\htdocs\Web-Hr\app\Controllers\Admin.php(11): view('admin/v_dashboa...')
#7 C:\xampp\htdocs\Web-Hr\system\CodeIgniter.php(936): App\Controllers\Admin->index()
#8 C:\xampp\htdocs\Web-Hr\system\CodeIgniter.php(432): CodeIgniter\CodeIgniter->runController(Object(App\Controllers\Admin))
#9 C:\xampp\htdocs\Web-Hr\system\CodeIgniter.php(333): CodeIgniter\CodeIgniter->handleRequest(NULL, Object(Config\Cache), false)
#10 C:\xampp\htdocs\Web-Hr\public\index.php(44): CodeIgniter\CodeIgniter->run()
#11 C:\xampp\htdocs\Web-Hr\system\Commands\Server\rewrite.php(45): require_once('C:\\xampp\\htdocs...')
#12 {main}
CRITICAL - 2021-03-23 06:53:54 --> Invalid file: layout/v_head.php
#0 C:\xampp\htdocs\Web-Hr\system\View\View.php(203): CodeIgniter\Exceptions\FrameworkException::forInvalidFile('layout/v_head.p...')
#1 C:\xampp\htdocs\Web-Hr\system\Common.php(1217): CodeIgniter\View\View->render('layout/v_head', Array, true)
#2 C:\xampp\htdocs\Web-Hr\app\Views\admin\v_dashboard.php(2): view('layout/v_head')
#3 C:\xampp\htdocs\Web-Hr\system\View\View.php(220): include('C:\\xampp\\htdocs...')
#4 C:\xampp\htdocs\Web-Hr\system\View\View.php(222): CodeIgniter\View\View->CodeIgniter\View\{closure}()
#5 C:\xampp\htdocs\Web-Hr\system\Common.php(1217): CodeIgniter\View\View->render('admin/v_dashboa...', Array, true)
#6 C:\xampp\htdocs\Web-Hr\app\Controllers\Admin.php(11): view('admin/v_dashboa...')
#7 C:\xampp\htdocs\Web-Hr\system\CodeIgniter.php(936): App\Controllers\Admin->index()
#8 C:\xampp\htdocs\Web-Hr\system\CodeIgniter.php(432): CodeIgniter\CodeIgniter->runController(Object(App\Controllers\Admin))
#9 C:\xampp\htdocs\Web-Hr\system\CodeIgniter.php(333): CodeIgniter\CodeIgniter->handleRequest(NULL, Object(Config\Cache), false)
#10 C:\xampp\htdocs\Web-Hr\public\index.php(44): CodeIgniter\CodeIgniter->run()
#11 C:\xampp\htdocs\Web-Hr\system\Commands\Server\rewrite.php(45): require_once('C:\\xampp\\htdocs...')
#12 {main}
CRITICAL - 2021-03-23 21:43:54 --> Undefined variable: title
#0 C:\xampp\htdocs\Web-Hr\app\Views\template\template-backend.php(290): CodeIgniter\Debug\Exceptions->errorHandler(8, 'Undefined varia...', 'C:\\xampp\\htdocs...', 290, Array)
#1 C:\xampp\htdocs\Web-Hr\system\View\View.php(220): include('C:\\xampp\\htdocs...')
#2 C:\xampp\htdocs\Web-Hr\system\View\View.php(222): CodeIgniter\View\View->CodeIgniter\View\{closure}()
#3 C:\xampp\htdocs\Web-Hr\system\View\View.php(236): CodeIgniter\View\View->render('template/templa...', Array, true)
#4 C:\xampp\htdocs\Web-Hr\system\Common.php(1217): CodeIgniter\View\View->render('admin/v_dashboa...', Array, true)
#5 C:\xampp\htdocs\Web-Hr\app\Controllers\Admin.php(11): view('admin/v_dashboa...')
#6 C:\xampp\htdocs\Web-Hr\system\CodeIgniter.php(936): App\Controllers\Admin->index()
#7 C:\xampp\htdocs\Web-Hr\system\CodeIgniter.php(432): CodeIgniter\CodeIgniter->runController(Object(App\Controllers\Admin))
#8 C:\xampp\htdocs\Web-Hr\system\CodeIgniter.php(333): CodeIgniter\CodeIgniter->handleRequest(NULL, Object(Config\Cache), false)
#9 C:\xampp\htdocs\Web-Hr\public\index.php(44): CodeIgniter\CodeIgniter->run()
#10 C:\xampp\htdocs\Web-Hr\system\Commands\Server\rewrite.php(45): require_once('C:\\xampp\\htdocs...')
#11 {main}
CRITICAL - 2021-03-23 23:56:29 --> email is not a valid rule.
#0 C:\xampp\htdocs\Web-Hr\system\Validation\Validation.php(314): CodeIgniter\Validation\Exceptions\ValidationException::forRuleNotFound('email')
#1 C:\xampp\htdocs\Web-Hr\system\Validation\Validation.php(164): CodeIgniter\Validation\Validation->processRules('email', 'Email', 'Faninda@gmail.c...', Array, Array)
#2 C:\xampp\htdocs\Web-Hr\system\Controller.php(181): CodeIgniter\Validation\Validation->run()
#3 C:\xampp\htdocs\Web-Hr\app\Controllers\Auth.php(29): CodeIgniter\Controller->validate(Array)
#4 C:\xampp\htdocs\Web-Hr\system\CodeIgniter.php(936): App\Controllers\Auth->cek_login_user()
#5 C:\xampp\htdocs\Web-Hr\system\CodeIgniter.php(432): CodeIgniter\CodeIgniter->runController(Object(App\Controllers\Auth))
#6 C:\xampp\htdocs\Web-Hr\system\CodeIgniter.php(333): CodeIgniter\CodeIgniter->handleRequest(NULL, Object(Config\Cache), false)
#7 C:\xampp\htdocs\Web-Hr\public\index.php(44): CodeIgniter\CodeIgniter->run()
#8 C:\xampp\htdocs\Web-Hr\system\Commands\Server\rewrite.php(45): require_once('C:\\xampp\\htdocs...')
#9 {main}
