CRITICAL - 2021-03-27 02:14:06 --> Undefined variable: title
#0 C:\xampp\htdocs\Web-Hr\app\Views\template\template-backend.php(4): CodeIgniter\Debug\Exceptions->errorHandler(8, 'Undefined varia...', 'C:\\xampp\\htdocs...', 4, Array)
#1 C:\xampp\htdocs\Web-Hr\system\View\View.php(220): include('C:\\xampp\\htdocs...')
#2 C:\xampp\htdocs\Web-Hr\system\View\View.php(222): CodeIgniter\View\View->CodeIgniter\View\{closure}()
#3 C:\xampp\htdocs\Web-Hr\system\View\View.php(236): CodeIgniter\View\View->render('template/templa...', Array, true)
#4 C:\xampp\htdocs\Web-Hr\system\Common.php(1217): CodeIgniter\View\View->render('admin/v_dashboa...', Array, true)
#5 C:\xampp\htdocs\Web-Hr\app\Controllers\Admin.php(11): view('admin/v_dashboa...')
#6 C:\xampp\htdocs\Web-Hr\system\CodeIgniter.php(936): App\Controllers\Admin->index()
#7 C:\xampp\htdocs\Web-Hr\system\CodeIgniter.php(432): CodeIgniter\CodeIgniter->runController(Object(App\Controllers\Admin))
#8 C:\xampp\htdocs\Web-Hr\system\CodeIgniter.php(333): CodeIgniter\CodeIgniter->handleRequest(NULL, Object(Config\Cache), false)
#9 C:\xampp\htdocs\Web-Hr\public\index.php(44): CodeIgniter\CodeIgniter->run()
#10 C:\xampp\htdocs\Web-Hr\system\Commands\Server\rewrite.php(45): require_once('C:\\xampp\\htdocs...')
#11 {main}
CRITICAL - 2021-03-27 02:14:19 --> Undefined variable: title
#0 C:\xampp\htdocs\Web-Hr\app\Views\template\template-backend.php(4): CodeIgniter\Debug\Exceptions->errorHandler(8, 'Undefined varia...', 'C:\\xampp\\htdocs...', 4, Array)
#1 C:\xampp\htdocs\Web-Hr\system\View\View.php(220): include('C:\\xampp\\htdocs...')
#2 C:\xampp\htdocs\Web-Hr\system\View\View.php(222): CodeIgniter\View\View->CodeIgniter\View\{closure}()
#3 C:\xampp\htdocs\Web-Hr\system\View\View.php(236): CodeIgniter\View\View->render('template/templa...', Array, true)
#4 C:\xampp\htdocs\Web-Hr\system\Common.php(1217): CodeIgniter\View\View->render('admin/v_dashboa...', Array, true)
#5 C:\xampp\htdocs\Web-Hr\app\Controllers\Admin.php(11): view('admin/v_dashboa...')
#6 C:\xampp\htdocs\Web-Hr\system\CodeIgniter.php(936): App\Controllers\Admin->index()
#7 C:\xampp\htdocs\Web-Hr\system\CodeIgniter.php(432): CodeIgniter\CodeIgniter->runController(Object(App\Controllers\Admin))
#8 C:\xampp\htdocs\Web-Hr\system\CodeIgniter.php(333): CodeIgniter\CodeIgniter->handleRequest(NULL, Object(Config\Cache), false)
#9 C:\xampp\htdocs\Web-Hr\public\index.php(44): CodeIgniter\CodeIgniter->run()
#10 C:\xampp\htdocs\Web-Hr\system\Commands\Server\rewrite.php(45): require_once('C:\\xampp\\htdocs...')
#11 {main}
CRITICAL - 2021-03-27 02:14:28 --> Undefined variable: title
#0 C:\xampp\htdocs\Web-Hr\app\Views\template\template-backend.php(4): CodeIgniter\Debug\Exceptions->errorHandler(8, 'Undefined varia...', 'C:\\xampp\\htdocs...', 4, Array)
#1 C:\xampp\htdocs\Web-Hr\system\View\View.php(220): include('C:\\xampp\\htdocs...')
#2 C:\xampp\htdocs\Web-Hr\system\View\View.php(222): CodeIgniter\View\View->CodeIgniter\View\{closure}()
#3 C:\xampp\htdocs\Web-Hr\system\View\View.php(236): CodeIgniter\View\View->render('template/templa...', Array, true)
#4 C:\xampp\htdocs\Web-Hr\system\Common.php(1217): CodeIgniter\View\View->render('admin/v_dashboa...', Array, true)
#5 C:\xampp\htdocs\Web-Hr\app\Controllers\Admin.php(11): view('admin/v_dashboa...')
#6 C:\xampp\htdocs\Web-Hr\system\CodeIgniter.php(936): App\Controllers\Admin->index()
#7 C:\xampp\htdocs\Web-Hr\system\CodeIgniter.php(432): CodeIgniter\CodeIgniter->runController(Object(App\Controllers\Admin))
#8 C:\xampp\htdocs\Web-Hr\system\CodeIgniter.php(333): CodeIgniter\CodeIgniter->handleRequest(NULL, Object(Config\Cache), false)
#9 C:\xampp\htdocs\Web-Hr\public\index.php(44): CodeIgniter\CodeIgniter->run()
#10 C:\xampp\htdocs\Web-Hr\system\Commands\Server\rewrite.php(45): require_once('C:\\xampp\\htdocs...')
#11 {main}
CRITICAL - 2021-03-27 02:14:56 --> Undefined variable: title
#0 C:\xampp\htdocs\Web-Hr\app\Views\template\template-backend.php(4): CodeIgniter\Debug\Exceptions->errorHandler(8, 'Undefined varia...', 'C:\\xampp\\htdocs...', 4, Array)
#1 C:\xampp\htdocs\Web-Hr\system\View\View.php(220): include('C:\\xampp\\htdocs...')
#2 C:\xampp\htdocs\Web-Hr\system\View\View.php(222): CodeIgniter\View\View->CodeIgniter\View\{closure}()
#3 C:\xampp\htdocs\Web-Hr\system\View\View.php(236): CodeIgniter\View\View->render('template/templa...', Array, true)
#4 C:\xampp\htdocs\Web-Hr\system\Common.php(1217): CodeIgniter\View\View->render('admin/v_dashboa...', Array, true)
#5 C:\xampp\htdocs\Web-Hr\app\Controllers\Admin.php(11): view('admin/v_dashboa...')
#6 C:\xampp\htdocs\Web-Hr\system\CodeIgniter.php(936): App\Controllers\Admin->index()
#7 C:\xampp\htdocs\Web-Hr\system\CodeIgniter.php(432): CodeIgniter\CodeIgniter->runController(Object(App\Controllers\Admin))
#8 C:\xampp\htdocs\Web-Hr\system\CodeIgniter.php(333): CodeIgniter\CodeIgniter->handleRequest(NULL, Object(Config\Cache), false)
#9 C:\xampp\htdocs\Web-Hr\public\index.php(44): CodeIgniter\CodeIgniter->run()
#10 C:\xampp\htdocs\Web-Hr\system\Commands\Server\rewrite.php(45): require_once('C:\\xampp\\htdocs...')
#11 {main}
CRITICAL - 2021-03-27 02:14:57 --> Undefined variable: title
#0 C:\xampp\htdocs\Web-Hr\app\Views\template\template-backend.php(4): CodeIgniter\Debug\Exceptions->errorHandler(8, 'Undefined varia...', 'C:\\xampp\\htdocs...', 4, Array)
#1 C:\xampp\htdocs\Web-Hr\system\View\View.php(220): include('C:\\xampp\\htdocs...')
#2 C:\xampp\htdocs\Web-Hr\system\View\View.php(222): CodeIgniter\View\View->CodeIgniter\View\{closure}()
#3 C:\xampp\htdocs\Web-Hr\system\View\View.php(236): CodeIgniter\View\View->render('template/templa...', Array, true)
#4 C:\xampp\htdocs\Web-Hr\system\Common.php(1217): CodeIgniter\View\View->render('admin/v_dashboa...', Array, true)
#5 C:\xampp\htdocs\Web-Hr\app\Controllers\Admin.php(11): view('admin/v_dashboa...')
#6 C:\xampp\htdocs\Web-Hr\system\CodeIgniter.php(936): App\Controllers\Admin->index()
#7 C:\xampp\htdocs\Web-Hr\system\CodeIgniter.php(432): CodeIgniter\CodeIgniter->runController(Object(App\Controllers\Admin))
#8 C:\xampp\htdocs\Web-Hr\system\CodeIgniter.php(333): CodeIgniter\CodeIgniter->handleRequest(NULL, Object(Config\Cache), false)
#9 C:\xampp\htdocs\Web-Hr\public\index.php(44): CodeIgniter\CodeIgniter->run()
#10 C:\xampp\htdocs\Web-Hr\system\Commands\Server\rewrite.php(45): require_once('C:\\xampp\\htdocs...')
#11 {main}
CRITICAL - 2021-03-27 02:15:17 --> Undefined variable: title
#0 C:\xampp\htdocs\Web-Hr\app\Views\template\template-backend.php(4): CodeIgniter\Debug\Exceptions->errorHandler(8, 'Undefined varia...', 'C:\\xampp\\htdocs...', 4, Array)
#1 C:\xampp\htdocs\Web-Hr\system\View\View.php(220): include('C:\\xampp\\htdocs...')
#2 C:\xampp\htdocs\Web-Hr\system\View\View.php(222): CodeIgniter\View\View->CodeIgniter\View\{closure}()
#3 C:\xampp\htdocs\Web-Hr\system\View\View.php(236): CodeIgniter\View\View->render('template/templa...', Array, true)
#4 C:\xampp\htdocs\Web-Hr\system\Common.php(1217): CodeIgniter\View\View->render('admin/v_dashboa...', Array, true)
#5 C:\xampp\htdocs\Web-Hr\app\Controllers\Admin.php(11): view('admin/v_dashboa...')
#6 C:\xampp\htdocs\Web-Hr\system\CodeIgniter.php(936): App\Controllers\Admin->index()
#7 C:\xampp\htdocs\Web-Hr\system\CodeIgniter.php(432): CodeIgniter\CodeIgniter->runController(Object(App\Controllers\Admin))
#8 C:\xampp\htdocs\Web-Hr\system\CodeIgniter.php(333): CodeIgniter\CodeIgniter->handleRequest(NULL, Object(Config\Cache), false)
#9 C:\xampp\htdocs\Web-Hr\public\index.php(44): CodeIgniter\CodeIgniter->run()
#10 C:\xampp\htdocs\Web-Hr\system\Commands\Server\rewrite.php(45): require_once('C:\\xampp\\htdocs...')
#11 {main}
CRITICAL - 2021-03-27 02:15:18 --> Undefined variable: title
#0 C:\xampp\htdocs\Web-Hr\app\Views\template\template-backend.php(4): CodeIgniter\Debug\Exceptions->errorHandler(8, 'Undefined varia...', 'C:\\xampp\\htdocs...', 4, Array)
#1 C:\xampp\htdocs\Web-Hr\system\View\View.php(220): include('C:\\xampp\\htdocs...')
#2 C:\xampp\htdocs\Web-Hr\system\View\View.php(222): CodeIgniter\View\View->CodeIgniter\View\{closure}()
#3 C:\xampp\htdocs\Web-Hr\system\View\View.php(236): CodeIgniter\View\View->render('template/templa...', Array, true)
#4 C:\xampp\htdocs\Web-Hr\system\Common.php(1217): CodeIgniter\View\View->render('admin/v_dashboa...', Array, true)
#5 C:\xampp\htdocs\Web-Hr\app\Controllers\Admin.php(11): view('admin/v_dashboa...')
#6 C:\xampp\htdocs\Web-Hr\system\CodeIgniter.php(936): App\Controllers\Admin->index()
#7 C:\xampp\htdocs\Web-Hr\system\CodeIgniter.php(432): CodeIgniter\CodeIgniter->runController(Object(App\Controllers\Admin))
#8 C:\xampp\htdocs\Web-Hr\system\CodeIgniter.php(333): CodeIgniter\CodeIgniter->handleRequest(NULL, Object(Config\Cache), false)
#9 C:\xampp\htdocs\Web-Hr\public\index.php(44): CodeIgniter\CodeIgniter->run()
#10 C:\xampp\htdocs\Web-Hr\system\Commands\Server\rewrite.php(45): require_once('C:\\xampp\\htdocs...')
#11 {main}
CRITICAL - 2021-03-27 02:16:24 --> Undefined variable: title
#0 C:\xampp\htdocs\Web-Hr\app\Views\template\template-backend.php(4): CodeIgniter\Debug\Exceptions->errorHandler(8, 'Undefined varia...', 'C:\\xampp\\htdocs...', 4, Array)
#1 C:\xampp\htdocs\Web-Hr\system\View\View.php(220): include('C:\\xampp\\htdocs...')
#2 C:\xampp\htdocs\Web-Hr\system\View\View.php(222): CodeIgniter\View\View->CodeIgniter\View\{closure}()
#3 C:\xampp\htdocs\Web-Hr\system\View\View.php(236): CodeIgniter\View\View->render('template/templa...', Array, true)
#4 C:\xampp\htdocs\Web-Hr\system\Common.php(1217): CodeIgniter\View\View->render('admin/v_dashboa...', Array, true)
#5 C:\xampp\htdocs\Web-Hr\app\Controllers\Admin.php(11): view('admin/v_dashboa...')
#6 C:\xampp\htdocs\Web-Hr\system\CodeIgniter.php(936): App\Controllers\Admin->index()
#7 C:\xampp\htdocs\Web-Hr\system\CodeIgniter.php(432): CodeIgniter\CodeIgniter->runController(Object(App\Controllers\Admin))
#8 C:\xampp\htdocs\Web-Hr\system\CodeIgniter.php(333): CodeIgniter\CodeIgniter->handleRequest(NULL, Object(Config\Cache), false)
#9 C:\xampp\htdocs\Web-Hr\public\index.php(44): CodeIgniter\CodeIgniter->run()
#10 C:\xampp\htdocs\Web-Hr\system\Commands\Server\rewrite.php(45): require_once('C:\\xampp\\htdocs...')
#11 {main}
CRITICAL - 2021-03-27 02:16:55 --> Undefined variable: subtitle
#0 C:\xampp\htdocs\Web-Hr\app\Views\template\template-backend.php(286): CodeIgniter\Debug\Exceptions->errorHandler(8, 'Undefined varia...', 'C:\\xampp\\htdocs...', 286, Array)
#1 C:\xampp\htdocs\Web-Hr\system\View\View.php(220): include('C:\\xampp\\htdocs...')
#2 C:\xampp\htdocs\Web-Hr\system\View\View.php(222): CodeIgniter\View\View->CodeIgniter\View\{closure}()
#3 C:\xampp\htdocs\Web-Hr\system\View\View.php(236): CodeIgniter\View\View->render('template/templa...', Array, true)
#4 C:\xampp\htdocs\Web-Hr\system\Common.php(1217): CodeIgniter\View\View->render('admin/v_dashboa...', Array, true)
#5 C:\xampp\htdocs\Web-Hr\app\Controllers\Admin.php(11): view('admin/v_dashboa...')
#6 C:\xampp\htdocs\Web-Hr\system\CodeIgniter.php(936): App\Controllers\Admin->index()
#7 C:\xampp\htdocs\Web-Hr\system\CodeIgniter.php(432): CodeIgniter\CodeIgniter->runController(Object(App\Controllers\Admin))
#8 C:\xampp\htdocs\Web-Hr\system\CodeIgniter.php(333): CodeIgniter\CodeIgniter->handleRequest(NULL, Object(Config\Cache), false)
#9 C:\xampp\htdocs\Web-Hr\public\index.php(44): CodeIgniter\CodeIgniter->run()
#10 C:\xampp\htdocs\Web-Hr\system\Commands\Server\rewrite.php(45): require_once('C:\\xampp\\htdocs...')
#11 {main}
CRITICAL - 2021-03-27 02:17:09 --> Undefined variable: subtitle
#0 C:\xampp\htdocs\Web-Hr\app\Views\template\template-backend.php(286): CodeIgniter\Debug\Exceptions->errorHandler(8, 'Undefined varia...', 'C:\\xampp\\htdocs...', 286, Array)
#1 C:\xampp\htdocs\Web-Hr\system\View\View.php(220): include('C:\\xampp\\htdocs...')
#2 C:\xampp\htdocs\Web-Hr\system\View\View.php(222): CodeIgniter\View\View->CodeIgniter\View\{closure}()
#3 C:\xampp\htdocs\Web-Hr\system\View\View.php(236): CodeIgniter\View\View->render('template/templa...', Array, true)
#4 C:\xampp\htdocs\Web-Hr\system\Common.php(1217): CodeIgniter\View\View->render('admin/v_dashboa...', Array, true)
#5 C:\xampp\htdocs\Web-Hr\app\Controllers\Admin.php(11): view('admin/v_dashboa...')
#6 C:\xampp\htdocs\Web-Hr\system\CodeIgniter.php(936): App\Controllers\Admin->index()
#7 C:\xampp\htdocs\Web-Hr\system\CodeIgniter.php(432): CodeIgniter\CodeIgniter->runController(Object(App\Controllers\Admin))
#8 C:\xampp\htdocs\Web-Hr\system\CodeIgniter.php(333): CodeIgniter\CodeIgniter->handleRequest(NULL, Object(Config\Cache), false)
#9 C:\xampp\htdocs\Web-Hr\public\index.php(44): CodeIgniter\CodeIgniter->run()
#10 C:\xampp\htdocs\Web-Hr\system\Commands\Server\rewrite.php(45): require_once('C:\\xampp\\htdocs...')
#11 {main}
CRITICAL - 2021-03-27 02:18:45 --> Undefined variable: title
#0 C:\xampp\htdocs\Web-Hr\app\Views\template\template-backend.php(4): CodeIgniter\Debug\Exceptions->errorHandler(8, 'Undefined varia...', 'C:\\xampp\\htdocs...', 4, Array)
#1 C:\xampp\htdocs\Web-Hr\system\View\View.php(220): include('C:\\xampp\\htdocs...')
#2 C:\xampp\htdocs\Web-Hr\system\View\View.php(222): CodeIgniter\View\View->CodeIgniter\View\{closure}()
#3 C:\xampp\htdocs\Web-Hr\system\View\View.php(236): CodeIgniter\View\View->render('template/templa...', Array, true)
#4 C:\xampp\htdocs\Web-Hr\system\Common.php(1217): CodeIgniter\View\View->render('admin/v_dashboa...', Array, true)
#5 C:\xampp\htdocs\Web-Hr\app\Controllers\Admin.php(11): view('admin/v_dashboa...')
#6 C:\xampp\htdocs\Web-Hr\system\CodeIgniter.php(936): App\Controllers\Admin->index()
#7 C:\xampp\htdocs\Web-Hr\system\CodeIgniter.php(432): CodeIgniter\CodeIgniter->runController(Object(App\Controllers\Admin))
#8 C:\xampp\htdocs\Web-Hr\system\CodeIgniter.php(333): CodeIgniter\CodeIgniter->handleRequest(NULL, Object(Config\Cache), false)
#9 C:\xampp\htdocs\Web-Hr\public\index.php(44): CodeIgniter\CodeIgniter->run()
#10 C:\xampp\htdocs\Web-Hr\system\Commands\Server\rewrite.php(45): require_once('C:\\xampp\\htdocs...')
#11 {main}
ERROR - 2021-03-27 02:38:01 --> mysqli_sql_exception: Duplicate entry '16' for key 'PRIMARY' in C:\xampp\htdocs\Web-Hr\system\Database\MySQLi\Connection.php:314
Stack trace:
#0 C:\xampp\htdocs\Web-Hr\system\Database\MySQLi\Connection.php(314): mysqli->query('INSERT INTO `tb...')
#1 C:\xampp\htdocs\Web-Hr\system\Database\BaseConnection.php(713): CodeIgniter\Database\MySQLi\Connection->execute('INSERT INTO `tb...')
#2 C:\xampp\htdocs\Web-Hr\system\Database\BaseConnection.php(641): CodeIgniter\Database\BaseConnection->simpleQuery('INSERT INTO `tb...')
#3 C:\xampp\htdocs\Web-Hr\system\Database\BaseBuilder.php(2263): CodeIgniter\Database\BaseConnection->query('INSERT INTO `tb...', Array, false)
#4 C:\xampp\htdocs\Web-Hr\app\Models\ModelTipe.php(16): CodeIgniter\Database\BaseBuilder->insert(Array)
#5 C:\xampp\htdocs\Web-Hr\app\Controllers\Tipe.php(40): App\Models\ModelTipe->add(Array)
#6 C:\xampp\htdocs\Web-Hr\system\CodeIgniter.php(936): App\Controllers\Tipe->edit('16')
#7 C:\xampp\htdocs\Web-Hr\system\CodeIgniter.php(432): CodeIgniter\CodeIgniter->runController(Object(App\Controllers\Tipe))
#8 C:\xampp\htdocs\Web-Hr\system\CodeIgniter.php(333): CodeIgniter\CodeIgniter->handleRequest(NULL, Object(Config\Cache), false)
#9 C:\xampp\htdocs\Web-Hr\public\index.php(44): CodeIgniter\CodeIgniter->run()
#10 C:\xampp\htdocs\Web-Hr\system\Commands\Server\rewrite.php(45): require_once('C:\\xampp\\htdocs...')
#11 {main}
CRITICAL - 2021-03-27 02:38:01 --> Duplicate entry '16' for key 'PRIMARY'
#0 C:\xampp\htdocs\Web-Hr\system\Database\MySQLi\Connection.php(314): mysqli->query('INSERT INTO `tb...')
#1 C:\xampp\htdocs\Web-Hr\system\Database\BaseConnection.php(713): CodeIgniter\Database\MySQLi\Connection->execute('INSERT INTO `tb...')
#2 C:\xampp\htdocs\Web-Hr\system\Database\BaseConnection.php(641): CodeIgniter\Database\BaseConnection->simpleQuery('INSERT INTO `tb...')
#3 C:\xampp\htdocs\Web-Hr\system\Database\BaseBuilder.php(2263): CodeIgniter\Database\BaseConnection->query('INSERT INTO `tb...', Array, false)
#4 C:\xampp\htdocs\Web-Hr\app\Models\ModelTipe.php(16): CodeIgniter\Database\BaseBuilder->insert(Array)
#5 C:\xampp\htdocs\Web-Hr\app\Controllers\Tipe.php(40): App\Models\ModelTipe->add(Array)
#6 C:\xampp\htdocs\Web-Hr\system\CodeIgniter.php(936): App\Controllers\Tipe->edit('16')
#7 C:\xampp\htdocs\Web-Hr\system\CodeIgniter.php(432): CodeIgniter\CodeIgniter->runController(Object(App\Controllers\Tipe))
#8 C:\xampp\htdocs\Web-Hr\system\CodeIgniter.php(333): CodeIgniter\CodeIgniter->handleRequest(NULL, Object(Config\Cache), false)
#9 C:\xampp\htdocs\Web-Hr\public\index.php(44): CodeIgniter\CodeIgniter->run()
#10 C:\xampp\htdocs\Web-Hr\system\Commands\Server\rewrite.php(45): require_once('C:\\xampp\\htdocs...')
#11 {main}
CRITICAL - 2021-03-27 04:48:04 --> Undefined property: App\Controllers\Hadir::$ModelTipe
#0 C:\xampp\htdocs\Web-Hr\app\Controllers\Hadir.php(13): CodeIgniter\Debug\Exceptions->errorHandler(8, 'Undefined prope...', 'C:\\xampp\\htdocs...', 13, Array)
#1 C:\xampp\htdocs\Web-Hr\system\CodeIgniter.php(936): App\Controllers\Hadir->index()
#2 C:\xampp\htdocs\Web-Hr\system\CodeIgniter.php(432): CodeIgniter\CodeIgniter->runController(Object(App\Controllers\Hadir))
#3 C:\xampp\htdocs\Web-Hr\system\CodeIgniter.php(333): CodeIgniter\CodeIgniter->handleRequest(NULL, Object(Config\Cache), false)
#4 C:\xampp\htdocs\Web-Hr\public\index.php(44): CodeIgniter\CodeIgniter->run()
#5 C:\xampp\htdocs\Web-Hr\system\Commands\Server\rewrite.php(45): require_once('C:\\xampp\\htdocs...')
#6 {main}
CRITICAL - 2021-03-27 04:49:24 --> Undefined index: id_tipe
#0 C:\xampp\htdocs\Web-Hr\app\Views\admin\v_hadir.php(57): CodeIgniter\Debug\Exceptions->errorHandler(8, 'Undefined index...', 'C:\\xampp\\htdocs...', 57, Array)
#1 C:\xampp\htdocs\Web-Hr\system\View\View.php(220): include('C:\\xampp\\htdocs...')
#2 C:\xampp\htdocs\Web-Hr\system\View\View.php(222): CodeIgniter\View\View->CodeIgniter\View\{closure}()
#3 C:\xampp\htdocs\Web-Hr\system\Common.php(1217): CodeIgniter\View\View->render('admin/v_hadir', Array, true)
#4 C:\xampp\htdocs\Web-Hr\app\Controllers\Hadir.php(23): view('admin/v_hadir', Array)
#5 C:\xampp\htdocs\Web-Hr\system\CodeIgniter.php(936): App\Controllers\Hadir->index()
#6 C:\xampp\htdocs\Web-Hr\system\CodeIgniter.php(432): CodeIgniter\CodeIgniter->runController(Object(App\Controllers\Hadir))
#7 C:\xampp\htdocs\Web-Hr\system\CodeIgniter.php(333): CodeIgniter\CodeIgniter->handleRequest(NULL, Object(Config\Cache), false)
#8 C:\xampp\htdocs\Web-Hr\public\index.php(44): CodeIgniter\CodeIgniter->run()
#9 C:\xampp\htdocs\Web-Hr\system\Commands\Server\rewrite.php(45): require_once('C:\\xampp\\htdocs...')
#10 {main}
CRITICAL - 2021-03-27 04:49:48 --> Undefined index: id_tipe
#0 C:\xampp\htdocs\Web-Hr\app\Views\admin\v_hadir.php(104): CodeIgniter\Debug\Exceptions->errorHandler(8, 'Undefined index...', 'C:\\xampp\\htdocs...', 104, Array)
#1 C:\xampp\htdocs\Web-Hr\system\View\View.php(220): include('C:\\xampp\\htdocs...')
#2 C:\xampp\htdocs\Web-Hr\system\View\View.php(222): CodeIgniter\View\View->CodeIgniter\View\{closure}()
#3 C:\xampp\htdocs\Web-Hr\system\Common.php(1217): CodeIgniter\View\View->render('admin/v_hadir', Array, true)
#4 C:\xampp\htdocs\Web-Hr\app\Controllers\Hadir.php(23): view('admin/v_hadir', Array)
#5 C:\xampp\htdocs\Web-Hr\system\CodeIgniter.php(936): App\Controllers\Hadir->index()
#6 C:\xampp\htdocs\Web-Hr\system\CodeIgniter.php(432): CodeIgniter\CodeIgniter->runController(Object(App\Controllers\Hadir))
#7 C:\xampp\htdocs\Web-Hr\system\CodeIgniter.php(333): CodeIgniter\CodeIgniter->handleRequest(NULL, Object(Config\Cache), false)
#8 C:\xampp\htdocs\Web-Hr\public\index.php(44): CodeIgniter\CodeIgniter->run()
#9 C:\xampp\htdocs\Web-Hr\system\Commands\Server\rewrite.php(45): require_once('C:\\xampp\\htdocs...')
#10 {main}
ERROR - 2021-03-27 04:54:57 --> mysqli_sql_exception: Operand should contain 1 column(s) in C:\xampp\htdocs\Web-Hr\system\Database\MySQLi\Connection.php:314
Stack trace:
#0 C:\xampp\htdocs\Web-Hr\system\Database\MySQLi\Connection.php(314): mysqli->query('INSERT INTO `tb...')
#1 C:\xampp\htdocs\Web-Hr\system\Database\BaseConnection.php(713): CodeIgniter\Database\MySQLi\Connection->execute('INSERT INTO `tb...')
#2 C:\xampp\htdocs\Web-Hr\system\Database\BaseConnection.php(641): CodeIgniter\Database\BaseConnection->simpleQuery('INSERT INTO `tb...')
#3 C:\xampp\htdocs\Web-Hr\system\Database\BaseBuilder.php(2263): CodeIgniter\Database\BaseConnection->query('INSERT INTO `tb...', Array, false)
#4 C:\xampp\htdocs\Web-Hr\app\Models\ModelTipe.php(19): CodeIgniter\Database\BaseBuilder->insert(Array)
#5 C:\xampp\htdocs\Web-Hr\app\Controllers\Tipe.php(29): App\Models\ModelTipe->add(Array)
#6 C:\xampp\htdocs\Web-Hr\system\CodeIgniter.php(936): App\Controllers\Tipe->add()
#7 C:\xampp\htdocs\Web-Hr\system\CodeIgniter.php(432): CodeIgniter\CodeIgniter->runController(Object(App\Controllers\Tipe))
#8 C:\xampp\htdocs\Web-Hr\system\CodeIgniter.php(333): CodeIgniter\CodeIgniter->handleRequest(NULL, Object(Config\Cache), false)
#9 C:\xampp\htdocs\Web-Hr\public\index.php(44): CodeIgniter\CodeIgniter->run()
#10 C:\xampp\htdocs\Web-Hr\system\Commands\Server\rewrite.php(45): require_once('C:\\xampp\\htdocs...')
#11 {main}
CRITICAL - 2021-03-27 04:54:57 --> Operand should contain 1 column(s)
#0 C:\xampp\htdocs\Web-Hr\system\Database\MySQLi\Connection.php(314): mysqli->query('INSERT INTO `tb...')
#1 C:\xampp\htdocs\Web-Hr\system\Database\BaseConnection.php(713): CodeIgniter\Database\MySQLi\Connection->execute('INSERT INTO `tb...')
#2 C:\xampp\htdocs\Web-Hr\system\Database\BaseConnection.php(641): CodeIgniter\Database\BaseConnection->simpleQuery('INSERT INTO `tb...')
#3 C:\xampp\htdocs\Web-Hr\system\Database\BaseBuilder.php(2263): CodeIgniter\Database\BaseConnection->query('INSERT INTO `tb...', Array, false)
#4 C:\xampp\htdocs\Web-Hr\app\Models\ModelTipe.php(19): CodeIgniter\Database\BaseBuilder->insert(Array)
#5 C:\xampp\htdocs\Web-Hr\app\Controllers\Tipe.php(29): App\Models\ModelTipe->add(Array)
#6 C:\xampp\htdocs\Web-Hr\system\CodeIgniter.php(936): App\Controllers\Tipe->add()
#7 C:\xampp\htdocs\Web-Hr\system\CodeIgniter.php(432): CodeIgniter\CodeIgniter->runController(Object(App\Controllers\Tipe))
#8 C:\xampp\htdocs\Web-Hr\system\CodeIgniter.php(333): CodeIgniter\CodeIgniter->handleRequest(NULL, Object(Config\Cache), false)
#9 C:\xampp\htdocs\Web-Hr\public\index.php(44): CodeIgniter\CodeIgniter->run()
#10 C:\xampp\htdocs\Web-Hr\system\Commands\Server\rewrite.php(45): require_once('C:\\xampp\\htdocs...')
#11 {main}
ERROR - 2021-03-27 04:59:51 --> mysqli_sql_exception: Operand should contain 1 column(s) in C:\xampp\htdocs\Web-Hr\system\Database\MySQLi\Connection.php:314
Stack trace:
#0 C:\xampp\htdocs\Web-Hr\system\Database\MySQLi\Connection.php(314): mysqli->query('INSERT INTO `tb...')
#1 C:\xampp\htdocs\Web-Hr\system\Database\BaseConnection.php(713): CodeIgniter\Database\MySQLi\Connection->execute('INSERT INTO `tb...')
#2 C:\xampp\htdocs\Web-Hr\system\Database\BaseConnection.php(641): CodeIgniter\Database\BaseConnection->simpleQuery('INSERT INTO `tb...')
#3 C:\xampp\htdocs\Web-Hr\system\Database\BaseBuilder.php(2263): CodeIgniter\Database\BaseConnection->query('INSERT INTO `tb...', Array, false)
#4 C:\xampp\htdocs\Web-Hr\app\Models\ModelTipe.php(19): CodeIgniter\Database\BaseBuilder->insert(Array)
#5 C:\xampp\htdocs\Web-Hr\app\Controllers\Tipe.php(29): App\Models\ModelTipe->add(Array)
#6 C:\xampp\htdocs\Web-Hr\system\CodeIgniter.php(936): App\Controllers\Tipe->add()
#7 C:\xampp\htdocs\Web-Hr\system\CodeIgniter.php(432): CodeIgniter\CodeIgniter->runController(Object(App\Controllers\Tipe))
#8 C:\xampp\htdocs\Web-Hr\system\CodeIgniter.php(333): CodeIgniter\CodeIgniter->handleRequest(NULL, Object(Config\Cache), false)
#9 C:\xampp\htdocs\Web-Hr\public\index.php(44): CodeIgniter\CodeIgniter->run()
#10 C:\xampp\htdocs\Web-Hr\system\Commands\Server\rewrite.php(45): require_once('C:\\xampp\\htdocs...')
#11 {main}
CRITICAL - 2021-03-27 04:59:51 --> Operand should contain 1 column(s)
#0 C:\xampp\htdocs\Web-Hr\system\Database\MySQLi\Connection.php(314): mysqli->query('INSERT INTO `tb...')
#1 C:\xampp\htdocs\Web-Hr\system\Database\BaseConnection.php(713): CodeIgniter\Database\MySQLi\Connection->execute('INSERT INTO `tb...')
#2 C:\xampp\htdocs\Web-Hr\system\Database\BaseConnection.php(641): CodeIgniter\Database\BaseConnection->simpleQuery('INSERT INTO `tb...')
#3 C:\xampp\htdocs\Web-Hr\system\Database\BaseBuilder.php(2263): CodeIgniter\Database\BaseConnection->query('INSERT INTO `tb...', Array, false)
#4 C:\xampp\htdocs\Web-Hr\app\Models\ModelTipe.php(19): CodeIgniter\Database\BaseBuilder->insert(Array)
#5 C:\xampp\htdocs\Web-Hr\app\Controllers\Tipe.php(29): App\Models\ModelTipe->add(Array)
#6 C:\xampp\htdocs\Web-Hr\system\CodeIgniter.php(936): App\Controllers\Tipe->add()
#7 C:\xampp\htdocs\Web-Hr\system\CodeIgniter.php(432): CodeIgniter\CodeIgniter->runController(Object(App\Controllers\Tipe))
#8 C:\xampp\htdocs\Web-Hr\system\CodeIgniter.php(333): CodeIgniter\CodeIgniter->handleRequest(NULL, Object(Config\Cache), false)
#9 C:\xampp\htdocs\Web-Hr\public\index.php(44): CodeIgniter\CodeIgniter->run()
#10 C:\xampp\htdocs\Web-Hr\system\Commands\Server\rewrite.php(45): require_once('C:\\xampp\\htdocs...')
#11 {main}
ERROR - 2021-03-27 05:00:40 --> mysqli_sql_exception: Operand should contain 1 column(s) in C:\xampp\htdocs\Web-Hr\system\Database\MySQLi\Connection.php:314
Stack trace:
#0 C:\xampp\htdocs\Web-Hr\system\Database\MySQLi\Connection.php(314): mysqli->query('UPDATE `tb_tipe...')
#1 C:\xampp\htdocs\Web-Hr\system\Database\BaseConnection.php(713): CodeIgniter\Database\MySQLi\Connection->execute('UPDATE `tb_tipe...')
#2 C:\xampp\htdocs\Web-Hr\system\Database\BaseConnection.php(641): CodeIgniter\Database\BaseConnection->simpleQuery('UPDATE `tb_tipe...')
#3 C:\xampp\htdocs\Web-Hr\system\Database\BaseBuilder.php(2468): CodeIgniter\Database\BaseConnection->query('UPDATE `tb_tipe...', Array, false)
#4 C:\xampp\htdocs\Web-Hr\app\Models\ModelTipe.php(26): CodeIgniter\Database\BaseBuilder->update(Array)
#5 C:\xampp\htdocs\Web-Hr\app\Controllers\Tipe.php(40): App\Models\ModelTipe->edit(Array)
#6 C:\xampp\htdocs\Web-Hr\system\CodeIgniter.php(936): App\Controllers\Tipe->edit('1')
#7 C:\xampp\htdocs\Web-Hr\system\CodeIgniter.php(432): CodeIgniter\CodeIgniter->runController(Object(App\Controllers\Tipe))
#8 C:\xampp\htdocs\Web-Hr\system\CodeIgniter.php(333): CodeIgniter\CodeIgniter->handleRequest(NULL, Object(Config\Cache), false)
#9 C:\xampp\htdocs\Web-Hr\public\index.php(44): CodeIgniter\CodeIgniter->run()
#10 C:\xampp\htdocs\Web-Hr\system\Commands\Server\rewrite.php(45): require_once('C:\\xampp\\htdocs...')
#11 {main}
CRITICAL - 2021-03-27 05:00:40 --> Operand should contain 1 column(s)
#0 C:\xampp\htdocs\Web-Hr\system\Database\MySQLi\Connection.php(314): mysqli->query('UPDATE `tb_tipe...')
#1 C:\xampp\htdocs\Web-Hr\system\Database\BaseConnection.php(713): CodeIgniter\Database\MySQLi\Connection->execute('UPDATE `tb_tipe...')
#2 C:\xampp\htdocs\Web-Hr\system\Database\BaseConnection.php(641): CodeIgniter\Database\BaseConnection->simpleQuery('UPDATE `tb_tipe...')
#3 C:\xampp\htdocs\Web-Hr\system\Database\BaseBuilder.php(2468): CodeIgniter\Database\BaseConnection->query('UPDATE `tb_tipe...', Array, false)
#4 C:\xampp\htdocs\Web-Hr\app\Models\ModelTipe.php(26): CodeIgniter\Database\BaseBuilder->update(Array)
#5 C:\xampp\htdocs\Web-Hr\app\Controllers\Tipe.php(40): App\Models\ModelTipe->edit(Array)
#6 C:\xampp\htdocs\Web-Hr\system\CodeIgniter.php(936): App\Controllers\Tipe->edit('1')
#7 C:\xampp\htdocs\Web-Hr\system\CodeIgniter.php(432): CodeIgniter\CodeIgniter->runController(Object(App\Controllers\Tipe))
#8 C:\xampp\htdocs\Web-Hr\system\CodeIgniter.php(333): CodeIgniter\CodeIgniter->handleRequest(NULL, Object(Config\Cache), false)
#9 C:\xampp\htdocs\Web-Hr\public\index.php(44): CodeIgniter\CodeIgniter->run()
#10 C:\xampp\htdocs\Web-Hr\system\Commands\Server\rewrite.php(45): require_once('C:\\xampp\\htdocs...')
#11 {main}
ERROR - 2021-03-27 05:05:47 --> mysqli_sql_exception: Operand should contain 1 column(s) in C:\xampp\htdocs\Web-Hr\system\Database\MySQLi\Connection.php:314
Stack trace:
#0 C:\xampp\htdocs\Web-Hr\system\Database\MySQLi\Connection.php(314): mysqli->query('INSERT INTO `tb...')
#1 C:\xampp\htdocs\Web-Hr\system\Database\BaseConnection.php(713): CodeIgniter\Database\MySQLi\Connection->execute('INSERT INTO `tb...')
#2 C:\xampp\htdocs\Web-Hr\system\Database\BaseConnection.php(641): CodeIgniter\Database\BaseConnection->simpleQuery('INSERT INTO `tb...')
#3 C:\xampp\htdocs\Web-Hr\system\Database\BaseBuilder.php(2263): CodeIgniter\Database\BaseConnection->query('INSERT INTO `tb...', Array, false)
#4 C:\xampp\htdocs\Web-Hr\app\Models\ModelHadir.php(19): CodeIgniter\Database\BaseBuilder->insert(Array)
#5 C:\xampp\htdocs\Web-Hr\app\Controllers\Hadir.php(35): App\Models\ModelHadir->add(Array)
#6 C:\xampp\htdocs\Web-Hr\system\CodeIgniter.php(936): App\Controllers\Hadir->add()
#7 C:\xampp\htdocs\Web-Hr\system\CodeIgniter.php(432): CodeIgniter\CodeIgniter->runController(Object(App\Controllers\Hadir))
#8 C:\xampp\htdocs\Web-Hr\system\CodeIgniter.php(333): CodeIgniter\CodeIgniter->handleRequest(NULL, Object(Config\Cache), false)
#9 C:\xampp\htdocs\Web-Hr\public\index.php(44): CodeIgniter\CodeIgniter->run()
#10 C:\xampp\htdocs\Web-Hr\system\Commands\Server\rewrite.php(45): require_once('C:\\xampp\\htdocs...')
#11 {main}
CRITICAL - 2021-03-27 05:05:47 --> Operand should contain 1 column(s)
#0 C:\xampp\htdocs\Web-Hr\system\Database\MySQLi\Connection.php(314): mysqli->query('INSERT INTO `tb...')
#1 C:\xampp\htdocs\Web-Hr\system\Database\BaseConnection.php(713): CodeIgniter\Database\MySQLi\Connection->execute('INSERT INTO `tb...')
#2 C:\xampp\htdocs\Web-Hr\system\Database\BaseConnection.php(641): CodeIgniter\Database\BaseConnection->simpleQuery('INSERT INTO `tb...')
#3 C:\xampp\htdocs\Web-Hr\system\Database\BaseBuilder.php(2263): CodeIgniter\Database\BaseConnection->query('INSERT INTO `tb...', Array, false)
#4 C:\xampp\htdocs\Web-Hr\app\Models\ModelHadir.php(19): CodeIgniter\Database\BaseBuilder->insert(Array)
#5 C:\xampp\htdocs\Web-Hr\app\Controllers\Hadir.php(35): App\Models\ModelHadir->add(Array)
#6 C:\xampp\htdocs\Web-Hr\system\CodeIgniter.php(936): App\Controllers\Hadir->add()
#7 C:\xampp\htdocs\Web-Hr\system\CodeIgniter.php(432): CodeIgniter\CodeIgniter->runController(Object(App\Controllers\Hadir))
#8 C:\xampp\htdocs\Web-Hr\system\CodeIgniter.php(333): CodeIgniter\CodeIgniter->handleRequest(NULL, Object(Config\Cache), false)
#9 C:\xampp\htdocs\Web-Hr\public\index.php(44): CodeIgniter\CodeIgniter->run()
#10 C:\xampp\htdocs\Web-Hr\system\Commands\Server\rewrite.php(45): require_once('C:\\xampp\\htdocs...')
#11 {main}
ERROR - 2021-03-27 05:08:10 --> mysqli_sql_exception: Operand should contain 1 column(s) in C:\xampp\htdocs\Web-Hr\system\Database\MySQLi\Connection.php:314
Stack trace:
#0 C:\xampp\htdocs\Web-Hr\system\Database\MySQLi\Connection.php(314): mysqli->query('UPDATE `tb_keha...')
#1 C:\xampp\htdocs\Web-Hr\system\Database\BaseConnection.php(713): CodeIgniter\Database\MySQLi\Connection->execute('UPDATE `tb_keha...')
#2 C:\xampp\htdocs\Web-Hr\system\Database\BaseConnection.php(641): CodeIgniter\Database\BaseConnection->simpleQuery('UPDATE `tb_keha...')
#3 C:\xampp\htdocs\Web-Hr\system\Database\BaseBuilder.php(2468): CodeIgniter\Database\BaseConnection->query('UPDATE `tb_keha...', Array, false)
#4 C:\xampp\htdocs\Web-Hr\app\Models\ModelHadir.php(26): CodeIgniter\Database\BaseBuilder->update(Array)
#5 C:\xampp\htdocs\Web-Hr\app\Controllers\Hadir.php(50): App\Models\ModelHadir->edit(Array)
#6 C:\xampp\htdocs\Web-Hr\system\CodeIgniter.php(936): App\Controllers\Hadir->edit('1')
#7 C:\xampp\htdocs\Web-Hr\system\CodeIgniter.php(432): CodeIgniter\CodeIgniter->runController(Object(App\Controllers\Hadir))
#8 C:\xampp\htdocs\Web-Hr\system\CodeIgniter.php(333): CodeIgniter\CodeIgniter->handleRequest(NULL, Object(Config\Cache), false)
#9 C:\xampp\htdocs\Web-Hr\public\index.php(44): CodeIgniter\CodeIgniter->run()
#10 C:\xampp\htdocs\Web-Hr\system\Commands\Server\rewrite.php(45): require_once('C:\\xampp\\htdocs...')
#11 {main}
CRITICAL - 2021-03-27 05:08:10 --> Operand should contain 1 column(s)
#0 C:\xampp\htdocs\Web-Hr\system\Database\MySQLi\Connection.php(314): mysqli->query('UPDATE `tb_keha...')
#1 C:\xampp\htdocs\Web-Hr\system\Database\BaseConnection.php(713): CodeIgniter\Database\MySQLi\Connection->execute('UPDATE `tb_keha...')
#2 C:\xampp\htdocs\Web-Hr\system\Database\BaseConnection.php(641): CodeIgniter\Database\BaseConnection->simpleQuery('UPDATE `tb_keha...')
#3 C:\xampp\htdocs\Web-Hr\system\Database\BaseBuilder.php(2468): CodeIgniter\Database\BaseConnection->query('UPDATE `tb_keha...', Array, false)
#4 C:\xampp\htdocs\Web-Hr\app\Models\ModelHadir.php(26): CodeIgniter\Database\BaseBuilder->update(Array)
#5 C:\xampp\htdocs\Web-Hr\app\Controllers\Hadir.php(50): App\Models\ModelHadir->edit(Array)
#6 C:\xampp\htdocs\Web-Hr\system\CodeIgniter.php(936): App\Controllers\Hadir->edit('1')
#7 C:\xampp\htdocs\Web-Hr\system\CodeIgniter.php(432): CodeIgniter\CodeIgniter->runController(Object(App\Controllers\Hadir))
#8 C:\xampp\htdocs\Web-Hr\system\CodeIgniter.php(333): CodeIgniter\CodeIgniter->handleRequest(NULL, Object(Config\Cache), false)
#9 C:\xampp\htdocs\Web-Hr\public\index.php(44): CodeIgniter\CodeIgniter->run()
#10 C:\xampp\htdocs\Web-Hr\system\Commands\Server\rewrite.php(45): require_once('C:\\xampp\\htdocs...')
#11 {main}
ERROR - 2021-03-27 05:09:52 --> mysqli_sql_exception: Operand should contain 1 column(s) in C:\xampp\htdocs\Web-Hr\system\Database\MySQLi\Connection.php:314
Stack trace:
#0 C:\xampp\htdocs\Web-Hr\system\Database\MySQLi\Connection.php(314): mysqli->query('UPDATE `tb_keha...')
#1 C:\xampp\htdocs\Web-Hr\system\Database\BaseConnection.php(713): CodeIgniter\Database\MySQLi\Connection->execute('UPDATE `tb_keha...')
#2 C:\xampp\htdocs\Web-Hr\system\Database\BaseConnection.php(641): CodeIgniter\Database\BaseConnection->simpleQuery('UPDATE `tb_keha...')
#3 C:\xampp\htdocs\Web-Hr\system\Database\BaseBuilder.php(2468): CodeIgniter\Database\BaseConnection->query('UPDATE `tb_keha...', Array, false)
#4 C:\xampp\htdocs\Web-Hr\app\Models\ModelHadir.php(26): CodeIgniter\Database\BaseBuilder->update(Array)
#5 C:\xampp\htdocs\Web-Hr\app\Controllers\Hadir.php(50): App\Models\ModelHadir->edit(Array)
#6 C:\xampp\htdocs\Web-Hr\system\CodeIgniter.php(936): App\Controllers\Hadir->edit('1')
#7 C:\xampp\htdocs\Web-Hr\system\CodeIgniter.php(432): CodeIgniter\CodeIgniter->runController(Object(App\Controllers\Hadir))
#8 C:\xampp\htdocs\Web-Hr\system\CodeIgniter.php(333): CodeIgniter\CodeIgniter->handleRequest(NULL, Object(Config\Cache), false)
#9 C:\xampp\htdocs\Web-Hr\public\index.php(44): CodeIgniter\CodeIgniter->run()
#10 C:\xampp\htdocs\Web-Hr\system\Commands\Server\rewrite.php(45): require_once('C:\\xampp\\htdocs...')
#11 {main}
CRITICAL - 2021-03-27 05:09:52 --> Operand should contain 1 column(s)
#0 C:\xampp\htdocs\Web-Hr\system\Database\MySQLi\Connection.php(314): mysqli->query('UPDATE `tb_keha...')
#1 C:\xampp\htdocs\Web-Hr\system\Database\BaseConnection.php(713): CodeIgniter\Database\MySQLi\Connection->execute('UPDATE `tb_keha...')
#2 C:\xampp\htdocs\Web-Hr\system\Database\BaseConnection.php(641): CodeIgniter\Database\BaseConnection->simpleQuery('UPDATE `tb_keha...')
#3 C:\xampp\htdocs\Web-Hr\system\Database\BaseBuilder.php(2468): CodeIgniter\Database\BaseConnection->query('UPDATE `tb_keha...', Array, false)
#4 C:\xampp\htdocs\Web-Hr\app\Models\ModelHadir.php(26): CodeIgniter\Database\BaseBuilder->update(Array)
#5 C:\xampp\htdocs\Web-Hr\app\Controllers\Hadir.php(50): App\Models\ModelHadir->edit(Array)
#6 C:\xampp\htdocs\Web-Hr\system\CodeIgniter.php(936): App\Controllers\Hadir->edit('1')
#7 C:\xampp\htdocs\Web-Hr\system\CodeIgniter.php(432): CodeIgniter\CodeIgniter->runController(Object(App\Controllers\Hadir))
#8 C:\xampp\htdocs\Web-Hr\system\CodeIgniter.php(333): CodeIgniter\CodeIgniter->handleRequest(NULL, Object(Config\Cache), false)
#9 C:\xampp\htdocs\Web-Hr\public\index.php(44): CodeIgniter\CodeIgniter->run()
#10 C:\xampp\htdocs\Web-Hr\system\Commands\Server\rewrite.php(45): require_once('C:\\xampp\\htdocs...')
#11 {main}
ERROR - 2021-03-27 05:45:45 --> mysqli_sql_exception: Operand should contain 1 column(s) in C:\xampp\htdocs\Web-Hr\system\Database\MySQLi\Connection.php:314
Stack trace:
#0 C:\xampp\htdocs\Web-Hr\system\Database\MySQLi\Connection.php(314): mysqli->query('INSERT INTO `tb...')
#1 C:\xampp\htdocs\Web-Hr\system\Database\BaseConnection.php(713): CodeIgniter\Database\MySQLi\Connection->execute('INSERT INTO `tb...')
#2 C:\xampp\htdocs\Web-Hr\system\Database\BaseConnection.php(641): CodeIgniter\Database\BaseConnection->simpleQuery('INSERT INTO `tb...')
#3 C:\xampp\htdocs\Web-Hr\system\Database\BaseBuilder.php(2263): CodeIgniter\Database\BaseConnection->query('INSERT INTO `tb...', Array, false)
#4 C:\xampp\htdocs\Web-Hr\app\Models\ModelHadir.php(19): CodeIgniter\Database\BaseBuilder->insert(Array)
#5 C:\xampp\htdocs\Web-Hr\app\Controllers\Hadir.php(35): App\Models\ModelHadir->add(Array)
#6 C:\xampp\htdocs\Web-Hr\system\CodeIgniter.php(936): App\Controllers\Hadir->add()
#7 C:\xampp\htdocs\Web-Hr\system\CodeIgniter.php(432): CodeIgniter\CodeIgniter->runController(Object(App\Controllers\Hadir))
#8 C:\xampp\htdocs\Web-Hr\system\CodeIgniter.php(333): CodeIgniter\CodeIgniter->handleRequest(NULL, Object(Config\Cache), false)
#9 C:\xampp\htdocs\Web-Hr\public\index.php(44): CodeIgniter\CodeIgniter->run()
#10 C:\xampp\htdocs\Web-Hr\system\Commands\Server\rewrite.php(45): require_once('C:\\xampp\\htdocs...')
#11 {main}
CRITICAL - 2021-03-27 05:45:45 --> Operand should contain 1 column(s)
#0 C:\xampp\htdocs\Web-Hr\system\Database\MySQLi\Connection.php(314): mysqli->query('INSERT INTO `tb...')
#1 C:\xampp\htdocs\Web-Hr\system\Database\BaseConnection.php(713): CodeIgniter\Database\MySQLi\Connection->execute('INSERT INTO `tb...')
#2 C:\xampp\htdocs\Web-Hr\system\Database\BaseConnection.php(641): CodeIgniter\Database\BaseConnection->simpleQuery('INSERT INTO `tb...')
#3 C:\xampp\htdocs\Web-Hr\system\Database\BaseBuilder.php(2263): CodeIgniter\Database\BaseConnection->query('INSERT INTO `tb...', Array, false)
#4 C:\xampp\htdocs\Web-Hr\app\Models\ModelHadir.php(19): CodeIgniter\Database\BaseBuilder->insert(Array)
#5 C:\xampp\htdocs\Web-Hr\app\Controllers\Hadir.php(35): App\Models\ModelHadir->add(Array)
#6 C:\xampp\htdocs\Web-Hr\system\CodeIgniter.php(936): App\Controllers\Hadir->add()
#7 C:\xampp\htdocs\Web-Hr\system\CodeIgniter.php(432): CodeIgniter\CodeIgniter->runController(Object(App\Controllers\Hadir))
#8 C:\xampp\htdocs\Web-Hr\system\CodeIgniter.php(333): CodeIgniter\CodeIgniter->handleRequest(NULL, Object(Config\Cache), false)
#9 C:\xampp\htdocs\Web-Hr\public\index.php(44): CodeIgniter\CodeIgniter->run()
#10 C:\xampp\htdocs\Web-Hr\system\Commands\Server\rewrite.php(45): require_once('C:\\xampp\\htdocs...')
#11 {main}
ERROR - 2021-03-27 07:46:29 --> mysqli_sql_exception: Operand should contain 1 column(s) in C:\xampp\htdocs\Web-Hr\system\Database\MySQLi\Connection.php:314
Stack trace:
#0 C:\xampp\htdocs\Web-Hr\system\Database\MySQLi\Connection.php(314): mysqli->query('UPDATE `tb_keha...')
#1 C:\xampp\htdocs\Web-Hr\system\Database\BaseConnection.php(713): CodeIgniter\Database\MySQLi\Connection->execute('UPDATE `tb_keha...')
#2 C:\xampp\htdocs\Web-Hr\system\Database\BaseConnection.php(641): CodeIgniter\Database\BaseConnection->simpleQuery('UPDATE `tb_keha...')
#3 C:\xampp\htdocs\Web-Hr\system\Database\BaseBuilder.php(2468): CodeIgniter\Database\BaseConnection->query('UPDATE `tb_keha...', Array, false)
#4 C:\xampp\htdocs\Web-Hr\app\Models\ModelHadir.php(26): CodeIgniter\Database\BaseBuilder->update(Array)
#5 C:\xampp\htdocs\Web-Hr\app\Controllers\Hadir.php(50): App\Models\ModelHadir->edit(Array)
#6 C:\xampp\htdocs\Web-Hr\system\CodeIgniter.php(936): App\Controllers\Hadir->edit('1')
#7 C:\xampp\htdocs\Web-Hr\system\CodeIgniter.php(432): CodeIgniter\CodeIgniter->runController(Object(App\Controllers\Hadir))
#8 C:\xampp\htdocs\Web-Hr\system\CodeIgniter.php(333): CodeIgniter\CodeIgniter->handleRequest(NULL, Object(Config\Cache), false)
#9 C:\xampp\htdocs\Web-Hr\public\index.php(44): CodeIgniter\CodeIgniter->run()
#10 C:\xampp\htdocs\Web-Hr\system\Commands\Server\rewrite.php(45): require_once('C:\\xampp\\htdocs...')
#11 {main}
CRITICAL - 2021-03-27 07:46:29 --> Operand should contain 1 column(s)
#0 C:\xampp\htdocs\Web-Hr\system\Database\MySQLi\Connection.php(314): mysqli->query('UPDATE `tb_keha...')
#1 C:\xampp\htdocs\Web-Hr\system\Database\BaseConnection.php(713): CodeIgniter\Database\MySQLi\Connection->execute('UPDATE `tb_keha...')
#2 C:\xampp\htdocs\Web-Hr\system\Database\BaseConnection.php(641): CodeIgniter\Database\BaseConnection->simpleQuery('UPDATE `tb_keha...')
#3 C:\xampp\htdocs\Web-Hr\system\Database\BaseBuilder.php(2468): CodeIgniter\Database\BaseConnection->query('UPDATE `tb_keha...', Array, false)
#4 C:\xampp\htdocs\Web-Hr\app\Models\ModelHadir.php(26): CodeIgniter\Database\BaseBuilder->update(Array)
#5 C:\xampp\htdocs\Web-Hr\app\Controllers\Hadir.php(50): App\Models\ModelHadir->edit(Array)
#6 C:\xampp\htdocs\Web-Hr\system\CodeIgniter.php(936): App\Controllers\Hadir->edit('1')
#7 C:\xampp\htdocs\Web-Hr\system\CodeIgniter.php(432): CodeIgniter\CodeIgniter->runController(Object(App\Controllers\Hadir))
#8 C:\xampp\htdocs\Web-Hr\system\CodeIgniter.php(333): CodeIgniter\CodeIgniter->handleRequest(NULL, Object(Config\Cache), false)
#9 C:\xampp\htdocs\Web-Hr\public\index.php(44): CodeIgniter\CodeIgniter->run()
#10 C:\xampp\htdocs\Web-Hr\system\Commands\Server\rewrite.php(45): require_once('C:\\xampp\\htdocs...')
#11 {main}
ERROR - 2021-03-27 07:58:05 --> mysqli_sql_exception: Operand should contain 1 column(s) in C:\xampp\htdocs\Web-Hr\system\Database\MySQLi\Connection.php:314
Stack trace:
#0 C:\xampp\htdocs\Web-Hr\system\Database\MySQLi\Connection.php(314): mysqli->query('UPDATE `tb_keha...')
#1 C:\xampp\htdocs\Web-Hr\system\Database\BaseConnection.php(713): CodeIgniter\Database\MySQLi\Connection->execute('UPDATE `tb_keha...')
#2 C:\xampp\htdocs\Web-Hr\system\Database\BaseConnection.php(641): CodeIgniter\Database\BaseConnection->simpleQuery('UPDATE `tb_keha...')
#3 C:\xampp\htdocs\Web-Hr\system\Database\BaseBuilder.php(2468): CodeIgniter\Database\BaseConnection->query('UPDATE `tb_keha...', Array, false)
#4 C:\xampp\htdocs\Web-Hr\app\Models\ModelHadir.php(26): CodeIgniter\Database\BaseBuilder->update(Array)
#5 C:\xampp\htdocs\Web-Hr\app\Controllers\Hadir.php(50): App\Models\ModelHadir->edit(Array)
#6 C:\xampp\htdocs\Web-Hr\system\CodeIgniter.php(936): App\Controllers\Hadir->edit('1')
#7 C:\xampp\htdocs\Web-Hr\system\CodeIgniter.php(432): CodeIgniter\CodeIgniter->runController(Object(App\Controllers\Hadir))
#8 C:\xampp\htdocs\Web-Hr\system\CodeIgniter.php(333): CodeIgniter\CodeIgniter->handleRequest(NULL, Object(Config\Cache), false)
#9 C:\xampp\htdocs\Web-Hr\public\index.php(44): CodeIgniter\CodeIgniter->run()
#10 C:\xampp\htdocs\Web-Hr\system\Commands\Server\rewrite.php(45): require_once('C:\\xampp\\htdocs...')
#11 {main}
CRITICAL - 2021-03-27 07:58:05 --> Operand should contain 1 column(s)
#0 C:\xampp\htdocs\Web-Hr\system\Database\MySQLi\Connection.php(314): mysqli->query('UPDATE `tb_keha...')
#1 C:\xampp\htdocs\Web-Hr\system\Database\BaseConnection.php(713): CodeIgniter\Database\MySQLi\Connection->execute('UPDATE `tb_keha...')
#2 C:\xampp\htdocs\Web-Hr\system\Database\BaseConnection.php(641): CodeIgniter\Database\BaseConnection->simpleQuery('UPDATE `tb_keha...')
#3 C:\xampp\htdocs\Web-Hr\system\Database\BaseBuilder.php(2468): CodeIgniter\Database\BaseConnection->query('UPDATE `tb_keha...', Array, false)
#4 C:\xampp\htdocs\Web-Hr\app\Models\ModelHadir.php(26): CodeIgniter\Database\BaseBuilder->update(Array)
#5 C:\xampp\htdocs\Web-Hr\app\Controllers\Hadir.php(50): App\Models\ModelHadir->edit(Array)
#6 C:\xampp\htdocs\Web-Hr\system\CodeIgniter.php(936): App\Controllers\Hadir->edit('1')
#7 C:\xampp\htdocs\Web-Hr\system\CodeIgniter.php(432): CodeIgniter\CodeIgniter->runController(Object(App\Controllers\Hadir))
#8 C:\xampp\htdocs\Web-Hr\system\CodeIgniter.php(333): CodeIgniter\CodeIgniter->handleRequest(NULL, Object(Config\Cache), false)
#9 C:\xampp\htdocs\Web-Hr\public\index.php(44): CodeIgniter\CodeIgniter->run()
#10 C:\xampp\htdocs\Web-Hr\system\Commands\Server\rewrite.php(45): require_once('C:\\xampp\\htdocs...')
#11 {main}
