CRITICAL - 2021-04-14 00:24:47 --> Illegal string offset 'nama_lengkap'
#0 C:\xampp\htdocs\Web-Hr\app\Views\calkar\v_cetakberkas.php(77): CodeIgniter\Debug\Exceptions->errorHandler(2, 'Illegal string ...', 'C:\\xampp\\htdocs...', 77, Array)
#1 C:\xampp\htdocs\Web-Hr\system\View\View.php(220): include('C:\\xampp\\htdocs...')
#2 C:\xampp\htdocs\Web-Hr\system\View\View.php(222): CodeIgniter\View\View->CodeIgniter\View\{closure}()
#3 C:\xampp\htdocs\Web-Hr\system\Common.php(1217): CodeIgniter\View\View->render('calkar/v_cetakb...', Array, true)
#4 C:\xampp\htdocs\Web-Hr\app\Controllers\Calkar.php(197): view('calkar/v_cetakb...', Array)
#5 C:\xampp\htdocs\Web-Hr\system\CodeIgniter.php(936): App\Controllers\Calkar->cetak_berkas()
#6 C:\xampp\htdocs\Web-Hr\system\CodeIgniter.php(432): CodeIgniter\CodeIgniter->runController(Object(App\Controllers\Calkar))
#7 C:\xampp\htdocs\Web-Hr\system\CodeIgniter.php(333): CodeIgniter\CodeIgniter->handleRequest(NULL, Object(Config\Cache), false)
#8 C:\xampp\htdocs\Web-Hr\public\index.php(44): CodeIgniter\CodeIgniter->run()
#9 C:\xampp\htdocs\Web-Hr\system\Commands\Server\rewrite.php(45): require_once('C:\\xampp\\htdocs...')
#10 {main}
CRITICAL - 2021-04-14 01:27:16 --> Trying to access array offset on value of type null
#0 C:\xampp\htdocs\Web-Hr\app\Views\template\template-frontend.php(122): CodeIgniter\Debug\Exceptions->errorHandler(8, 'Trying to acces...', 'C:\\xampp\\htdocs...', 122, Array)
#1 C:\xampp\htdocs\Web-Hr\system\View\View.php(220): include('C:\\xampp\\htdocs...')
#2 C:\xampp\htdocs\Web-Hr\system\View\View.php(222): CodeIgniter\View\View->CodeIgniter\View\{closure}()
#3 C:\xampp\htdocs\Web-Hr\system\View\View.php(236): CodeIgniter\View\View->render('template/templa...', Array, true)
#4 C:\xampp\htdocs\Web-Hr\system\Common.php(1217): CodeIgniter\View\View->render('v_home', Array, true)
#5 C:\xampp\htdocs\Web-Hr\app\Controllers\Home.php(25): view('v_home', Array)
#6 C:\xampp\htdocs\Web-Hr\system\CodeIgniter.php(936): App\Controllers\Home->index()
#7 C:\xampp\htdocs\Web-Hr\system\CodeIgniter.php(432): CodeIgniter\CodeIgniter->runController(Object(App\Controllers\Home))
#8 C:\xampp\htdocs\Web-Hr\system\CodeIgniter.php(333): CodeIgniter\CodeIgniter->handleRequest(NULL, Object(Config\Cache), false)
#9 C:\xampp\htdocs\Web-Hr\public\index.php(44): CodeIgniter\CodeIgniter->run()
#10 C:\xampp\htdocs\Web-Hr\system\Commands\Server\rewrite.php(45): require_once('C:\\xampp\\htdocs...')
#11 {main}
CRITICAL - 2021-04-14 01:29:20 --> Trying to access array offset on value of type null
#0 C:\xampp\htdocs\Web-Hr\app\Views\template\template-frontend.php(122): CodeIgniter\Debug\Exceptions->errorHandler(8, 'Trying to acces...', 'C:\\xampp\\htdocs...', 122, Array)
#1 C:\xampp\htdocs\Web-Hr\system\View\View.php(220): include('C:\\xampp\\htdocs...')
#2 C:\xampp\htdocs\Web-Hr\system\View\View.php(222): CodeIgniter\View\View->CodeIgniter\View\{closure}()
#3 C:\xampp\htdocs\Web-Hr\system\View\View.php(236): CodeIgniter\View\View->render('template/templa...', Array, true)
#4 C:\xampp\htdocs\Web-Hr\system\Common.php(1217): CodeIgniter\View\View->render('v_home', Array, true)
#5 C:\xampp\htdocs\Web-Hr\app\Controllers\Home.php(25): view('v_home', Array)
#6 C:\xampp\htdocs\Web-Hr\system\CodeIgniter.php(936): App\Controllers\Home->index()
#7 C:\xampp\htdocs\Web-Hr\system\CodeIgniter.php(432): CodeIgniter\CodeIgniter->runController(Object(App\Controllers\Home))
#8 C:\xampp\htdocs\Web-Hr\system\CodeIgniter.php(333): CodeIgniter\CodeIgniter->handleRequest(NULL, Object(Config\Cache), false)
#9 C:\xampp\htdocs\Web-Hr\public\index.php(44): CodeIgniter\CodeIgniter->run()
#10 C:\xampp\htdocs\Web-Hr\system\Commands\Server\rewrite.php(45): require_once('C:\\xampp\\htdocs...')
#11 {main}
CRITICAL - 2021-04-14 01:29:46 --> Trying to access array offset on value of type null
#0 C:\xampp\htdocs\Web-Hr\app\Views\template\template-frontend.php(122): CodeIgniter\Debug\Exceptions->errorHandler(8, 'Trying to acces...', 'C:\\xampp\\htdocs...', 122, Array)
#1 C:\xampp\htdocs\Web-Hr\system\View\View.php(220): include('C:\\xampp\\htdocs...')
#2 C:\xampp\htdocs\Web-Hr\system\View\View.php(222): CodeIgniter\View\View->CodeIgniter\View\{closure}()
#3 C:\xampp\htdocs\Web-Hr\system\View\View.php(236): CodeIgniter\View\View->render('template/templa...', Array, true)
#4 C:\xampp\htdocs\Web-Hr\system\Common.php(1217): CodeIgniter\View\View->render('v_home', Array, true)
#5 C:\xampp\htdocs\Web-Hr\app\Controllers\Home.php(25): view('v_home', Array)
#6 C:\xampp\htdocs\Web-Hr\system\CodeIgniter.php(936): App\Controllers\Home->index()
#7 C:\xampp\htdocs\Web-Hr\system\CodeIgniter.php(432): CodeIgniter\CodeIgniter->runController(Object(App\Controllers\Home))
#8 C:\xampp\htdocs\Web-Hr\system\CodeIgniter.php(333): CodeIgniter\CodeIgniter->handleRequest(NULL, Object(Config\Cache), false)
#9 C:\xampp\htdocs\Web-Hr\public\index.php(44): CodeIgniter\CodeIgniter->run()
#10 C:\xampp\htdocs\Web-Hr\system\Commands\Server\rewrite.php(45): require_once('C:\\xampp\\htdocs...')
#11 {main}
CRITICAL - 2021-04-14 01:29:48 --> Trying to access array offset on value of type null
#0 C:\xampp\htdocs\Web-Hr\app\Views\template\template-frontend.php(122): CodeIgniter\Debug\Exceptions->errorHandler(8, 'Trying to acces...', 'C:\\xampp\\htdocs...', 122, Array)
#1 C:\xampp\htdocs\Web-Hr\system\View\View.php(220): include('C:\\xampp\\htdocs...')
#2 C:\xampp\htdocs\Web-Hr\system\View\View.php(222): CodeIgniter\View\View->CodeIgniter\View\{closure}()
#3 C:\xampp\htdocs\Web-Hr\system\View\View.php(236): CodeIgniter\View\View->render('template/templa...', Array, true)
#4 C:\xampp\htdocs\Web-Hr\system\Common.php(1217): CodeIgniter\View\View->render('v_home', Array, true)
#5 C:\xampp\htdocs\Web-Hr\app\Controllers\Home.php(25): view('v_home', Array)
#6 C:\xampp\htdocs\Web-Hr\system\CodeIgniter.php(936): App\Controllers\Home->index()
#7 C:\xampp\htdocs\Web-Hr\system\CodeIgniter.php(432): CodeIgniter\CodeIgniter->runController(Object(App\Controllers\Home))
#8 C:\xampp\htdocs\Web-Hr\system\CodeIgniter.php(333): CodeIgniter\CodeIgniter->handleRequest(NULL, Object(Config\Cache), false)
#9 C:\xampp\htdocs\Web-Hr\public\index.php(44): CodeIgniter\CodeIgniter->run()
#10 C:\xampp\htdocs\Web-Hr\system\Commands\Server\rewrite.php(45): require_once('C:\\xampp\\htdocs...')
#11 {main}
CRITICAL - 2021-04-14 01:36:37 --> Trying to access array offset on value of type null
#0 C:\xampp\htdocs\Web-Hr\app\Views\template\template-frontend.php(122): CodeIgniter\Debug\Exceptions->errorHandler(8, 'Trying to acces...', 'C:\\xampp\\htdocs...', 122, Array)
#1 C:\xampp\htdocs\Web-Hr\system\View\View.php(220): include('C:\\xampp\\htdocs...')
#2 C:\xampp\htdocs\Web-Hr\system\View\View.php(222): CodeIgniter\View\View->CodeIgniter\View\{closure}()
#3 C:\xampp\htdocs\Web-Hr\system\View\View.php(236): CodeIgniter\View\View->render('template/templa...', Array, true)
#4 C:\xampp\htdocs\Web-Hr\system\Common.php(1217): CodeIgniter\View\View->render('v_home', Array, true)
#5 C:\xampp\htdocs\Web-Hr\app\Controllers\Home.php(25): view('v_home', Array)
#6 C:\xampp\htdocs\Web-Hr\system\CodeIgniter.php(936): App\Controllers\Home->index()
#7 C:\xampp\htdocs\Web-Hr\system\CodeIgniter.php(432): CodeIgniter\CodeIgniter->runController(Object(App\Controllers\Home))
#8 C:\xampp\htdocs\Web-Hr\system\CodeIgniter.php(333): CodeIgniter\CodeIgniter->handleRequest(NULL, Object(Config\Cache), false)
#9 C:\xampp\htdocs\Web-Hr\public\index.php(44): CodeIgniter\CodeIgniter->run()
#10 C:\xampp\htdocs\Web-Hr\system\Commands\Server\rewrite.php(45): require_once('C:\\xampp\\htdocs...')
#11 {main}
CRITICAL - 2021-04-14 02:42:00 --> Undefined variable: calkar
#0 C:\xampp\htdocs\Web-Hr\app\Views\karyawan\v_karyawan.php(114): CodeIgniter\Debug\Exceptions->errorHandler(8, 'Undefined varia...', 'C:\\xampp\\htdocs...', 114, Array)
#1 C:\xampp\htdocs\Web-Hr\system\View\View.php(220): include('C:\\xampp\\htdocs...')
#2 C:\xampp\htdocs\Web-Hr\system\View\View.php(222): CodeIgniter\View\View->CodeIgniter\View\{closure}()
#3 C:\xampp\htdocs\Web-Hr\system\Common.php(1217): CodeIgniter\View\View->render('karyawan/v_kary...', Array, true)
#4 C:\xampp\htdocs\Web-Hr\app\Controllers\Karyawan.php(23): view('karyawan/v_kary...', Array)
#5 C:\xampp\htdocs\Web-Hr\system\CodeIgniter.php(936): App\Controllers\Karyawan->index()
#6 C:\xampp\htdocs\Web-Hr\system\CodeIgniter.php(432): CodeIgniter\CodeIgniter->runController(Object(App\Controllers\Karyawan))
#7 C:\xampp\htdocs\Web-Hr\system\CodeIgniter.php(333): CodeIgniter\CodeIgniter->handleRequest(NULL, Object(Config\Cache), false)
#8 C:\xampp\htdocs\Web-Hr\public\index.php(44): CodeIgniter\CodeIgniter->run()
#9 C:\xampp\htdocs\Web-Hr\system\Commands\Server\rewrite.php(45): require_once('C:\\xampp\\htdocs...')
#10 {main}
CRITICAL - 2021-04-14 02:42:20 --> Undefined variable: karyawan
#0 C:\xampp\htdocs\Web-Hr\app\Views\karyawan\v_karyawan.php(114): CodeIgniter\Debug\Exceptions->errorHandler(8, 'Undefined varia...', 'C:\\xampp\\htdocs...', 114, Array)
#1 C:\xampp\htdocs\Web-Hr\system\View\View.php(220): include('C:\\xampp\\htdocs...')
#2 C:\xampp\htdocs\Web-Hr\system\View\View.php(222): CodeIgniter\View\View->CodeIgniter\View\{closure}()
#3 C:\xampp\htdocs\Web-Hr\system\Common.php(1217): CodeIgniter\View\View->render('karyawan/v_kary...', Array, true)
#4 C:\xampp\htdocs\Web-Hr\app\Controllers\Karyawan.php(23): view('karyawan/v_kary...', Array)
#5 C:\xampp\htdocs\Web-Hr\system\CodeIgniter.php(936): App\Controllers\Karyawan->index()
#6 C:\xampp\htdocs\Web-Hr\system\CodeIgniter.php(432): CodeIgniter\CodeIgniter->runController(Object(App\Controllers\Karyawan))
#7 C:\xampp\htdocs\Web-Hr\system\CodeIgniter.php(333): CodeIgniter\CodeIgniter->handleRequest(NULL, Object(Config\Cache), false)
#8 C:\xampp\htdocs\Web-Hr\public\index.php(44): CodeIgniter\CodeIgniter->run()
#9 C:\xampp\htdocs\Web-Hr\system\Commands\Server\rewrite.php(45): require_once('C:\\xampp\\htdocs...')
#10 {main}
ERROR - 2021-04-14 02:45:22 --> mysqli_sql_exception: Column 'nama_user' cannot be null in C:\xampp\htdocs\Web-Hr\system\Database\MySQLi\Connection.php:314
Stack trace:
#0 C:\xampp\htdocs\Web-Hr\system\Database\MySQLi\Connection.php(314): mysqli->query('INSERT INTO `tb...')
#1 C:\xampp\htdocs\Web-Hr\system\Database\BaseConnection.php(713): CodeIgniter\Database\MySQLi\Connection->execute('INSERT INTO `tb...')
#2 C:\xampp\htdocs\Web-Hr\system\Database\BaseConnection.php(641): CodeIgniter\Database\BaseConnection->simpleQuery('INSERT INTO `tb...')
#3 C:\xampp\htdocs\Web-Hr\system\Database\BaseBuilder.php(2263): CodeIgniter\Database\BaseConnection->query('INSERT INTO `tb...', Array, false)
#4 C:\xampp\htdocs\Web-Hr\app\Models\ModelUser.php(19): CodeIgniter\Database\BaseBuilder->insert(Array)
#5 C:\xampp\htdocs\Web-Hr\app\Controllers\User.php(40): App\Models\ModelUser->add(Array)
#6 C:\xampp\htdocs\Web-Hr\system\CodeIgniter.php(936): App\Controllers\User->add()
#7 C:\xampp\htdocs\Web-Hr\system\CodeIgniter.php(432): CodeIgniter\CodeIgniter->runController(Object(App\Controllers\User))
#8 C:\xampp\htdocs\Web-Hr\system\CodeIgniter.php(333): CodeIgniter\CodeIgniter->handleRequest(NULL, Object(Config\Cache), false)
#9 C:\xampp\htdocs\Web-Hr\public\index.php(44): CodeIgniter\CodeIgniter->run()
#10 C:\xampp\htdocs\Web-Hr\system\Commands\Server\rewrite.php(45): require_once('C:\\xampp\\htdocs...')
#11 {main}
CRITICAL - 2021-04-14 02:45:22 --> Column 'nama_user' cannot be null
#0 C:\xampp\htdocs\Web-Hr\system\Database\MySQLi\Connection.php(314): mysqli->query('INSERT INTO `tb...')
#1 C:\xampp\htdocs\Web-Hr\system\Database\BaseConnection.php(713): CodeIgniter\Database\MySQLi\Connection->execute('INSERT INTO `tb...')
#2 C:\xampp\htdocs\Web-Hr\system\Database\BaseConnection.php(641): CodeIgniter\Database\BaseConnection->simpleQuery('INSERT INTO `tb...')
#3 C:\xampp\htdocs\Web-Hr\system\Database\BaseBuilder.php(2263): CodeIgniter\Database\BaseConnection->query('INSERT INTO `tb...', Array, false)
#4 C:\xampp\htdocs\Web-Hr\app\Models\ModelUser.php(19): CodeIgniter\Database\BaseBuilder->insert(Array)
#5 C:\xampp\htdocs\Web-Hr\app\Controllers\User.php(40): App\Models\ModelUser->add(Array)
#6 C:\xampp\htdocs\Web-Hr\system\CodeIgniter.php(936): App\Controllers\User->add()
#7 C:\xampp\htdocs\Web-Hr\system\CodeIgniter.php(432): CodeIgniter\CodeIgniter->runController(Object(App\Controllers\User))
#8 C:\xampp\htdocs\Web-Hr\system\CodeIgniter.php(333): CodeIgniter\CodeIgniter->handleRequest(NULL, Object(Config\Cache), false)
#9 C:\xampp\htdocs\Web-Hr\public\index.php(44): CodeIgniter\CodeIgniter->run()
#10 C:\xampp\htdocs\Web-Hr\system\Commands\Server\rewrite.php(45): require_once('C:\\xampp\\htdocs...')
#11 {main}
ERROR - 2021-04-14 02:51:41 --> mysqli_sql_exception: Column 'nama_user' cannot be null in C:\xampp\htdocs\Web-Hr\system\Database\MySQLi\Connection.php:314
Stack trace:
#0 C:\xampp\htdocs\Web-Hr\system\Database\MySQLi\Connection.php(314): mysqli->query('INSERT INTO `tb...')
#1 C:\xampp\htdocs\Web-Hr\system\Database\BaseConnection.php(713): CodeIgniter\Database\MySQLi\Connection->execute('INSERT INTO `tb...')
#2 C:\xampp\htdocs\Web-Hr\system\Database\BaseConnection.php(641): CodeIgniter\Database\BaseConnection->simpleQuery('INSERT INTO `tb...')
#3 C:\xampp\htdocs\Web-Hr\system\Database\BaseBuilder.php(2263): CodeIgniter\Database\BaseConnection->query('INSERT INTO `tb...', Array, false)
#4 C:\xampp\htdocs\Web-Hr\app\Models\ModelUser.php(19): CodeIgniter\Database\BaseBuilder->insert(Array)
#5 C:\xampp\htdocs\Web-Hr\app\Controllers\User.php(40): App\Models\ModelUser->add(Array)
#6 C:\xampp\htdocs\Web-Hr\system\CodeIgniter.php(936): App\Controllers\User->add()
#7 C:\xampp\htdocs\Web-Hr\system\CodeIgniter.php(432): CodeIgniter\CodeIgniter->runController(Object(App\Controllers\User))
#8 C:\xampp\htdocs\Web-Hr\system\CodeIgniter.php(333): CodeIgniter\CodeIgniter->handleRequest(NULL, Object(Config\Cache), false)
#9 C:\xampp\htdocs\Web-Hr\public\index.php(44): CodeIgniter\CodeIgniter->run()
#10 C:\xampp\htdocs\Web-Hr\system\Commands\Server\rewrite.php(45): require_once('C:\\xampp\\htdocs...')
#11 {main}
CRITICAL - 2021-04-14 02:51:41 --> Column 'nama_user' cannot be null
#0 C:\xampp\htdocs\Web-Hr\system\Database\MySQLi\Connection.php(314): mysqli->query('INSERT INTO `tb...')
#1 C:\xampp\htdocs\Web-Hr\system\Database\BaseConnection.php(713): CodeIgniter\Database\MySQLi\Connection->execute('INSERT INTO `tb...')
#2 C:\xampp\htdocs\Web-Hr\system\Database\BaseConnection.php(641): CodeIgniter\Database\BaseConnection->simpleQuery('INSERT INTO `tb...')
#3 C:\xampp\htdocs\Web-Hr\system\Database\BaseBuilder.php(2263): CodeIgniter\Database\BaseConnection->query('INSERT INTO `tb...', Array, false)
#4 C:\xampp\htdocs\Web-Hr\app\Models\ModelUser.php(19): CodeIgniter\Database\BaseBuilder->insert(Array)
#5 C:\xampp\htdocs\Web-Hr\app\Controllers\User.php(40): App\Models\ModelUser->add(Array)
#6 C:\xampp\htdocs\Web-Hr\system\CodeIgniter.php(936): App\Controllers\User->add()
#7 C:\xampp\htdocs\Web-Hr\system\CodeIgniter.php(432): CodeIgniter\CodeIgniter->runController(Object(App\Controllers\User))
#8 C:\xampp\htdocs\Web-Hr\system\CodeIgniter.php(333): CodeIgniter\CodeIgniter->handleRequest(NULL, Object(Config\Cache), false)
#9 C:\xampp\htdocs\Web-Hr\public\index.php(44): CodeIgniter\CodeIgniter->run()
#10 C:\xampp\htdocs\Web-Hr\system\Commands\Server\rewrite.php(45): require_once('C:\\xampp\\htdocs...')
#11 {main}
CRITICAL - 2021-04-14 02:52:24 --> Undefined variable: user
#0 C:\xampp\htdocs\Web-Hr\app\Views\karyawan\v_karyawan.php(49): CodeIgniter\Debug\Exceptions->errorHandler(8, 'Undefined varia...', 'C:\\xampp\\htdocs...', 49, Array)
#1 C:\xampp\htdocs\Web-Hr\system\View\View.php(220): include('C:\\xampp\\htdocs...')
#2 C:\xampp\htdocs\Web-Hr\system\View\View.php(222): CodeIgniter\View\View->CodeIgniter\View\{closure}()
#3 C:\xampp\htdocs\Web-Hr\system\Common.php(1217): CodeIgniter\View\View->render('karyawan/v_kary...', Array, true)
#4 C:\xampp\htdocs\Web-Hr\app\Controllers\Karyawan.php(23): view('karyawan/v_kary...', Array)
#5 C:\xampp\htdocs\Web-Hr\system\CodeIgniter.php(936): App\Controllers\Karyawan->index()
#6 C:\xampp\htdocs\Web-Hr\system\CodeIgniter.php(432): CodeIgniter\CodeIgniter->runController(Object(App\Controllers\Karyawan))
#7 C:\xampp\htdocs\Web-Hr\system\CodeIgniter.php(333): CodeIgniter\CodeIgniter->handleRequest(NULL, Object(Config\Cache), false)
#8 C:\xampp\htdocs\Web-Hr\public\index.php(44): CodeIgniter\CodeIgniter->run()
#9 C:\xampp\htdocs\Web-Hr\system\Commands\Server\rewrite.php(45): require_once('C:\\xampp\\htdocs...')
#10 {main}
ERROR - 2021-04-14 02:53:52 --> mysqli_sql_exception: Cannot add or update a child row: a foreign key constraint fails (`hr`.`tb_karyawan`, CONSTRAINT `tb_karyawan_ibfk_1` FOREIGN KEY (`id_karyawan`) REFERENCES `tb_tipe` (`id_karyawan`)) in C:\xampp\htdocs\Web-Hr\system\Database\MySQLi\Connection.php:314
Stack trace:
#0 C:\xampp\htdocs\Web-Hr\system\Database\MySQLi\Connection.php(314): mysqli->query('INSERT INTO `tb...')
#1 C:\xampp\htdocs\Web-Hr\system\Database\BaseConnection.php(713): CodeIgniter\Database\MySQLi\Connection->execute('INSERT INTO `tb...')
#2 C:\xampp\htdocs\Web-Hr\system\Database\BaseConnection.php(641): CodeIgniter\Database\BaseConnection->simpleQuery('INSERT INTO `tb...')
#3 C:\xampp\htdocs\Web-Hr\system\Database\BaseBuilder.php(2263): CodeIgniter\Database\BaseConnection->query('INSERT INTO `tb...', Array, false)
#4 C:\xampp\htdocs\Web-Hr\app\Models\ModelKaryawan.php(19): CodeIgniter\Database\BaseBuilder->insert(Array)
#5 C:\xampp\htdocs\Web-Hr\app\Controllers\Karyawan.php(42): App\Models\ModelKaryawan->add(Array)
#6 C:\xampp\htdocs\Web-Hr\system\CodeIgniter.php(936): App\Controllers\Karyawan->add()
#7 C:\xampp\htdocs\Web-Hr\system\CodeIgniter.php(432): CodeIgniter\CodeIgniter->runController(Object(App\Controllers\Karyawan))
#8 C:\xampp\htdocs\Web-Hr\system\CodeIgniter.php(333): CodeIgniter\CodeIgniter->handleRequest(NULL, Object(Config\Cache), false)
#9 C:\xampp\htdocs\Web-Hr\public\index.php(44): CodeIgniter\CodeIgniter->run()
#10 C:\xampp\htdocs\Web-Hr\system\Commands\Server\rewrite.php(45): require_once('C:\\xampp\\htdocs...')
#11 {main}
CRITICAL - 2021-04-14 02:53:52 --> Cannot add or update a child row: a foreign key constraint fails (`hr`.`tb_karyawan`, CONSTRAINT `tb_karyawan_ibfk_1` FOREIGN KEY (`id_karyawan`) REFERENCES `tb_tipe` (`id_karyawan`))
#0 C:\xampp\htdocs\Web-Hr\system\Database\MySQLi\Connection.php(314): mysqli->query('INSERT INTO `tb...')
#1 C:\xampp\htdocs\Web-Hr\system\Database\BaseConnection.php(713): CodeIgniter\Database\MySQLi\Connection->execute('INSERT INTO `tb...')
#2 C:\xampp\htdocs\Web-Hr\system\Database\BaseConnection.php(641): CodeIgniter\Database\BaseConnection->simpleQuery('INSERT INTO `tb...')
#3 C:\xampp\htdocs\Web-Hr\system\Database\BaseBuilder.php(2263): CodeIgniter\Database\BaseConnection->query('INSERT INTO `tb...', Array, false)
#4 C:\xampp\htdocs\Web-Hr\app\Models\ModelKaryawan.php(19): CodeIgniter\Database\BaseBuilder->insert(Array)
#5 C:\xampp\htdocs\Web-Hr\app\Controllers\Karyawan.php(42): App\Models\ModelKaryawan->add(Array)
#6 C:\xampp\htdocs\Web-Hr\system\CodeIgniter.php(936): App\Controllers\Karyawan->add()
#7 C:\xampp\htdocs\Web-Hr\system\CodeIgniter.php(432): CodeIgniter\CodeIgniter->runController(Object(App\Controllers\Karyawan))
#8 C:\xampp\htdocs\Web-Hr\system\CodeIgniter.php(333): CodeIgniter\CodeIgniter->handleRequest(NULL, Object(Config\Cache), false)
#9 C:\xampp\htdocs\Web-Hr\public\index.php(44): CodeIgniter\CodeIgniter->run()
#10 C:\xampp\htdocs\Web-Hr\system\Commands\Server\rewrite.php(45): require_once('C:\\xampp\\htdocs...')
#11 {main}
CRITICAL - 2021-04-14 03:02:34 --> You must set the database table to be used with your query.
#0 C:\xampp\htdocs\Web-Hr\system\Model.php(615): CodeIgniter\Database\BaseConnection->table(NULL)
#1 C:\xampp\htdocs\Web-Hr\system\Model.php(834): CodeIgniter\Model->builder()
#2 C:\xampp\htdocs\Web-Hr\app\Controllers\Karyawan.php(95): CodeIgniter\Model->__call('delete_user', Array)
#3 C:\xampp\htdocs\Web-Hr\system\CodeIgniter.php(936): App\Controllers\Karyawan->delete_karyawan('3')
#4 C:\xampp\htdocs\Web-Hr\system\CodeIgniter.php(432): CodeIgniter\CodeIgniter->runController(Object(App\Controllers\Karyawan))
#5 C:\xampp\htdocs\Web-Hr\system\CodeIgniter.php(333): CodeIgniter\CodeIgniter->handleRequest(NULL, Object(Config\Cache), false)
#6 C:\xampp\htdocs\Web-Hr\public\index.php(44): CodeIgniter\CodeIgniter->run()
#7 C:\xampp\htdocs\Web-Hr\system\Commands\Server\rewrite.php(45): require_once('C:\\xampp\\htdocs...')
#8 {main}
CRITICAL - 2021-04-14 03:06:17 --> unlink(./foto/1618387273_8d83ecd04f959789d529.jpg): No such file or directory
#0 [internal function]: CodeIgniter\Debug\Exceptions->errorHandler(2, 'unlink(./foto/1...', 'C:\\xampp\\htdocs...', 90, Array)
#1 C:\xampp\htdocs\Web-Hr\app\Controllers\Karyawan.php(90): unlink('./foto/16183872...')
#2 C:\xampp\htdocs\Web-Hr\system\CodeIgniter.php(936): App\Controllers\Karyawan->delete_karyawan('3')
#3 C:\xampp\htdocs\Web-Hr\system\CodeIgniter.php(432): CodeIgniter\CodeIgniter->runController(Object(App\Controllers\Karyawan))
#4 C:\xampp\htdocs\Web-Hr\system\CodeIgniter.php(333): CodeIgniter\CodeIgniter->handleRequest(NULL, Object(Config\Cache), false)
#5 C:\xampp\htdocs\Web-Hr\public\index.php(44): CodeIgniter\CodeIgniter->run()
#6 C:\xampp\htdocs\Web-Hr\system\Commands\Server\rewrite.php(45): require_once('C:\\xampp\\htdocs...')
#7 {main}
CRITICAL - 2021-04-14 03:58:12 --> Trying to access array offset on value of type null
#0 C:\xampp\htdocs\Web-Hr\app\Views\admin\daftar\v_detail.php(22): CodeIgniter\Debug\Exceptions->errorHandler(8, 'Trying to acces...', 'C:\\xampp\\htdocs...', 22, Array)
#1 C:\xampp\htdocs\Web-Hr\system\View\View.php(220): include('C:\\xampp\\htdocs...')
#2 C:\xampp\htdocs\Web-Hr\system\View\View.php(222): CodeIgniter\View\View->CodeIgniter\View\{closure}()
#3 C:\xampp\htdocs\Web-Hr\system\Common.php(1217): CodeIgniter\View\View->render('admin/daftar/v_...', Array, true)
#4 C:\xampp\htdocs\Web-Hr\app\Controllers\Daftar.php(55): view('admin/daftar/v_...', Array)
#5 C:\xampp\htdocs\Web-Hr\system\CodeIgniter.php(936): App\Controllers\Daftar->detailData('dist', 'img', 'user3-128x128.j...')
#6 C:\xampp\htdocs\Web-Hr\system\CodeIgniter.php(432): CodeIgniter\CodeIgniter->runController(Object(App\Controllers\Daftar))
#7 C:\xampp\htdocs\Web-Hr\system\CodeIgniter.php(333): CodeIgniter\CodeIgniter->handleRequest(NULL, Object(Config\Cache), false)
#8 C:\xampp\htdocs\Web-Hr\public\index.php(44): CodeIgniter\CodeIgniter->run()
#9 C:\xampp\htdocs\Web-Hr\system\Commands\Server\rewrite.php(45): require_once('C:\\xampp\\htdocs...')
#10 {main}
CRITICAL - 2021-04-14 03:58:12 --> Trying to access array offset on value of type null
#0 C:\xampp\htdocs\Web-Hr\app\Views\admin\daftar\v_detail.php(22): CodeIgniter\Debug\Exceptions->errorHandler(8, 'Trying to acces...', 'C:\\xampp\\htdocs...', 22, Array)
#1 C:\xampp\htdocs\Web-Hr\system\View\View.php(220): include('C:\\xampp\\htdocs...')
#2 C:\xampp\htdocs\Web-Hr\system\View\View.php(222): CodeIgniter\View\View->CodeIgniter\View\{closure}()
#3 C:\xampp\htdocs\Web-Hr\system\Common.php(1217): CodeIgniter\View\View->render('admin/daftar/v_...', Array, true)
#4 C:\xampp\htdocs\Web-Hr\app\Controllers\Daftar.php(55): view('admin/daftar/v_...', Array)
#5 C:\xampp\htdocs\Web-Hr\system\CodeIgniter.php(936): App\Controllers\Daftar->detailData('dist', 'img', 'user4-128x128.j...')
#6 C:\xampp\htdocs\Web-Hr\system\CodeIgniter.php(432): CodeIgniter\CodeIgniter->runController(Object(App\Controllers\Daftar))
#7 C:\xampp\htdocs\Web-Hr\system\CodeIgniter.php(333): CodeIgniter\CodeIgniter->handleRequest(NULL, Object(Config\Cache), false)
#8 C:\xampp\htdocs\Web-Hr\public\index.php(44): CodeIgniter\CodeIgniter->run()
#9 C:\xampp\htdocs\Web-Hr\system\Commands\Server\rewrite.php(45): require_once('C:\\xampp\\htdocs...')
#10 {main}
CRITICAL - 2021-04-14 04:00:29 --> Trying to access array offset on value of type null
#0 C:\xampp\htdocs\Web-Hr\app\Views\admin\daftar\v_detail.php(22): CodeIgniter\Debug\Exceptions->errorHandler(8, 'Trying to acces...', 'C:\\xampp\\htdocs...', 22, Array)
#1 C:\xampp\htdocs\Web-Hr\system\View\View.php(220): include('C:\\xampp\\htdocs...')
#2 C:\xampp\htdocs\Web-Hr\system\View\View.php(222): CodeIgniter\View\View->CodeIgniter\View\{closure}()
#3 C:\xampp\htdocs\Web-Hr\system\Common.php(1217): CodeIgniter\View\View->render('admin/daftar/v_...', Array, true)
#4 C:\xampp\htdocs\Web-Hr\app\Controllers\Daftar.php(55): view('admin/daftar/v_...', Array)
#5 C:\xampp\htdocs\Web-Hr\system\CodeIgniter.php(936): App\Controllers\Daftar->detailData('dist', 'img', 'user3-128x128.j...')
#6 C:\xampp\htdocs\Web-Hr\system\CodeIgniter.php(432): CodeIgniter\CodeIgniter->runController(Object(App\Controllers\Daftar))
#7 C:\xampp\htdocs\Web-Hr\system\CodeIgniter.php(333): CodeIgniter\CodeIgniter->handleRequest(NULL, Object(Config\Cache), false)
#8 C:\xampp\htdocs\Web-Hr\public\index.php(44): CodeIgniter\CodeIgniter->run()
#9 C:\xampp\htdocs\Web-Hr\system\Commands\Server\rewrite.php(45): require_once('C:\\xampp\\htdocs...')
#10 {main}
CRITICAL - 2021-04-14 04:00:29 --> Trying to access array offset on value of type null
#0 C:\xampp\htdocs\Web-Hr\app\Views\admin\daftar\v_detail.php(22): CodeIgniter\Debug\Exceptions->errorHandler(8, 'Trying to acces...', 'C:\\xampp\\htdocs...', 22, Array)
#1 C:\xampp\htdocs\Web-Hr\system\View\View.php(220): include('C:\\xampp\\htdocs...')
#2 C:\xampp\htdocs\Web-Hr\system\View\View.php(222): CodeIgniter\View\View->CodeIgniter\View\{closure}()
#3 C:\xampp\htdocs\Web-Hr\system\Common.php(1217): CodeIgniter\View\View->render('admin/daftar/v_...', Array, true)
#4 C:\xampp\htdocs\Web-Hr\app\Controllers\Daftar.php(55): view('admin/daftar/v_...', Array)
#5 C:\xampp\htdocs\Web-Hr\system\CodeIgniter.php(936): App\Controllers\Daftar->detailData('dist', 'img', 'user4-128x128.j...')
#6 C:\xampp\htdocs\Web-Hr\system\CodeIgniter.php(432): CodeIgniter\CodeIgniter->runController(Object(App\Controllers\Daftar))
#7 C:\xampp\htdocs\Web-Hr\system\CodeIgniter.php(333): CodeIgniter\CodeIgniter->handleRequest(NULL, Object(Config\Cache), false)
#8 C:\xampp\htdocs\Web-Hr\public\index.php(44): CodeIgniter\CodeIgniter->run()
#9 C:\xampp\htdocs\Web-Hr\system\Commands\Server\rewrite.php(45): require_once('C:\\xampp\\htdocs...')
#10 {main}
