CRITICAL - 2021-03-30 01:44:04 --> unlink(./logo/1617085242_8cb1476841a7f5d950af.png): No such file or directory
#0 [internal function]: CodeIgniter\Debug\Exceptions->errorHandler(2, 'unlink(./logo/1...', 'C:\\xampp\\htdocs...', 54, Array)
#1 C:\xampp\htdocs\Web-Hr\app\Controllers\Admin.php(54): unlink('./logo/16170852...')
#2 C:\xampp\htdocs\Web-Hr\system\CodeIgniter.php(936): App\Controllers\Admin->saveSetting()
#3 C:\xampp\htdocs\Web-Hr\system\CodeIgniter.php(432): CodeIgniter\CodeIgniter->runController(Object(App\Controllers\Admin))
#4 C:\xampp\htdocs\Web-Hr\system\CodeIgniter.php(333): CodeIgniter\CodeIgniter->handleRequest(NULL, Object(Config\Cache), false)
#5 C:\xampp\htdocs\Web-Hr\public\index.php(44): CodeIgniter\CodeIgniter->run()
#6 C:\xampp\htdocs\Web-Hr\system\Commands\Server\rewrite.php(45): require_once('C:\\xampp\\htdocs...')
#7 {main}
CRITICAL - 2021-03-30 01:45:34 --> unlink(./logo/1617085242_8cb1476841a7f5d950af.png): No such file or directory
#0 [internal function]: CodeIgniter\Debug\Exceptions->errorHandler(2, 'unlink(./logo/1...', 'C:\\xampp\\htdocs...', 54, Array)
#1 C:\xampp\htdocs\Web-Hr\app\Controllers\Admin.php(54): unlink('./logo/16170852...')
#2 C:\xampp\htdocs\Web-Hr\system\CodeIgniter.php(936): App\Controllers\Admin->saveSetting()
#3 C:\xampp\htdocs\Web-Hr\system\CodeIgniter.php(432): CodeIgniter\CodeIgniter->runController(Object(App\Controllers\Admin))
#4 C:\xampp\htdocs\Web-Hr\system\CodeIgniter.php(333): CodeIgniter\CodeIgniter->handleRequest(NULL, Object(Config\Cache), false)
#5 C:\xampp\htdocs\Web-Hr\public\index.php(44): CodeIgniter\CodeIgniter->run()
#6 C:\xampp\htdocs\Web-Hr\system\Commands\Server\rewrite.php(45): require_once('C:\\xampp\\htdocs...')
#7 {main}
CRITICAL - 2021-03-30 01:55:20 --> unlink(./logo/1617085242_8cb1476841a7f5d950af.png): No such file or directory
#0 [internal function]: CodeIgniter\Debug\Exceptions->errorHandler(2, 'unlink(./logo/1...', 'C:\\xampp\\htdocs...', 54, Array)
#1 C:\xampp\htdocs\Web-Hr\app\Controllers\Admin.php(54): unlink('./logo/16170852...')
#2 C:\xampp\htdocs\Web-Hr\system\CodeIgniter.php(936): App\Controllers\Admin->saveSetting()
#3 C:\xampp\htdocs\Web-Hr\system\CodeIgniter.php(432): CodeIgniter\CodeIgniter->runController(Object(App\Controllers\Admin))
#4 C:\xampp\htdocs\Web-Hr\system\CodeIgniter.php(333): CodeIgniter\CodeIgniter->handleRequest(NULL, Object(Config\Cache), false)
#5 C:\xampp\htdocs\Web-Hr\public\index.php(44): CodeIgniter\CodeIgniter->run()
#6 C:\xampp\htdocs\Web-Hr\system\Commands\Server\rewrite.php(45): require_once('C:\\xampp\\htdocs...')
#7 {main}
CRITICAL - 2021-03-30 02:06:41 --> Too few arguments to function App\Controllers\Admin::saveSetting(), 0 passed in C:\xampp\htdocs\Web-Hr\system\CodeIgniter.php on line 936 and exactly 1 expected
#0 C:\xampp\htdocs\Web-Hr\system\CodeIgniter.php(936): App\Controllers\Admin->saveSetting()
#1 C:\xampp\htdocs\Web-Hr\system\CodeIgniter.php(432): CodeIgniter\CodeIgniter->runController(Object(App\Controllers\Admin))
#2 C:\xampp\htdocs\Web-Hr\system\CodeIgniter.php(333): CodeIgniter\CodeIgniter->handleRequest(NULL, Object(Config\Cache), false)
#3 C:\xampp\htdocs\Web-Hr\public\index.php(44): CodeIgniter\CodeIgniter->run()
#4 C:\xampp\htdocs\Web-Hr\system\Commands\Server\rewrite.php(45): require_once('C:\\xampp\\htdocs...')
#5 {main}
CRITICAL - 2021-03-30 02:09:00 --> unlink(./logo/1617085242_8cb1476841a7f5d950af.png): No such file or directory
#0 [internal function]: CodeIgniter\Debug\Exceptions->errorHandler(2, 'unlink(./logo/1...', 'C:\\xampp\\htdocs...', 54, Array)
#1 C:\xampp\htdocs\Web-Hr\app\Controllers\Admin.php(54): unlink('./logo/16170852...')
#2 C:\xampp\htdocs\Web-Hr\system\CodeIgniter.php(936): App\Controllers\Admin->saveSetting()
#3 C:\xampp\htdocs\Web-Hr\system\CodeIgniter.php(432): CodeIgniter\CodeIgniter->runController(Object(App\Controllers\Admin))
#4 C:\xampp\htdocs\Web-Hr\system\CodeIgniter.php(333): CodeIgniter\CodeIgniter->handleRequest(NULL, Object(Config\Cache), false)
#5 C:\xampp\htdocs\Web-Hr\public\index.php(44): CodeIgniter\CodeIgniter->run()
#6 C:\xampp\htdocs\Web-Hr\system\Commands\Server\rewrite.php(45): require_once('C:\\xampp\\htdocs...')
#7 {main}
CRITICAL - 2021-03-30 02:14:43 --> unlink(./logo/1617085242_8cb1476841a7f5d950af.png): No such file or directory
#0 [internal function]: CodeIgniter\Debug\Exceptions->errorHandler(2, 'unlink(./logo/1...', 'C:\\xampp\\htdocs...', 54, Array)
#1 C:\xampp\htdocs\Web-Hr\app\Controllers\Admin.php(54): unlink('./logo/16170852...')
#2 C:\xampp\htdocs\Web-Hr\system\CodeIgniter.php(936): App\Controllers\Admin->saveSetting()
#3 C:\xampp\htdocs\Web-Hr\system\CodeIgniter.php(432): CodeIgniter\CodeIgniter->runController(Object(App\Controllers\Admin))
#4 C:\xampp\htdocs\Web-Hr\system\CodeIgniter.php(333): CodeIgniter\CodeIgniter->handleRequest(NULL, Object(Config\Cache), false)
#5 C:\xampp\htdocs\Web-Hr\public\index.php(44): CodeIgniter\CodeIgniter->run()
#6 C:\xampp\htdocs\Web-Hr\system\Commands\Server\rewrite.php(45): require_once('C:\\xampp\\htdocs...')
#7 {main}
CRITICAL - 2021-03-30 02:24:13 --> unlink(./logo/1617085242_8cb1476841a7f5d950af.png): No such file or directory
#0 [internal function]: CodeIgniter\Debug\Exceptions->errorHandler(2, 'unlink(./logo/1...', 'C:\\xampp\\htdocs...', 54, Array)
#1 C:\xampp\htdocs\Web-Hr\app\Controllers\Admin.php(54): unlink('./logo/16170852...')
#2 C:\xampp\htdocs\Web-Hr\system\CodeIgniter.php(936): App\Controllers\Admin->saveSetting()
#3 C:\xampp\htdocs\Web-Hr\system\CodeIgniter.php(432): CodeIgniter\CodeIgniter->runController(Object(App\Controllers\Admin))
#4 C:\xampp\htdocs\Web-Hr\system\CodeIgniter.php(333): CodeIgniter\CodeIgniter->handleRequest(NULL, Object(Config\Cache), false)
#5 C:\xampp\htdocs\Web-Hr\public\index.php(44): CodeIgniter\CodeIgniter->run()
#6 C:\xampp\htdocs\Web-Hr\system\Commands\Server\rewrite.php(45): require_once('C:\\xampp\\htdocs...')
#7 {main}
CRITICAL - 2021-03-30 02:26:24 --> unlink(./logo/1617085242_8cb1476841a7f5d950af.png): No such file or directory
#0 [internal function]: CodeIgniter\Debug\Exceptions->errorHandler(2, 'unlink(./logo/1...', 'C:\\xampp\\htdocs...', 54, Array)
#1 C:\xampp\htdocs\Web-Hr\app\Controllers\Admin.php(54): unlink('./logo/16170852...')
#2 C:\xampp\htdocs\Web-Hr\system\CodeIgniter.php(936): App\Controllers\Admin->saveSetting()
#3 C:\xampp\htdocs\Web-Hr\system\CodeIgniter.php(432): CodeIgniter\CodeIgniter->runController(Object(App\Controllers\Admin))
#4 C:\xampp\htdocs\Web-Hr\system\CodeIgniter.php(333): CodeIgniter\CodeIgniter->handleRequest(NULL, Object(Config\Cache), false)
#5 C:\xampp\htdocs\Web-Hr\public\index.php(44): CodeIgniter\CodeIgniter->run()
#6 C:\xampp\htdocs\Web-Hr\system\Commands\Server\rewrite.php(45): require_once('C:\\xampp\\htdocs...')
#7 {main}
