CRITICAL - 2021-04-13 00:23:19 --> Trying to access array offset on value of type null
#0 C:\xampp\htdocs\Web-Hr\app\Views\admin\daftar\v_detail.php(22): CodeIgniter\Debug\Exceptions->errorHandler(8, 'Trying to acces...', 'C:\\xampp\\htdocs...', 22, Array)
#1 C:\xampp\htdocs\Web-Hr\system\View\View.php(220): include('C:\\xampp\\htdocs...')
#2 C:\xampp\htdocs\Web-Hr\system\View\View.php(222): CodeIgniter\View\View->CodeIgniter\View\{closure}()
#3 C:\xampp\htdocs\Web-Hr\system\Common.php(1217): CodeIgniter\View\View->render('admin/daftar/v_...', Array, true)
#4 C:\xampp\htdocs\Web-Hr\app\Controllers\Daftar.php(53): view('admin/daftar/v_...', Array)
#5 C:\xampp\htdocs\Web-Hr\system\CodeIgniter.php(936): App\Controllers\Daftar->detailData('dist', 'img', 'user3-128x128.j...')
#6 C:\xampp\htdocs\Web-Hr\system\CodeIgniter.php(432): CodeIgniter\CodeIgniter->runController(Object(App\Controllers\Daftar))
#7 C:\xampp\htdocs\Web-Hr\system\CodeIgniter.php(333): CodeIgniter\CodeIgniter->handleRequest(NULL, Object(Config\Cache), false)
#8 C:\xampp\htdocs\Web-Hr\public\index.php(44): CodeIgniter\CodeIgniter->run()
#9 C:\xampp\htdocs\Web-Hr\system\Commands\Server\rewrite.php(45): require_once('C:\\xampp\\htdocs...')
#10 {main}
CRITICAL - 2021-04-13 00:23:19 --> Trying to access array offset on value of type null
#0 C:\xampp\htdocs\Web-Hr\app\Views\admin\daftar\v_detail.php(22): CodeIgniter\Debug\Exceptions->errorHandler(8, 'Trying to acces...', 'C:\\xampp\\htdocs...', 22, Array)
#1 C:\xampp\htdocs\Web-Hr\system\View\View.php(220): include('C:\\xampp\\htdocs...')
#2 C:\xampp\htdocs\Web-Hr\system\View\View.php(222): CodeIgniter\View\View->CodeIgniter\View\{closure}()
#3 C:\xampp\htdocs\Web-Hr\system\Common.php(1217): CodeIgniter\View\View->render('admin/daftar/v_...', Array, true)
#4 C:\xampp\htdocs\Web-Hr\app\Controllers\Daftar.php(53): view('admin/daftar/v_...', Array)
#5 C:\xampp\htdocs\Web-Hr\system\CodeIgniter.php(936): App\Controllers\Daftar->detailData('dist', 'img', 'user4-128x128.j...')
#6 C:\xampp\htdocs\Web-Hr\system\CodeIgniter.php(432): CodeIgniter\CodeIgniter->runController(Object(App\Controllers\Daftar))
#7 C:\xampp\htdocs\Web-Hr\system\CodeIgniter.php(333): CodeIgniter\CodeIgniter->handleRequest(NULL, Object(Config\Cache), false)
#8 C:\xampp\htdocs\Web-Hr\public\index.php(44): CodeIgniter\CodeIgniter->run()
#9 C:\xampp\htdocs\Web-Hr\system\Commands\Server\rewrite.php(45): require_once('C:\\xampp\\htdocs...')
#10 {main}
CRITICAL - 2021-04-13 03:27:59 --> Undefined variable: user
#0 C:\xampp\htdocs\Web-Hr\app\Views\admin\daftar\v_laporan.php(46): CodeIgniter\Debug\Exceptions->errorHandler(8, 'Undefined varia...', 'C:\\xampp\\htdocs...', 46, Array)
#1 C:\xampp\htdocs\Web-Hr\system\View\View.php(220): include('C:\\xampp\\htdocs...')
#2 C:\xampp\htdocs\Web-Hr\system\View\View.php(222): CodeIgniter\View\View->CodeIgniter\View\{closure}()
#3 C:\xampp\htdocs\Web-Hr\system\Common.php(1217): CodeIgniter\View\View->render('admin/daftar/v_...', Array, true)
#4 C:\xampp\htdocs\Web-Hr\app\Controllers\Daftar.php(85): view('admin/daftar/v_...', Array)
#5 C:\xampp\htdocs\Web-Hr\system\CodeIgniter.php(936): App\Controllers\Daftar->laporan()
#6 C:\xampp\htdocs\Web-Hr\system\CodeIgniter.php(432): CodeIgniter\CodeIgniter->runController(Object(App\Controllers\Daftar))
#7 C:\xampp\htdocs\Web-Hr\system\CodeIgniter.php(333): CodeIgniter\CodeIgniter->handleRequest(NULL, Object(Config\Cache), false)
#8 C:\xampp\htdocs\Web-Hr\public\index.php(44): CodeIgniter\CodeIgniter->run()
#9 C:\xampp\htdocs\Web-Hr\system\Commands\Server\rewrite.php(45): require_once('C:\\xampp\\htdocs...')
#10 {main}
CRITICAL - 2021-04-13 03:29:51 --> Undefined variable: daftar
#0 C:\xampp\htdocs\Web-Hr\app\Views\admin\daftar\v_laporan.php(46): CodeIgniter\Debug\Exceptions->errorHandler(8, 'Undefined varia...', 'C:\\xampp\\htdocs...', 46, Array)
#1 C:\xampp\htdocs\Web-Hr\system\View\View.php(220): include('C:\\xampp\\htdocs...')
#2 C:\xampp\htdocs\Web-Hr\system\View\View.php(222): CodeIgniter\View\View->CodeIgniter\View\{closure}()
#3 C:\xampp\htdocs\Web-Hr\system\Common.php(1217): CodeIgniter\View\View->render('admin/daftar/v_...', Array, true)
#4 C:\xampp\htdocs\Web-Hr\app\Controllers\Daftar.php(85): view('admin/daftar/v_...', Array)
#5 C:\xampp\htdocs\Web-Hr\system\CodeIgniter.php(936): App\Controllers\Daftar->laporan()
#6 C:\xampp\htdocs\Web-Hr\system\CodeIgniter.php(432): CodeIgniter\CodeIgniter->runController(Object(App\Controllers\Daftar))
#7 C:\xampp\htdocs\Web-Hr\system\CodeIgniter.php(333): CodeIgniter\CodeIgniter->handleRequest(NULL, Object(Config\Cache), false)
#8 C:\xampp\htdocs\Web-Hr\public\index.php(44): CodeIgniter\CodeIgniter->run()
#9 C:\xampp\htdocs\Web-Hr\system\Commands\Server\rewrite.php(45): require_once('C:\\xampp\\htdocs...')
#10 {main}
CRITICAL - 2021-04-13 03:30:09 --> Undefined variable: laporan
#0 C:\xampp\htdocs\Web-Hr\app\Views\admin\daftar\v_laporan.php(46): CodeIgniter\Debug\Exceptions->errorHandler(8, 'Undefined varia...', 'C:\\xampp\\htdocs...', 46, Array)
#1 C:\xampp\htdocs\Web-Hr\system\View\View.php(220): include('C:\\xampp\\htdocs...')
#2 C:\xampp\htdocs\Web-Hr\system\View\View.php(222): CodeIgniter\View\View->CodeIgniter\View\{closure}()
#3 C:\xampp\htdocs\Web-Hr\system\Common.php(1217): CodeIgniter\View\View->render('admin/daftar/v_...', Array, true)
#4 C:\xampp\htdocs\Web-Hr\app\Controllers\Daftar.php(85): view('admin/daftar/v_...', Array)
#5 C:\xampp\htdocs\Web-Hr\system\CodeIgniter.php(936): App\Controllers\Daftar->laporan()
#6 C:\xampp\htdocs\Web-Hr\system\CodeIgniter.php(432): CodeIgniter\CodeIgniter->runController(Object(App\Controllers\Daftar))
#7 C:\xampp\htdocs\Web-Hr\system\CodeIgniter.php(333): CodeIgniter\CodeIgniter->handleRequest(NULL, Object(Config\Cache), false)
#8 C:\xampp\htdocs\Web-Hr\public\index.php(44): CodeIgniter\CodeIgniter->run()
#9 C:\xampp\htdocs\Web-Hr\system\Commands\Server\rewrite.php(45): require_once('C:\\xampp\\htdocs...')
#10 {main}
CRITICAL - 2021-04-13 03:33:16 --> Undefined index: id_calkar
#0 C:\xampp\htdocs\Web-Hr\app\Views\admin\daftar\v_laporan.php(53): CodeIgniter\Debug\Exceptions->errorHandler(8, 'Undefined index...', 'C:\\xampp\\htdocs...', 53, Array)
#1 C:\xampp\htdocs\Web-Hr\system\View\View.php(220): include('C:\\xampp\\htdocs...')
#2 C:\xampp\htdocs\Web-Hr\system\View\View.php(222): CodeIgniter\View\View->CodeIgniter\View\{closure}()
#3 C:\xampp\htdocs\Web-Hr\system\Common.php(1217): CodeIgniter\View\View->render('admin/daftar/v_...', Array, true)
#4 C:\xampp\htdocs\Web-Hr\app\Controllers\Daftar.php(85): view('admin/daftar/v_...', Array)
#5 C:\xampp\htdocs\Web-Hr\system\CodeIgniter.php(936): App\Controllers\Daftar->laporan()
#6 C:\xampp\htdocs\Web-Hr\system\CodeIgniter.php(432): CodeIgniter\CodeIgniter->runController(Object(App\Controllers\Daftar))
#7 C:\xampp\htdocs\Web-Hr\system\CodeIgniter.php(333): CodeIgniter\CodeIgniter->handleRequest(NULL, Object(Config\Cache), false)
#8 C:\xampp\htdocs\Web-Hr\public\index.php(44): CodeIgniter\CodeIgniter->run()
#9 C:\xampp\htdocs\Web-Hr\system\Commands\Server\rewrite.php(45): require_once('C:\\xampp\\htdocs...')
#10 {main}
CRITICAL - 2021-04-13 03:34:50 --> Undefined index: nama_user
#0 C:\xampp\htdocs\Web-Hr\app\Views\admin\daftar\v_laporan.php(49): CodeIgniter\Debug\Exceptions->errorHandler(8, 'Undefined index...', 'C:\\xampp\\htdocs...', 49, Array)
#1 C:\xampp\htdocs\Web-Hr\system\View\View.php(220): include('C:\\xampp\\htdocs...')
#2 C:\xampp\htdocs\Web-Hr\system\View\View.php(222): CodeIgniter\View\View->CodeIgniter\View\{closure}()
#3 C:\xampp\htdocs\Web-Hr\system\Common.php(1217): CodeIgniter\View\View->render('admin/daftar/v_...', Array, true)
#4 C:\xampp\htdocs\Web-Hr\app\Controllers\Daftar.php(85): view('admin/daftar/v_...', Array)
#5 C:\xampp\htdocs\Web-Hr\system\CodeIgniter.php(936): App\Controllers\Daftar->laporan()
#6 C:\xampp\htdocs\Web-Hr\system\CodeIgniter.php(432): CodeIgniter\CodeIgniter->runController(Object(App\Controllers\Daftar))
#7 C:\xampp\htdocs\Web-Hr\system\CodeIgniter.php(333): CodeIgniter\CodeIgniter->handleRequest(NULL, Object(Config\Cache), false)
#8 C:\xampp\htdocs\Web-Hr\public\index.php(44): CodeIgniter\CodeIgniter->run()
#9 C:\xampp\htdocs\Web-Hr\system\Commands\Server\rewrite.php(45): require_once('C:\\xampp\\htdocs...')
#10 {main}
CRITICAL - 2021-04-13 03:37:52 --> Too few arguments to function App\Controllers\Daftar::laporan(), 0 passed in C:\xampp\htdocs\Web-Hr\system\CodeIgniter.php on line 936 and exactly 1 expected
#0 C:\xampp\htdocs\Web-Hr\system\CodeIgniter.php(936): App\Controllers\Daftar->laporan()
#1 C:\xampp\htdocs\Web-Hr\system\CodeIgniter.php(432): CodeIgniter\CodeIgniter->runController(Object(App\Controllers\Daftar))
#2 C:\xampp\htdocs\Web-Hr\system\CodeIgniter.php(333): CodeIgniter\CodeIgniter->handleRequest(NULL, Object(Config\Cache), false)
#3 C:\xampp\htdocs\Web-Hr\public\index.php(44): CodeIgniter\CodeIgniter->run()
#4 C:\xampp\htdocs\Web-Hr\system\Commands\Server\rewrite.php(45): require_once('C:\\xampp\\htdocs...')
#5 {main}
CRITICAL - 2021-04-13 09:27:08 --> Trying to access array offset on value of type null
#0 C:\xampp\htdocs\Web-Hr\app\Views\admin\daftar\v_detail.php(22): CodeIgniter\Debug\Exceptions->errorHandler(8, 'Trying to acces...', 'C:\\xampp\\htdocs...', 22, Array)
#1 C:\xampp\htdocs\Web-Hr\system\View\View.php(220): include('C:\\xampp\\htdocs...')
#2 C:\xampp\htdocs\Web-Hr\system\View\View.php(222): CodeIgniter\View\View->CodeIgniter\View\{closure}()
#3 C:\xampp\htdocs\Web-Hr\system\Common.php(1217): CodeIgniter\View\View->render('admin/daftar/v_...', Array, true)
#4 C:\xampp\htdocs\Web-Hr\app\Controllers\Daftar.php(53): view('admin/daftar/v_...', Array)
#5 C:\xampp\htdocs\Web-Hr\system\CodeIgniter.php(936): App\Controllers\Daftar->detailData('dist', 'img', 'user3-128x128.j...')
#6 C:\xampp\htdocs\Web-Hr\system\CodeIgniter.php(432): CodeIgniter\CodeIgniter->runController(Object(App\Controllers\Daftar))
#7 C:\xampp\htdocs\Web-Hr\system\CodeIgniter.php(333): CodeIgniter\CodeIgniter->handleRequest(NULL, Object(Config\Cache), false)
#8 C:\xampp\htdocs\Web-Hr\public\index.php(44): CodeIgniter\CodeIgniter->run()
#9 C:\xampp\htdocs\Web-Hr\system\Commands\Server\rewrite.php(45): require_once('C:\\xampp\\htdocs...')
#10 {main}
CRITICAL - 2021-04-13 09:27:08 --> Trying to access array offset on value of type null
#0 C:\xampp\htdocs\Web-Hr\app\Views\admin\daftar\v_detail.php(22): CodeIgniter\Debug\Exceptions->errorHandler(8, 'Trying to acces...', 'C:\\xampp\\htdocs...', 22, Array)
#1 C:\xampp\htdocs\Web-Hr\system\View\View.php(220): include('C:\\xampp\\htdocs...')
#2 C:\xampp\htdocs\Web-Hr\system\View\View.php(222): CodeIgniter\View\View->CodeIgniter\View\{closure}()
#3 C:\xampp\htdocs\Web-Hr\system\Common.php(1217): CodeIgniter\View\View->render('admin/daftar/v_...', Array, true)
#4 C:\xampp\htdocs\Web-Hr\app\Controllers\Daftar.php(53): view('admin/daftar/v_...', Array)
#5 C:\xampp\htdocs\Web-Hr\system\CodeIgniter.php(936): App\Controllers\Daftar->detailData('dist', 'img', 'user4-128x128.j...')
#6 C:\xampp\htdocs\Web-Hr\system\CodeIgniter.php(432): CodeIgniter\CodeIgniter->runController(Object(App\Controllers\Daftar))
#7 C:\xampp\htdocs\Web-Hr\system\CodeIgniter.php(333): CodeIgniter\CodeIgniter->handleRequest(NULL, Object(Config\Cache), false)
#8 C:\xampp\htdocs\Web-Hr\public\index.php(44): CodeIgniter\CodeIgniter->run()
#9 C:\xampp\htdocs\Web-Hr\system\Commands\Server\rewrite.php(45): require_once('C:\\xampp\\htdocs...')
#10 {main}
CRITICAL - 2021-04-13 10:21:31 --> Trying to access array offset on value of type null
#0 C:\xampp\htdocs\Web-Hr\app\Views\admin\daftar\v_detail.php(22): CodeIgniter\Debug\Exceptions->errorHandler(8, 'Trying to acces...', 'C:\\xampp\\htdocs...', 22, Array)
#1 C:\xampp\htdocs\Web-Hr\system\View\View.php(220): include('C:\\xampp\\htdocs...')
#2 C:\xampp\htdocs\Web-Hr\system\View\View.php(222): CodeIgniter\View\View->CodeIgniter\View\{closure}()
#3 C:\xampp\htdocs\Web-Hr\system\Common.php(1217): CodeIgniter\View\View->render('admin/daftar/v_...', Array, true)
#4 C:\xampp\htdocs\Web-Hr\app\Controllers\Daftar.php(53): view('admin/daftar/v_...', Array)
#5 C:\xampp\htdocs\Web-Hr\system\CodeIgniter.php(936): App\Controllers\Daftar->detailData('dist', 'img', 'user3-128x128.j...')
#6 C:\xampp\htdocs\Web-Hr\system\CodeIgniter.php(432): CodeIgniter\CodeIgniter->runController(Object(App\Controllers\Daftar))
#7 C:\xampp\htdocs\Web-Hr\system\CodeIgniter.php(333): CodeIgniter\CodeIgniter->handleRequest(NULL, Object(Config\Cache), false)
#8 C:\xampp\htdocs\Web-Hr\public\index.php(44): CodeIgniter\CodeIgniter->run()
#9 C:\xampp\htdocs\Web-Hr\system\Commands\Server\rewrite.php(45): require_once('C:\\xampp\\htdocs...')
#10 {main}
CRITICAL - 2021-04-13 10:21:31 --> Trying to access array offset on value of type null
#0 C:\xampp\htdocs\Web-Hr\app\Views\admin\daftar\v_detail.php(22): CodeIgniter\Debug\Exceptions->errorHandler(8, 'Trying to acces...', 'C:\\xampp\\htdocs...', 22, Array)
#1 C:\xampp\htdocs\Web-Hr\system\View\View.php(220): include('C:\\xampp\\htdocs...')
#2 C:\xampp\htdocs\Web-Hr\system\View\View.php(222): CodeIgniter\View\View->CodeIgniter\View\{closure}()
#3 C:\xampp\htdocs\Web-Hr\system\Common.php(1217): CodeIgniter\View\View->render('admin/daftar/v_...', Array, true)
#4 C:\xampp\htdocs\Web-Hr\app\Controllers\Daftar.php(53): view('admin/daftar/v_...', Array)
#5 C:\xampp\htdocs\Web-Hr\system\CodeIgniter.php(936): App\Controllers\Daftar->detailData('dist', 'img', 'user4-128x128.j...')
#6 C:\xampp\htdocs\Web-Hr\system\CodeIgniter.php(432): CodeIgniter\CodeIgniter->runController(Object(App\Controllers\Daftar))
#7 C:\xampp\htdocs\Web-Hr\system\CodeIgniter.php(333): CodeIgniter\CodeIgniter->handleRequest(NULL, Object(Config\Cache), false)
#8 C:\xampp\htdocs\Web-Hr\public\index.php(44): CodeIgniter\CodeIgniter->run()
#9 C:\xampp\htdocs\Web-Hr\system\Commands\Server\rewrite.php(45): require_once('C:\\xampp\\htdocs...')
#10 {main}
CRITICAL - 2021-04-13 10:38:20 --> Trying to access array offset on value of type null
#0 C:\xampp\htdocs\Web-Hr\app\Views\admin\daftar\v_detail.php(22): CodeIgniter\Debug\Exceptions->errorHandler(8, 'Trying to acces...', 'C:\\xampp\\htdocs...', 22, Array)
#1 C:\xampp\htdocs\Web-Hr\system\View\View.php(220): include('C:\\xampp\\htdocs...')
#2 C:\xampp\htdocs\Web-Hr\system\View\View.php(222): CodeIgniter\View\View->CodeIgniter\View\{closure}()
#3 C:\xampp\htdocs\Web-Hr\system\Common.php(1217): CodeIgniter\View\View->render('admin/daftar/v_...', Array, true)
#4 C:\xampp\htdocs\Web-Hr\app\Controllers\Daftar.php(53): view('admin/daftar/v_...', Array)
#5 C:\xampp\htdocs\Web-Hr\system\CodeIgniter.php(936): App\Controllers\Daftar->detailData('dist', 'img', 'user3-128x128.j...')
#6 C:\xampp\htdocs\Web-Hr\system\CodeIgniter.php(432): CodeIgniter\CodeIgniter->runController(Object(App\Controllers\Daftar))
#7 C:\xampp\htdocs\Web-Hr\system\CodeIgniter.php(333): CodeIgniter\CodeIgniter->handleRequest(NULL, Object(Config\Cache), false)
#8 C:\xampp\htdocs\Web-Hr\public\index.php(44): CodeIgniter\CodeIgniter->run()
#9 C:\xampp\htdocs\Web-Hr\system\Commands\Server\rewrite.php(45): require_once('C:\\xampp\\htdocs...')
#10 {main}
CRITICAL - 2021-04-13 10:38:20 --> Trying to access array offset on value of type null
#0 C:\xampp\htdocs\Web-Hr\app\Views\admin\daftar\v_detail.php(22): CodeIgniter\Debug\Exceptions->errorHandler(8, 'Trying to acces...', 'C:\\xampp\\htdocs...', 22, Array)
#1 C:\xampp\htdocs\Web-Hr\system\View\View.php(220): include('C:\\xampp\\htdocs...')
#2 C:\xampp\htdocs\Web-Hr\system\View\View.php(222): CodeIgniter\View\View->CodeIgniter\View\{closure}()
#3 C:\xampp\htdocs\Web-Hr\system\Common.php(1217): CodeIgniter\View\View->render('admin/daftar/v_...', Array, true)
#4 C:\xampp\htdocs\Web-Hr\app\Controllers\Daftar.php(53): view('admin/daftar/v_...', Array)
#5 C:\xampp\htdocs\Web-Hr\system\CodeIgniter.php(936): App\Controllers\Daftar->detailData('dist', 'img', 'user4-128x128.j...')
#6 C:\xampp\htdocs\Web-Hr\system\CodeIgniter.php(432): CodeIgniter\CodeIgniter->runController(Object(App\Controllers\Daftar))
#7 C:\xampp\htdocs\Web-Hr\system\CodeIgniter.php(333): CodeIgniter\CodeIgniter->handleRequest(NULL, Object(Config\Cache), false)
#8 C:\xampp\htdocs\Web-Hr\public\index.php(44): CodeIgniter\CodeIgniter->run()
#9 C:\xampp\htdocs\Web-Hr\system\Commands\Server\rewrite.php(45): require_once('C:\\xampp\\htdocs...')
#10 {main}
CRITICAL - 2021-04-13 11:24:30 --> Undefined variable: value
#0 C:\xampp\htdocs\Web-Hr\app\Views\admin\daftar\v_cetaklaporan.php(59): CodeIgniter\Debug\Exceptions->errorHandler(8, 'Undefined varia...', 'C:\\xampp\\htdocs...', 59, Array)
#1 C:\xampp\htdocs\Web-Hr\system\View\View.php(220): include('C:\\xampp\\htdocs...')
#2 C:\xampp\htdocs\Web-Hr\system\View\View.php(222): CodeIgniter\View\View->CodeIgniter\View\{closure}()
#3 C:\xampp\htdocs\Web-Hr\system\Common.php(1217): CodeIgniter\View\View->render('admin/daftar/v_...', Array, true)
#4 C:\xampp\htdocs\Web-Hr\app\Controllers\Daftar.php(98): view('admin/daftar/v_...', Array)
#5 C:\xampp\htdocs\Web-Hr\system\CodeIgniter.php(936): App\Controllers\Daftar->cetakLaporan('2')
#6 C:\xampp\htdocs\Web-Hr\system\CodeIgniter.php(432): CodeIgniter\CodeIgniter->runController(Object(App\Controllers\Daftar))
#7 C:\xampp\htdocs\Web-Hr\system\CodeIgniter.php(333): CodeIgniter\CodeIgniter->handleRequest(NULL, Object(Config\Cache), false)
#8 C:\xampp\htdocs\Web-Hr\public\index.php(44): CodeIgniter\CodeIgniter->run()
#9 C:\xampp\htdocs\Web-Hr\system\Commands\Server\rewrite.php(45): require_once('C:\\xampp\\htdocs...')
#10 {main}
CRITICAL - 2021-04-13 11:25:25 --> Undefined index: nama_lengkap
#0 C:\xampp\htdocs\Web-Hr\app\Views\admin\daftar\v_cetaklaporan.php(59): CodeIgniter\Debug\Exceptions->errorHandler(8, 'Undefined index...', 'C:\\xampp\\htdocs...', 59, Array)
#1 C:\xampp\htdocs\Web-Hr\system\View\View.php(220): include('C:\\xampp\\htdocs...')
#2 C:\xampp\htdocs\Web-Hr\system\View\View.php(222): CodeIgniter\View\View->CodeIgniter\View\{closure}()
#3 C:\xampp\htdocs\Web-Hr\system\Common.php(1217): CodeIgniter\View\View->render('admin/daftar/v_...', Array, true)
#4 C:\xampp\htdocs\Web-Hr\app\Controllers\Daftar.php(98): view('admin/daftar/v_...', Array)
#5 C:\xampp\htdocs\Web-Hr\system\CodeIgniter.php(936): App\Controllers\Daftar->cetakLaporan('2')
#6 C:\xampp\htdocs\Web-Hr\system\CodeIgniter.php(432): CodeIgniter\CodeIgniter->runController(Object(App\Controllers\Daftar))
#7 C:\xampp\htdocs\Web-Hr\system\CodeIgniter.php(333): CodeIgniter\CodeIgniter->handleRequest(NULL, Object(Config\Cache), false)
#8 C:\xampp\htdocs\Web-Hr\public\index.php(44): CodeIgniter\CodeIgniter->run()
#9 C:\xampp\htdocs\Web-Hr\system\Commands\Server\rewrite.php(45): require_once('C:\\xampp\\htdocs...')
#10 {main}
CRITICAL - 2021-04-13 11:25:29 --> Undefined index: nama_lengkap
#0 C:\xampp\htdocs\Web-Hr\app\Views\admin\daftar\v_cetaklaporan.php(59): CodeIgniter\Debug\Exceptions->errorHandler(8, 'Undefined index...', 'C:\\xampp\\htdocs...', 59, Array)
#1 C:\xampp\htdocs\Web-Hr\system\View\View.php(220): include('C:\\xampp\\htdocs...')
#2 C:\xampp\htdocs\Web-Hr\system\View\View.php(222): CodeIgniter\View\View->CodeIgniter\View\{closure}()
#3 C:\xampp\htdocs\Web-Hr\system\Common.php(1217): CodeIgniter\View\View->render('admin/daftar/v_...', Array, true)
#4 C:\xampp\htdocs\Web-Hr\app\Controllers\Daftar.php(98): view('admin/daftar/v_...', Array)
#5 C:\xampp\htdocs\Web-Hr\system\CodeIgniter.php(936): App\Controllers\Daftar->cetakLaporan('2')
#6 C:\xampp\htdocs\Web-Hr\system\CodeIgniter.php(432): CodeIgniter\CodeIgniter->runController(Object(App\Controllers\Daftar))
#7 C:\xampp\htdocs\Web-Hr\system\CodeIgniter.php(333): CodeIgniter\CodeIgniter->handleRequest(NULL, Object(Config\Cache), false)
#8 C:\xampp\htdocs\Web-Hr\public\index.php(44): CodeIgniter\CodeIgniter->run()
#9 C:\xampp\htdocs\Web-Hr\system\Commands\Server\rewrite.php(45): require_once('C:\\xampp\\htdocs...')
#10 {main}
CRITICAL - 2021-04-13 11:26:50 --> Undefined index: alamat
#0 C:\xampp\htdocs\Web-Hr\app\Views\admin\daftar\v_cetaklaporan.php(60): CodeIgniter\Debug\Exceptions->errorHandler(8, 'Undefined index...', 'C:\\xampp\\htdocs...', 60, Array)
#1 C:\xampp\htdocs\Web-Hr\system\View\View.php(220): include('C:\\xampp\\htdocs...')
#2 C:\xampp\htdocs\Web-Hr\system\View\View.php(222): CodeIgniter\View\View->CodeIgniter\View\{closure}()
#3 C:\xampp\htdocs\Web-Hr\system\Common.php(1217): CodeIgniter\View\View->render('admin/daftar/v_...', Array, true)
#4 C:\xampp\htdocs\Web-Hr\app\Controllers\Daftar.php(98): view('admin/daftar/v_...', Array)
#5 C:\xampp\htdocs\Web-Hr\system\CodeIgniter.php(936): App\Controllers\Daftar->cetakLaporan('2')
#6 C:\xampp\htdocs\Web-Hr\system\CodeIgniter.php(432): CodeIgniter\CodeIgniter->runController(Object(App\Controllers\Daftar))
#7 C:\xampp\htdocs\Web-Hr\system\CodeIgniter.php(333): CodeIgniter\CodeIgniter->handleRequest(NULL, Object(Config\Cache), false)
#8 C:\xampp\htdocs\Web-Hr\public\index.php(44): CodeIgniter\CodeIgniter->run()
#9 C:\xampp\htdocs\Web-Hr\system\Commands\Server\rewrite.php(45): require_once('C:\\xampp\\htdocs...')
#10 {main}
CRITICAL - 2021-04-13 21:38:02 --> Trying to access array offset on value of type null
#0 C:\xampp\htdocs\Web-Hr\app\Views\admin\daftar\v_detail.php(22): CodeIgniter\Debug\Exceptions->errorHandler(8, 'Trying to acces...', 'C:\\xampp\\htdocs...', 22, Array)
#1 C:\xampp\htdocs\Web-Hr\system\View\View.php(220): include('C:\\xampp\\htdocs...')
#2 C:\xampp\htdocs\Web-Hr\system\View\View.php(222): CodeIgniter\View\View->CodeIgniter\View\{closure}()
#3 C:\xampp\htdocs\Web-Hr\system\Common.php(1217): CodeIgniter\View\View->render('admin/daftar/v_...', Array, true)
#4 C:\xampp\htdocs\Web-Hr\app\Controllers\Daftar.php(55): view('admin/daftar/v_...', Array)
#5 C:\xampp\htdocs\Web-Hr\system\CodeIgniter.php(936): App\Controllers\Daftar->detailData('dist', 'img', 'user3-128x128.j...')
#6 C:\xampp\htdocs\Web-Hr\system\CodeIgniter.php(432): CodeIgniter\CodeIgniter->runController(Object(App\Controllers\Daftar))
#7 C:\xampp\htdocs\Web-Hr\system\CodeIgniter.php(333): CodeIgniter\CodeIgniter->handleRequest(NULL, Object(Config\Cache), false)
#8 C:\xampp\htdocs\Web-Hr\public\index.php(44): CodeIgniter\CodeIgniter->run()
#9 C:\xampp\htdocs\Web-Hr\system\Commands\Server\rewrite.php(45): require_once('C:\\xampp\\htdocs...')
#10 {main}
CRITICAL - 2021-04-13 21:38:02 --> Trying to access array offset on value of type null
#0 C:\xampp\htdocs\Web-Hr\app\Views\admin\daftar\v_detail.php(22): CodeIgniter\Debug\Exceptions->errorHandler(8, 'Trying to acces...', 'C:\\xampp\\htdocs...', 22, Array)
#1 C:\xampp\htdocs\Web-Hr\system\View\View.php(220): include('C:\\xampp\\htdocs...')
#2 C:\xampp\htdocs\Web-Hr\system\View\View.php(222): CodeIgniter\View\View->CodeIgniter\View\{closure}()
#3 C:\xampp\htdocs\Web-Hr\system\Common.php(1217): CodeIgniter\View\View->render('admin/daftar/v_...', Array, true)
#4 C:\xampp\htdocs\Web-Hr\app\Controllers\Daftar.php(55): view('admin/daftar/v_...', Array)
#5 C:\xampp\htdocs\Web-Hr\system\CodeIgniter.php(936): App\Controllers\Daftar->detailData('dist', 'img', 'user4-128x128.j...')
#6 C:\xampp\htdocs\Web-Hr\system\CodeIgniter.php(432): CodeIgniter\CodeIgniter->runController(Object(App\Controllers\Daftar))
#7 C:\xampp\htdocs\Web-Hr\system\CodeIgniter.php(333): CodeIgniter\CodeIgniter->handleRequest(NULL, Object(Config\Cache), false)
#8 C:\xampp\htdocs\Web-Hr\public\index.php(44): CodeIgniter\CodeIgniter->run()
#9 C:\xampp\htdocs\Web-Hr\system\Commands\Server\rewrite.php(45): require_once('C:\\xampp\\htdocs...')
#10 {main}
CRITICAL - 2021-04-13 22:10:03 --> Trying to access array offset on value of type null
#0 C:\xampp\htdocs\Web-Hr\app\Views\calkar\v_formulir.php(5): CodeIgniter\Debug\Exceptions->errorHandler(8, 'Trying to acces...', 'C:\\xampp\\htdocs...', 5, Array)
#1 C:\xampp\htdocs\Web-Hr\system\View\View.php(220): include('C:\\xampp\\htdocs...')
#2 C:\xampp\htdocs\Web-Hr\system\View\View.php(222): CodeIgniter\View\View->CodeIgniter\View\{closure}()
#3 C:\xampp\htdocs\Web-Hr\system\Common.php(1217): CodeIgniter\View\View->render('calkar/v_formul...', Array, true)
#4 C:\xampp\htdocs\Web-Hr\app\Controllers\Calkar.php(34): view('calkar/v_formul...', Array)
#5 C:\xampp\htdocs\Web-Hr\system\CodeIgniter.php(936): App\Controllers\Calkar->index()
#6 C:\xampp\htdocs\Web-Hr\system\CodeIgniter.php(432): CodeIgniter\CodeIgniter->runController(Object(App\Controllers\Calkar))
#7 C:\xampp\htdocs\Web-Hr\system\CodeIgniter.php(333): CodeIgniter\CodeIgniter->handleRequest(NULL, Object(Config\Cache), false)
#8 C:\xampp\htdocs\Web-Hr\public\index.php(44): CodeIgniter\CodeIgniter->run()
#9 C:\xampp\htdocs\Web-Hr\system\Commands\Server\rewrite.php(45): require_once('C:\\xampp\\htdocs...')
#10 {main}
CRITICAL - 2021-04-13 22:10:03 --> Trying to access array offset on value of type null
#0 C:\xampp\htdocs\Web-Hr\app\Views\calkar\v_formulir.php(5): CodeIgniter\Debug\Exceptions->errorHandler(8, 'Trying to acces...', 'C:\\xampp\\htdocs...', 5, Array)
#1 C:\xampp\htdocs\Web-Hr\system\View\View.php(220): include('C:\\xampp\\htdocs...')
#2 C:\xampp\htdocs\Web-Hr\system\View\View.php(222): CodeIgniter\View\View->CodeIgniter\View\{closure}()
#3 C:\xampp\htdocs\Web-Hr\system\Common.php(1217): CodeIgniter\View\View->render('calkar/v_formul...', Array, true)
#4 C:\xampp\htdocs\Web-Hr\app\Controllers\Calkar.php(34): view('calkar/v_formul...', Array)
#5 C:\xampp\htdocs\Web-Hr\system\CodeIgniter.php(936): App\Controllers\Calkar->index()
#6 C:\xampp\htdocs\Web-Hr\system\CodeIgniter.php(432): CodeIgniter\CodeIgniter->runController(Object(App\Controllers\Calkar))
#7 C:\xampp\htdocs\Web-Hr\system\CodeIgniter.php(333): CodeIgniter\CodeIgniter->handleRequest(NULL, Object(Config\Cache), false)
#8 C:\xampp\htdocs\Web-Hr\public\index.php(44): CodeIgniter\CodeIgniter->run()
#9 C:\xampp\htdocs\Web-Hr\system\Commands\Server\rewrite.php(45): require_once('C:\\xampp\\htdocs...')
#10 {main}
CRITICAL - 2021-04-13 22:10:10 --> Trying to access array offset on value of type null
#0 C:\xampp\htdocs\Web-Hr\app\Views\calkar\v_formulir.php(5): CodeIgniter\Debug\Exceptions->errorHandler(8, 'Trying to acces...', 'C:\\xampp\\htdocs...', 5, Array)
#1 C:\xampp\htdocs\Web-Hr\system\View\View.php(220): include('C:\\xampp\\htdocs...')
#2 C:\xampp\htdocs\Web-Hr\system\View\View.php(222): CodeIgniter\View\View->CodeIgniter\View\{closure}()
#3 C:\xampp\htdocs\Web-Hr\system\Common.php(1217): CodeIgniter\View\View->render('calkar/v_formul...', Array, true)
#4 C:\xampp\htdocs\Web-Hr\app\Controllers\Calkar.php(34): view('calkar/v_formul...', Array)
#5 C:\xampp\htdocs\Web-Hr\system\CodeIgniter.php(936): App\Controllers\Calkar->index()
#6 C:\xampp\htdocs\Web-Hr\system\CodeIgniter.php(432): CodeIgniter\CodeIgniter->runController(Object(App\Controllers\Calkar))
#7 C:\xampp\htdocs\Web-Hr\system\CodeIgniter.php(333): CodeIgniter\CodeIgniter->handleRequest(NULL, Object(Config\Cache), false)
#8 C:\xampp\htdocs\Web-Hr\public\index.php(44): CodeIgniter\CodeIgniter->run()
#9 C:\xampp\htdocs\Web-Hr\system\Commands\Server\rewrite.php(45): require_once('C:\\xampp\\htdocs...')
#10 {main}
CRITICAL - 2021-04-13 23:40:36 --> Trying to access array offset on value of type null
#0 C:\xampp\htdocs\Web-Hr\app\Views\template\template-frontend.php(122): CodeIgniter\Debug\Exceptions->errorHandler(8, 'Trying to acces...', 'C:\\xampp\\htdocs...', 122, Array)
#1 C:\xampp\htdocs\Web-Hr\system\View\View.php(220): include('C:\\xampp\\htdocs...')
#2 C:\xampp\htdocs\Web-Hr\system\View\View.php(222): CodeIgniter\View\View->CodeIgniter\View\{closure}()
#3 C:\xampp\htdocs\Web-Hr\system\View\View.php(236): CodeIgniter\View\View->render('template/templa...', Array, true)
#4 C:\xampp\htdocs\Web-Hr\system\Common.php(1217): CodeIgniter\View\View->render('v_home', Array, true)
#5 C:\xampp\htdocs\Web-Hr\app\Controllers\Home.php(25): view('v_home', Array)
#6 C:\xampp\htdocs\Web-Hr\system\CodeIgniter.php(936): App\Controllers\Home->index()
#7 C:\xampp\htdocs\Web-Hr\system\CodeIgniter.php(432): CodeIgniter\CodeIgniter->runController(Object(App\Controllers\Home))
#8 C:\xampp\htdocs\Web-Hr\system\CodeIgniter.php(333): CodeIgniter\CodeIgniter->handleRequest(NULL, Object(Config\Cache), false)
#9 C:\xampp\htdocs\Web-Hr\public\index.php(44): CodeIgniter\CodeIgniter->run()
#10 C:\xampp\htdocs\Web-Hr\system\Commands\Server\rewrite.php(45): require_once('C:\\xampp\\htdocs...')
#11 {main}
CRITICAL - 2021-04-13 23:49:27 --> Undefined variable: setting
#0 C:\xampp\htdocs\Web-Hr\app\Views\calkar\v_cetakberkas.php(38): CodeIgniter\Debug\Exceptions->errorHandler(8, 'Undefined varia...', 'C:\\xampp\\htdocs...', 38, Array)
#1 C:\xampp\htdocs\Web-Hr\system\View\View.php(220): include('C:\\xampp\\htdocs...')
#2 C:\xampp\htdocs\Web-Hr\system\View\View.php(222): CodeIgniter\View\View->CodeIgniter\View\{closure}()
#3 C:\xampp\htdocs\Web-Hr\system\Common.php(1217): CodeIgniter\View\View->render('calkar/v_cetakb...', Array, true)
#4 C:\xampp\htdocs\Web-Hr\app\Controllers\Calkar.php(194): view('calkar/v_cetakb...', Array)
#5 C:\xampp\htdocs\Web-Hr\system\CodeIgniter.php(936): App\Controllers\Calkar->cetak_berkas()
#6 C:\xampp\htdocs\Web-Hr\system\CodeIgniter.php(432): CodeIgniter\CodeIgniter->runController(Object(App\Controllers\Calkar))
#7 C:\xampp\htdocs\Web-Hr\system\CodeIgniter.php(333): CodeIgniter\CodeIgniter->handleRequest(NULL, Object(Config\Cache), false)
#8 C:\xampp\htdocs\Web-Hr\public\index.php(44): CodeIgniter\CodeIgniter->run()
#9 C:\xampp\htdocs\Web-Hr\system\Commands\Server\rewrite.php(45): require_once('C:\\xampp\\htdocs...')
#10 {main}
CRITICAL - 2021-04-13 23:52:37 --> Illegal string offset 'nama_lengkap'
#0 C:\xampp\htdocs\Web-Hr\app\Views\calkar\v_cetakberkas.php(77): CodeIgniter\Debug\Exceptions->errorHandler(2, 'Illegal string ...', 'C:\\xampp\\htdocs...', 77, Array)
#1 C:\xampp\htdocs\Web-Hr\system\View\View.php(220): include('C:\\xampp\\htdocs...')
#2 C:\xampp\htdocs\Web-Hr\system\View\View.php(222): CodeIgniter\View\View->CodeIgniter\View\{closure}()
#3 C:\xampp\htdocs\Web-Hr\system\Common.php(1217): CodeIgniter\View\View->render('calkar/v_cetakb...', Array, true)
#4 C:\xampp\htdocs\Web-Hr\app\Controllers\Calkar.php(197): view('calkar/v_cetakb...', Array)
#5 C:\xampp\htdocs\Web-Hr\system\CodeIgniter.php(936): App\Controllers\Calkar->cetak_berkas()
#6 C:\xampp\htdocs\Web-Hr\system\CodeIgniter.php(432): CodeIgniter\CodeIgniter->runController(Object(App\Controllers\Calkar))
#7 C:\xampp\htdocs\Web-Hr\system\CodeIgniter.php(333): CodeIgniter\CodeIgniter->handleRequest(NULL, Object(Config\Cache), false)
#8 C:\xampp\htdocs\Web-Hr\public\index.php(44): CodeIgniter\CodeIgniter->run()
#9 C:\xampp\htdocs\Web-Hr\system\Commands\Server\rewrite.php(45): require_once('C:\\xampp\\htdocs...')
#10 {main}
